21:12:41.626 T:139661281796864  NOTICE: special://profile/ is mapped to: special://masterprofile/
21:12:41.626 T:139661281796864  NOTICE: -----------------------------------------------------------------------
21:12:41.626 T:139661281796864  NOTICE: Starting Kodi from Debian (17.6 Debian package version: 2:17.6+dfsg1-4+b1). Platform: Linux x86 64-bit
21:12:41.626 T:139661281796864  NOTICE: Using Release Kodi from Debian x64 build
21:12:41.626 T:139661281796864  NOTICE: Kodi from Debian compiled from 2:17.6+dfsg1-4+b1 by GCC 8.2.0 for Linux x86 64-bit version 4.19.16 (267024)
21:12:41.626 T:139661281796864  NOTICE: Running on Debian GNU/Linux 10 (buster), kernel: Linux x86 64-bit version 4.19.0-10-amd64
21:12:41.626 T:139661281796864  NOTICE: FFmpeg version/source: 4.1.6-1~deb10u1
21:12:41.626 T:139661281796864  NOTICE: Host CPU: Intel(R) Core(TM) i3-2310M CPU @ 2.10GHz, 4 cores available
21:12:41.626 T:139661281796864  NOTICE: special://xbmc/ is mapped to: /usr/share/kodi
21:12:41.626 T:139661281796864  NOTICE: special://xbmcbin/ is mapped to: /usr/lib/x86_64-linux-gnu/kodi
21:12:41.626 T:139661281796864  NOTICE: special://xbmcbinaddons/ is mapped to: /usr/lib/x86_64-linux-gnu/kodi/addons
21:12:41.626 T:139661281796864  NOTICE: special://masterprofile/ is mapped to: /home/ccs/.kodi/userdata
21:12:41.626 T:139661281796864  NOTICE: special://envhome/ is mapped to: /home/ccs
21:12:41.626 T:139661281796864  NOTICE: special://home/ is mapped to: /home/ccs/.kodi
21:12:41.626 T:139661281796864  NOTICE: special://temp/ is mapped to: /home/ccs/.kodi/temp
21:12:41.626 T:139661281796864  NOTICE: special://logpath/ is mapped to: /home/ccs/.kodi/temp
21:12:41.626 T:139661281796864  NOTICE: The executable running is: /usr/lib/x86_64-linux-gnu/kodi/kodi.bin
21:12:41.626 T:139661281796864  NOTICE: Local hostname: loire
21:12:41.626 T:139661281796864  NOTICE: Log File is located: /home/ccs/.kodi/temp//kodi.log
21:12:41.626 T:139661281796864  NOTICE: -----------------------------------------------------------------------
21:12:41.681 T:139661281796864   ERROR: DBus: Error org.freedesktop.DBus.Error.InvalidArgs - Nenhuma propriedade “OnLowBattery”
21:12:41.683 T:139661281796864  NOTICE: load settings...
21:12:41.707 T:139661281796864  NOTICE: Found 1 Lists of Devices
21:12:41.707 T:139661281796864  NOTICE: Enumerated PULSE devices:
21:12:41.707 T:139661281796864  NOTICE:     Device 1
21:12:41.707 T:139661281796864  NOTICE:         m_deviceName      : Default
21:12:41.707 T:139661281796864  NOTICE:         m_displayName     : Default
21:12:41.707 T:139661281796864  NOTICE:         m_displayNameExtra: Default Output Device (PULSEAUDIO)
21:12:41.707 T:139661281796864  NOTICE:         m_deviceType      : AE_DEVTYPE_PCM
21:12:41.707 T:139661281796864  NOTICE:         m_channels        : FL,FR
21:12:41.707 T:139661281796864  NOTICE:         m_sampleRates     : 5512,8000,11025,16000,22050,32000,44100,48000,64000,88200,96000,176400,192000,384000
21:12:41.707 T:139661281796864  NOTICE:         m_dataFormats     : AE_FMT_U8,AE_FMT_S16NE,AE_FMT_S24NE3,AE_FMT_S24NE4,AE_FMT_S32NE,AE_FMT_FLOAT
21:12:41.707 T:139661281796864  NOTICE:         m_streamTypes     : No passthrough capabilities
21:12:41.707 T:139661281796864  NOTICE:     Device 2
21:12:41.707 T:139661281796864  NOTICE:         m_deviceName      : alsa_output.pci-0000_00_1b.0.analog-stereo
21:12:41.707 T:139661281796864  NOTICE:         m_displayName     : Áudio interno Estéreo analógico
21:12:41.707 T:139661281796864  NOTICE:         m_displayNameExtra: Alto-falantes (PULSEAUDIO)
21:12:41.707 T:139661281796864  NOTICE:         m_deviceType      : AE_DEVTYPE_PCM
21:12:41.707 T:139661281796864  NOTICE:         m_channels        : FL,FR
21:12:41.707 T:139661281796864  NOTICE:         m_sampleRates     : 5512,8000,11025,16000,22050,32000,44100,48000,64000,88200,96000,176400,192000,384000
21:12:41.707 T:139661281796864  NOTICE:         m_dataFormats     : AE_FMT_U8,AE_FMT_S16NE,AE_FMT_S24NE3,AE_FMT_S24NE4,AE_FMT_S32NE,AE_FMT_FLOAT
21:12:41.707 T:139661281796864  NOTICE:         m_streamTypes     : No passthrough capabilities
21:12:41.709 T:139661281796864  NOTICE: No settings file to load (special://xbmc/system/advancedsettings.xml)
21:12:41.709 T:139661281796864  NOTICE: No settings file to load (special://masterprofile/advancedsettings.xml)
21:12:41.709 T:139661281796864  NOTICE: Default Video Player: VideoPlayer
21:12:41.709 T:139661281796864  NOTICE: Default Audio Player: paplayer
21:12:41.709 T:139661281796864  NOTICE: Disabled debug logging due to GUI setting. Level 0.
21:12:41.709 T:139661281796864  NOTICE: Log level changed to "LOG_LEVEL_NORMAL"
21:12:41.709 T:139661281796864  NOTICE: Loading player core factory settings from special://xbmc/system/playercorefactory.xml.
21:12:41.709 T:139661281796864  NOTICE: Loaded playercorefactory configuration
21:12:41.709 T:139661281796864  NOTICE: Loading player core factory settings from special://masterprofile/playercorefactory.xml.
21:12:41.709 T:139661281796864  NOTICE: special://masterprofile/playercorefactory.xml does not exist. Skipping.
21:12:41.713 T:139661281796864  NOTICE: Running database version Addons27
21:12:41.730 T:139661281796864  NOTICE: ADDONS: Using repository repository.xbmc.org
21:12:41.737 T:139661187999488  NOTICE: PulseAudio: Opened device Default in pcm mode with Buffersize 150 ms
21:12:41.906 T:139661281796864  NOTICE: Checking resolution 15
21:12:42.020 T:139661281796864  NOTICE: Using visual 0x21
21:12:42.033 T:139661281796864  NOTICE: GL_VENDOR = Intel Open Source Technology Center
21:12:42.034 T:139661281796864  NOTICE: GL_RENDERER = Mesa DRI Intel(R) Sandybridge Mobile
21:12:42.034 T:139661281796864  NOTICE: GL_VERSION = 3.0 Mesa 18.3.6
21:12:42.034 T:139661281796864  NOTICE: GL_SHADING_LANGUAGE_VERSION = 1.30
21:12:42.034 T:139661281796864  NOTICE: GL_EXTENSIONS = GL_ARB_multisample GL_EXT_abgr GL_EXT_bgra GL_EXT_blend_color GL_EXT_blend_minmax GL_EXT_blend_subtract GL_EXT_copy_texture GL_EXT_subtexture GL_EXT_texture_object GL_EXT_vertex_array GL_EXT_compiled_vertex_array GL_EXT_texture GL_EXT_texture3D GL_IBM_rasterpos_clip GL_ARB_point_parameters GL_EXT_draw_range_elements GL_EXT_packed_pixels GL_EXT_point_parameters GL_EXT_rescale_normal GL_EXT_separate_specular_color GL_EXT_texture_edge_clamp GL_SGIS_generate_mipmap GL_SGIS_texture_border_clamp GL_SGIS_texture_edge_clamp GL_SGIS_texture_lod GL_ARB_framebuffer_sRGB GL_ARB_multitexture GL_EXT_framebuffer_sRGB GL_IBM_multimode_draw_arrays GL_IBM_texture_mirrored_repeat GL_3DFX_texture_compression_FXT1 GL_ARB_texture_cube_map GL_ARB_texture_env_add GL_ARB_transpose_matrix GL_EXT_blend_func_separate GL_EXT_fog_coord GL_EXT_multi_draw_arrays GL_EXT_secondary_color GL_EXT_texture_env_add GL_EXT_texture_filter_anisotropic GL_EXT_texture_lod_bias GL_INGR_blend_func_separate GL_NV_blend_square GL_NV_light_max_exponent GL_NV_texgen_reflection GL_NV_texture_env_combine4 GL_S3_s3tc GL_SUN_multi_draw_arrays GL_ARB_texture_border_clamp GL_ARB_texture_compression GL_EXT_framebuffer_object GL_EXT_texture_compression_s3tc GL_EXT_texture_env_combine GL_EXT_texture_env_dot3 GL_MESA_window_pos GL_NV_packed_depth_stencil GL_NV_texture_rectangle GL_ARB_depth_texture GL_ARB_occlusion_query GL_ARB_shadow GL_ARB_texture_env_combine GL_ARB_texture_env_crossbar GL_ARB_texture_env_dot3 GL_ARB_texture_mirrored_repeat GL_ARB_window_pos GL_EXT_stencil_two_side GL_EXT_texture_cube_map GL_NV_depth_clamp GL_NV_fog_distance GL_APPLE_packed_pixels GL_ARB_draw_buffers GL_ARB_fragment_program GL_ARB_fragment_shader GL_ARB_shader_objects GL_ARB_vertex_program GL_ARB_vertex_shader GL_ATI_draw_buffers GL_ATI_texture_env_combine3 GL_ATI_texture_float GL_EXT_shadow_funcs GL_EXT_stencil_wrap GL_MESA_pack_invert GL_NV_primitive_restart GL_ARB_depth_clamp GL_ARB_fragment_program_shadow GL_ARB_half_float_pixel GL_ARB_occlusion_query2 GL_ARB_point_sprite GL_ARB_shading_language_100 GL_ARB_sync GL_ARB_texture_non_power_of_two GL_ARB_vertex_buffer_object GL_ATI_blend_equation_separate GL_EXT_blend_equation_separate GL_OES_read_format GL_ARB_color_buffer_float GL_ARB_pixel_buffer_object GL_ARB_texture_compression_rgtc GL_ARB_texture_float GL_ARB_texture_rectangle GL_EXT_packed_float GL_EXT_pixel_buffer_object GL_EXT_texture_compression_dxt1 GL_EXT_texture_compression_rgtc GL_EXT_texture_rectangle GL_EXT_texture_sRGB GL_EXT_texture_shared_exponent GL_ARB_framebuffer_object GL_EXT_framebuffer_blit GL_EXT_framebuffer_multisample GL_EXT_packed_depth_stencil GL_APPLE_object_purgeable GL_ARB_vertex_array_object GL_ATI_separate_stencil GL_EXT_draw_buffers2 GL_EXT_draw_instanced GL_EXT_gpu_program_parameters GL_EXT_texture_array GL_EXT_texture_integer GL_EXT_texture_sRGB_decode GL_EXT_timer_query GL_OES_EGL_image GL_ARB_copy_buffer GL_ARB_depth_buffer_float GL_ARB_draw_instanced GL_ARB_half_float_vertex GL_ARB_instanced_arrays GL_ARB_map_buffer_range GL_ARB_texture_rg GL_ARB_texture_swizzle GL_ARB_vertex_array_bgra GL_EXT_texture_swizzle GL_EXT_vertex_array_bgra GL_NV_conditional_render GL_AMD_draw_buffers_blend GL_AMD_seamless_cubemap_per_texture GL_ARB_ES2_compatibility GL_ARB_blend_func_extended GL_ARB_debug_output GL_ARB_draw_buffers_blend GL_ARB_draw_elements_base_vertex GL_ARB_explicit_attrib_location GL_ARB_fragment_coord_conventions GL_ARB_provoking_vertex GL_ARB_sample_shading GL_ARB_sampler_objects GL_ARB_seamless_cube_map GL_ARB_shader_texture_lod GL_ARB_texture_cube_map_array GL_ARB_texture_gather GL_ARB_texture_multisample GL_ARB_texture_query_lod GL_ARB_texture_rgb10_a2ui GL_ARB_uniform_buffer_object GL_ARB_vertex_type_2_10_10_10_rev GL_EXT_provoking_vertex GL_EXT_texture_snorm GL_MESA_texture_signed_rgba GL_NV_texture_barrier GL_ARB_get_program_binary GL_ARB_robustness GL_ARB_separate_shader_objects GL_ARB_shader_bit_encoding GL_ARB_timer_query GL_ARB_transform_feedback2 GL_ANGLE_texture_compression_dxt3 GL_ANGLE_texture_compression_dxt5 GL_ARB_compressed_texture_pixel_storage GL_ARB_internalformat_query GL_ARB_map_buffer_alignment GL_ARB_shading_language_420pack GL_ARB_shading_language_packing GL_ARB_texture_storage GL_EXT_framebuffer_multisample_blit_scaled GL_EXT_transform_feedback GL_AMD_shader_trinary_minmax GL_ARB_ES3_compatibility GL_ARB_arrays_of_arrays GL_ARB_clear_buffer_object GL_ARB_copy_image GL_ARB_explicit_uniform_location GL_ARB_fragment_layer_viewport GL_ARB_invalidate_subdata GL_ARB_program_interface_query GL_ARB_texture_query_levels GL_ARB_texture_storage_multisample GL_ARB_vertex_attrib_binding GL_KHR_debug GL_KHR_robustness GL_ARB_buffer_storage GL_ARB_clear_texture GL_ARB_internalformat_query2 GL_ARB_multi_bind GL_ARB_seamless_cubemap_per_texture GL_ARB_shader_draw_parameters GL_ARB_shader_group_vote GL_ARB_texture_mirror_clamp_to_edge GL_ARB_vertex_type_10f_11f_11f_rev GL_EXT_shader_integer_mix GL_INTEL_performance_query GL_ARB_clip_control GL_ARB_conditional_render_inverted GL_ARB_cull_distance GL_ARB_get_texture_sub_image GL_ARB_pipeline_statistics_query GL_ARB_texture_barrier GL_ARB_transform_feedback_overflow_query GL_EXT_polygon_offset_clamp GL_KHR_blend_equation_advanced GL_KHR_context_flush_control GL_KHR_no_error GL_MESA_shader_integer_functions GL_ARB_polygon_offset_clamp GL_ARB_texture_filter_anisotropic GL_EXT_shader_framebuffer_fetch_non_coherent
21:12:42.168 T:139661273376512  NOTICE: Running database version Addons27
21:12:42.168 T:139661273376512  NOTICE: Running database version ViewModes6
21:12:42.169 T:139661273376512  NOTICE: Running database version Textures13
21:12:42.171 T:139661273376512  NOTICE: Running database version MyMusic60
21:12:42.175 T:139661273376512  NOTICE: Running database version MyVideos107
21:12:42.176 T:139661273376512  NOTICE: Running database version TV29
21:12:42.176 T:139661273376512  NOTICE: Running database version Epg11
21:12:42.178 T:139661281796864  NOTICE: start dvd mediatype detection
21:12:42.277 T:139661281796864 WARNING: JSONRPC: Could not parse type "Setting.Details.SettingList"
21:12:42.339 T:139661281796864  NOTICE: UpdateLibraries: Starting video library startup scan
21:12:42.344 T:139661281796864  NOTICE: initialize done
21:12:42.344 T:139661281796864  NOTICE: Running the application...
21:12:42.345 T:139660165449472   ERROR: EXCEPTION Thrown (PythonToCppException) : -->Python callback/script returned the following error<--
                                             - NOTE: IGNORING THIS CAN LEAD TO MEMORY LEAKS!
                                            Error Type: <type 'exceptions.AttributeError'>
                                            Error Contents: 'wrapped_class_Addon' object has no attribute 'getSettingBool'
                                            Traceback (most recent call last):
                                              File "/home/ccs/.kodi/addons/plugin.video.catchuptvandmore/service.py", line 33, in <module>
                                                autorun_addon()
                                              File "/home/ccs/.kodi/addons/plugin.video.catchuptvandmore/service.py", line 28, in autorun_addon
                                                if xbmcaddon.Addon().getSettingBool("auto_run"):
                                            AttributeError: 'wrapped_class_Addon' object has no attribute 'getSettingBool'
                                            -->End of Python script error report<--
21:12:42.354 T:139661281796864  NOTICE: starting zeroconf publishing
21:12:42.354 T:139661281796864  NOTICE: starting upnp client
21:12:42.366 T:139659745142528  NOTICE: ES: Starting UDP Event server on port 9777
21:12:42.366 T:139659745142528  NOTICE: UDP: Listening on port 9777 (ipv6 : false)
21:12:42.382 T:139661273376512  NOTICE: AddOnLog: PVR IPTV Simple Client: Loaded 371 channels.
21:12:42.473 T:139660154496768  NOTICE: VideoInfoScanner: Starting scan ..
21:12:42.589 T:139660154496768  NOTICE: VideoInfoScanner: Finished scan. Scanning for video info took 00:00
21:12:43.025 T:139661273376512  NOTICE: Start - EPG thread started
21:12:50.036 T:139659317344000  NOTICE: AddOnLog: PVR IPTV Simple Client: EPG Loaded.
21:12:59.297 T:139661281796864  NOTICE: VideoPlayer: Opening: pvr://channels/tv/All channels/pvr.iptvsimple_1675403042.pvr
21:12:59.297 T:139661281796864 WARNING: CDVDMessageQueue(player)::Put MSGQ_NOT_INITIALIZED
21:12:59.297 T:139659292165888  NOTICE: Creating InputStream
21:12:59.418 T:139659292165888 WARNING: CreateLoader - unsupported protocol(plugin) in plugin://plugin.video.catchuptvandmore/resources/lib/channels/fr/francetv/get_live_url/?item_id=france-3
21:12:59.418 T:139659292165888   ERROR: CDVDInputStreamPVRManager::Open - error opening [plugin://plugin.video.catchuptvandmore/resources/lib/channels/fr/francetv/get_live_url/?item_id=france-3]
21:12:59.418 T:139659292165888   ERROR: CVideoPlayer::OpenInputStream - error opening [pvr://channels/tv/All channels/pvr.iptvsimple_1675403042.pvr]
21:12:59.418 T:139659292165888  NOTICE: CVideoPlayer::OnExit()
21:12:59.460 T:139661281796864  NOTICE: CVideoPlayer::CloseFile()
21:12:59.460 T:139661281796864  NOTICE: VideoPlayer: waiting for threads to exit
21:12:59.460 T:139661281796864  NOTICE: VideoPlayer: finished waiting
21:12:59.460 T:139661281796864  NOTICE: CVideoPlayer::CloseFile()
21:12:59.460 T:139661281796864  NOTICE: VideoPlayer: waiting for threads to exit
21:12:59.460 T:139661281796864  NOTICE: VideoPlayer: finished waiting
21:13:01.628 T:139661281796864  NOTICE: VideoPlayer: Opening: pvr://channels/tv/All channels/pvr.iptvsimple_1675403042.pvr
21:13:01.628 T:139661281796864 WARNING: CDVDMessageQueue(player)::Put MSGQ_NOT_INITIALIZED
21:13:01.628 T:139659292165888  NOTICE: Creating InputStream
21:13:01.774 T:139659292165888 WARNING: CreateLoader - unsupported protocol(plugin) in plugin://plugin.video.catchuptvandmore/resources/lib/channels/fr/francetv/get_live_url/?item_id=france-3
21:13:01.774 T:139659292165888   ERROR: CDVDInputStreamPVRManager::Open - error opening [plugin://plugin.video.catchuptvandmore/resources/lib/channels/fr/francetv/get_live_url/?item_id=france-3]
21:13:01.774 T:139659292165888   ERROR: CVideoPlayer::OpenInputStream - error opening [pvr://channels/tv/All channels/pvr.iptvsimple_1675403042.pvr]
21:13:01.774 T:139659292165888  NOTICE: CVideoPlayer::OnExit()
21:13:01.816 T:139661281796864  NOTICE: CVideoPlayer::CloseFile()
21:13:01.816 T:139661281796864  NOTICE: VideoPlayer: waiting for threads to exit
21:13:01.816 T:139661281796864  NOTICE: VideoPlayer: finished waiting
21:13:01.816 T:139661281796864  NOTICE: CVideoPlayer::CloseFile()
21:13:01.816 T:139661281796864  NOTICE: VideoPlayer: waiting for threads to exit
21:13:01.816 T:139661281796864  NOTICE: VideoPlayer: finished waiting
21:13:04.541 T:139661281796864  NOTICE: VideoPlayer: Opening: pvr://channels/tv/All channels/pvr.iptvsimple_1675403042.pvr
21:13:04.541 T:139661281796864 WARNING: CDVDMessageQueue(player)::Put MSGQ_NOT_INITIALIZED
21:13:04.542 T:139659300558592  NOTICE: Creating InputStream
21:13:04.676 T:139659300558592 WARNING: CreateLoader - unsupported protocol(plugin) in plugin://plugin.video.catchuptvandmore/resources/lib/channels/fr/francetv/get_live_url/?item_id=france-3
21:13:04.676 T:139659300558592   ERROR: CDVDInputStreamPVRManager::Open - error opening [plugin://plugin.video.catchuptvandmore/resources/lib/channels/fr/francetv/get_live_url/?item_id=france-3]
21:13:04.676 T:139659300558592   ERROR: CVideoPlayer::OpenInputStream - error opening [pvr://channels/tv/All channels/pvr.iptvsimple_1675403042.pvr]
21:13:04.676 T:139659300558592  NOTICE: CVideoPlayer::OnExit()
21:13:04.718 T:139661281796864  NOTICE: CVideoPlayer::CloseFile()
21:13:04.718 T:139661281796864  NOTICE: VideoPlayer: waiting for threads to exit
21:13:04.718 T:139661281796864  NOTICE: VideoPlayer: finished waiting
21:13:04.718 T:139661281796864  NOTICE: CVideoPlayer::CloseFile()
21:13:04.718 T:139661281796864  NOTICE: VideoPlayer: waiting for threads to exit
21:13:04.718 T:139661281796864  NOTICE: VideoPlayer: finished waiting
21:13:09.407 T:139661281796864  NOTICE: VideoPlayer: Opening: pvr://channels/tv/All channels/pvr.iptvsimple_542377834.pvr
21:13:09.407 T:139661281796864 WARNING: CDVDMessageQueue(player)::Put MSGQ_NOT_INITIALIZED
21:13:09.407 T:139659300558592  NOTICE: Creating InputStream
21:13:09.539 T:139659300558592 WARNING: CreateLoader - unsupported protocol(plugin) in plugin://plugin.video.catchuptvandmore/resources/lib/channels/fr/mycanal/get_live_url/?item_id=canalplus
21:13:09.540 T:139659300558592   ERROR: CDVDInputStreamPVRManager::Open - error opening [plugin://plugin.video.catchuptvandmore/resources/lib/channels/fr/mycanal/get_live_url/?item_id=canalplus]
21:13:09.540 T:139659300558592   ERROR: CVideoPlayer::OpenInputStream - error opening [pvr://channels/tv/All channels/pvr.iptvsimple_542377834.pvr]
21:13:09.540 T:139659300558592  NOTICE: CVideoPlayer::OnExit()
21:13:09.582 T:139661281796864  NOTICE: CVideoPlayer::CloseFile()
21:13:09.582 T:139661281796864  NOTICE: VideoPlayer: waiting for threads to exit
21:13:09.582 T:139661281796864  NOTICE: VideoPlayer: finished waiting
21:13:09.582 T:139661281796864  NOTICE: CVideoPlayer::CloseFile()
21:13:09.582 T:139661281796864  NOTICE: VideoPlayer: waiting for threads to exit
21:13:09.582 T:139661281796864  NOTICE: VideoPlayer: finished waiting
21:13:12.740 T:139661281796864  NOTICE: VideoPlayer: Opening: pvr://channels/tv/All channels/pvr.iptvsimple_956097056.pvr
21:13:12.740 T:139661281796864 WARNING: CDVDMessageQueue(player)::Put MSGQ_NOT_INITIALIZED
21:13:12.741 T:139659300558592  NOTICE: Creating InputStream
21:13:12.872 T:139659300558592 WARNING: CreateLoader - unsupported protocol(plugin) in plugin://plugin.video.catchuptvandmore/resources/lib/channels/fr/francetv/get_live_url/?item_id=france-2
21:13:12.872 T:139659300558592   ERROR: CDVDInputStreamPVRManager::Open - error opening [plugin://plugin.video.catchuptvandmore/resources/lib/channels/fr/francetv/get_live_url/?item_id=france-2]
21:13:12.872 T:139659300558592   ERROR: CVideoPlayer::OpenInputStream - error opening [pvr://channels/tv/All channels/pvr.iptvsimple_956097056.pvr]
21:13:12.872 T:139659300558592  NOTICE: CVideoPlayer::OnExit()
21:13:12.915 T:139661281796864  NOTICE: CVideoPlayer::CloseFile()
21:13:12.915 T:139661281796864  NOTICE: VideoPlayer: waiting for threads to exit
21:13:12.915 T:139661281796864  NOTICE: VideoPlayer: finished waiting
21:13:12.915 T:139661281796864  NOTICE: CVideoPlayer::CloseFile()
21:13:12.915 T:139661281796864  NOTICE: VideoPlayer: waiting for threads to exit
21:13:12.915 T:139661281796864  NOTICE: VideoPlayer: finished waiting
21:13:14.394 T:139661281796864  NOTICE: VideoPlayer: Opening: pvr://channels/tv/All channels/pvr.iptvsimple_956097056.pvr
21:13:14.394 T:139661281796864 WARNING: CDVDMessageQueue(player)::Put MSGQ_NOT_INITIALIZED
21:13:14.395 T:139659300558592  NOTICE: Creating InputStream
21:13:14.528 T:139659300558592 WARNING: CreateLoader - unsupported protocol(plugin) in plugin://plugin.video.catchuptvandmore/resources/lib/channels/fr/francetv/get_live_url/?item_id=france-2
21:13:14.528 T:139659300558592   ERROR: CDVDInputStreamPVRManager::Open - error opening [plugin://plugin.video.catchuptvandmore/resources/lib/channels/fr/francetv/get_live_url/?item_id=france-2]
21:13:14.528 T:139659300558592   ERROR: CVideoPlayer::OpenInputStream - error opening [pvr://channels/tv/All channels/pvr.iptvsimple_956097056.pvr]
21:13:14.528 T:139659300558592  NOTICE: CVideoPlayer::OnExit()
21:13:14.570 T:139661281796864  NOTICE: CVideoPlayer::CloseFile()
21:13:14.570 T:139661281796864  NOTICE: VideoPlayer: waiting for threads to exit
21:13:14.570 T:139661281796864  NOTICE: VideoPlayer: finished waiting
21:13:14.570 T:139661281796864  NOTICE: CVideoPlayer::CloseFile()
21:13:14.570 T:139661281796864  NOTICE: VideoPlayer: waiting for threads to exit
21:13:14.570 T:139661281796864  NOTICE: VideoPlayer: finished waiting
21:13:15.182 T:139661281796864  NOTICE: VideoPlayer: Opening: pvr://channels/tv/All channels/pvr.iptvsimple_956097056.pvr
21:13:15.182 T:139661281796864 WARNING: CDVDMessageQueue(player)::Put MSGQ_NOT_INITIALIZED
21:13:15.182 T:139659300558592  NOTICE: Creating InputStream
21:13:15.316 T:139659300558592 WARNING: CreateLoader - unsupported protocol(plugin) in plugin://plugin.video.catchuptvandmore/resources/lib/channels/fr/francetv/get_live_url/?item_id=france-2
21:13:15.316 T:139659300558592   ERROR: CDVDInputStreamPVRManager::Open - error opening [plugin://plugin.video.catchuptvandmore/resources/lib/channels/fr/francetv/get_live_url/?item_id=france-2]
21:13:15.317 T:139659300558592   ERROR: CVideoPlayer::OpenInputStream - error opening [pvr://channels/tv/All channels/pvr.iptvsimple_956097056.pvr]
21:13:15.317 T:139659300558592  NOTICE: CVideoPlayer::OnExit()
21:13:15.359 T:139661281796864  NOTICE: CVideoPlayer::CloseFile()
21:13:15.359 T:139661281796864  NOTICE: VideoPlayer: waiting for threads to exit
21:13:15.359 T:139661281796864  NOTICE: VideoPlayer: finished waiting
21:13:15.359 T:139661281796864  NOTICE: CVideoPlayer::CloseFile()
21:13:15.359 T:139661281796864  NOTICE: VideoPlayer: waiting for threads to exit
21:13:15.359 T:139661281796864  NOTICE: VideoPlayer: finished waiting
21:13:15.375 T:139661281796864  NOTICE: VideoPlayer: Opening: pvr://channels/tv/All channels/pvr.iptvsimple_956097056.pvr
21:13:15.376 T:139661281796864 WARNING: CDVDMessageQueue(player)::Put MSGQ_NOT_INITIALIZED
21:13:15.376 T:139659300558592  NOTICE: Creating InputStream
21:13:15.377 T:139659300558592 WARNING: CreateLoader - unsupported protocol(plugin) in plugin://plugin.video.catchuptvandmore/resources/lib/channels/fr/francetv/get_live_url/?item_id=france-2
21:13:15.377 T:139659300558592   ERROR: CDVDInputStreamPVRManager::Open - error opening [plugin://plugin.video.catchuptvandmore/resources/lib/channels/fr/francetv/get_live_url/?item_id=france-2]
21:13:15.377 T:139659300558592   ERROR: CVideoPlayer::OpenInputStream - error opening [pvr://channels/tv/All channels/pvr.iptvsimple_956097056.pvr]
21:13:15.377 T:139659300558592  NOTICE: CVideoPlayer::OnExit()
21:13:15.380 T:139661281796864  NOTICE: CVideoPlayer::CloseFile()
21:13:15.380 T:139661281796864  NOTICE: VideoPlayer: waiting for threads to exit
21:13:15.380 T:139661281796864  NOTICE: VideoPlayer: finished waiting
21:13:15.384 T:139661281796864  NOTICE: CVideoPlayer::CloseFile()
21:13:15.384 T:139661281796864  NOTICE: VideoPlayer: waiting for threads to exit
21:13:15.384 T:139661281796864  NOTICE: VideoPlayer: finished waiting
21:13:15.630 T:139661281796864  NOTICE: VideoPlayer: Opening: pvr://channels/tv/All channels/pvr.iptvsimple_956097056.pvr
21:13:15.630 T:139661281796864 WARNING: CDVDMessageQueue(player)::Put MSGQ_NOT_INITIALIZED
21:13:15.630 T:139659300558592  NOTICE: Creating InputStream
21:13:15.631 T:139659300558592 WARNING: CreateLoader - unsupported protocol(plugin) in plugin://plugin.video.catchuptvandmore/resources/lib/channels/fr/francetv/get_live_url/?item_id=france-2
21:13:15.631 T:139659300558592   ERROR: CDVDInputStreamPVRManager::Open - error opening [plugin://plugin.video.catchuptvandmore/resources/lib/channels/fr/francetv/get_live_url/?item_id=france-2]
21:13:15.631 T:139659300558592   ERROR: CVideoPlayer::OpenInputStream - error opening [pvr://channels/tv/All channels/pvr.iptvsimple_956097056.pvr]
21:13:15.631 T:139659300558592  NOTICE: CVideoPlayer::OnExit()
21:13:15.673 T:139661281796864  NOTICE: CVideoPlayer::CloseFile()
21:13:15.673 T:139661281796864  NOTICE: VideoPlayer: waiting for threads to exit
21:13:15.673 T:139661281796864  NOTICE: VideoPlayer: finished waiting
21:13:15.673 T:139661281796864  NOTICE: CVideoPlayer::CloseFile()
21:13:15.673 T:139661281796864  NOTICE: VideoPlayer: waiting for threads to exit
21:13:15.673 T:139661281796864  NOTICE: VideoPlayer: finished waiting
21:13:23.975 T:139659266987776   ERROR: GetDirectory - Error getting
21:13:33.762 T:139661281796864   ERROR: Previous line repeats 6 times.
21:13:33.762 T:139661281796864  NOTICE: VideoPlayer: Opening: https://tf1-hls-live-ssl.tf1.fr/tf1/1/hls/master_3000000.m3u8?e=1599610412&st=If3cl9WR7IPi8vCZTBZQvg
21:13:33.762 T:139661281796864 WARNING: CDVDMessageQueue(player)::Put MSGQ_NOT_INITIALIZED
21:13:33.996 T:139658903418624  NOTICE: Creating InputStream
21:13:35.410 T:139658903418624  NOTICE: Creating Demuxer
21:13:57.866 T:139658903418624  NOTICE: Opening stream: 0 source: 256
21:13:57.866 T:139658903418624  NOTICE: Creating video codec with codec id: 27
21:13:57.866 T:139658903418624  NOTICE: CDVDVideoCodecFFmpeg::Open() Using codec: H.264 / AVC / MPEG-4 AVC / MPEG-4 part 10
21:13:57.867 T:139658903418624  NOTICE: Creating video thread
21:13:57.867 T:139658903418624  NOTICE: Opening stream: 1 source: 256
21:13:57.867 T:139658903418624  NOTICE: Finding audio codec for: 86018
21:13:57.867 T:139659292165888  NOTICE: running thread: video_thread
21:13:57.868 T:139658903418624  NOTICE: Creating audio thread
21:13:57.868 T:139659300558592  NOTICE: running thread: CVideoPlayerAudio::Process()
21:13:57.870 T:139659292165888  NOTICE: CDVDVideoCodecFFmpeg::GetFormat - Creating VDPAU(1280x720)
21:13:57.871 T:139659292165888  NOTICE: VDPAU::Open: required extension GL_NV_vdpau_interop not found
21:13:57.871 T:139659292165888  NOTICE:  (VDPAU) Close
21:13:57.878 T:139659300558592  NOTICE: Creating audio stream (codec id: 86018, channels: 2, sample rate: 44100, no pass-through)
21:13:57.944 T:139658579146496  NOTICE: COutput::OnStartup: Output Thread created
21:13:58.122 T:139661187999488  NOTICE: PulseAudio: Opened device Default in pcm mode with Buffersize 150 ms
21:13:58.574 T:139661281796864  NOTICE: GL: Selecting Single Pass YUV 2 RGB shader
21:13:58.701 T:139661281796864  NOTICE: GL: NPOT texture support detected
21:13:58.701 T:139661281796864  NOTICE: GL: Using GL_ARB_pixel_buffer_object
21:13:58.701 T:139661281796864  NOTICE: Using GL_TEXTURE_2D
21:13:58.777 T:139661281796864  NOTICE: GL: Selecting Single Pass YUV 2 RGB shader
21:13:58.778 T:139661281796864  NOTICE: GL: NPOT texture support detected
21:13:58.778 T:139661281796864  NOTICE: GL: Using GL_ARB_pixel_buffer_object
21:13:59.344 T:139659292165888 WARNING: CRenderManager::WaitForBuffer - timeout waiting for buffer
21:13:59.848 T:139659292165888 WARNING: Previous line repeats 1 times.
21:13:59.848 T:139659292165888  NOTICE: CDVDVideoCodecFFmpeg::CDropControl: calculated diff time: 40000
21:14:00.349 T:139659292165888 WARNING: CRenderManager::WaitForBuffer - timeout waiting for buffer
21:14:02.198 T:139661281796864 WARNING: Previous line repeats 1 times.
21:14:02.198 T:139661281796864   ERROR: Control 55 in window 10025 has been asked to focus, but it can't
21:14:02.709 T:139659292165888 WARNING: CRenderManager::WaitForBuffer - timeout waiting for buffer
21:14:02.716 T:139661281796864   ERROR: GetDirectory - Error getting plugin://plugin.video.catchuptvandmore/resources/lib/main/tv_guide_menu/?_pickle_=80027d71012858070000006974656d5f69647102580700000066725f6c697665710355075f7469746c655f710458060000004672616e6365752e
21:14:02.717 T:139661281796864   ERROR: CGUIMediaWindow::GetDirectory(plugin://plugin.video.catchuptvandmore/resources/lib/main/tv_guide_menu/?_pickle_=80027d71012858070000006974656d5f69647102580700000066725f6c697665710355075f7469746c655f710458060000004672616e6365752e) failed
21:14:08.659 T:139659292165888   ERROR: Decode - avcodec_decode_video returned failure
21:14:08.910 T:139659292165888  NOTICE: CDVDVideoCodecFFmpeg::CDropControl: lost diff
21:14:14.888 T:139659292165888 WARNING: CRenderManager::WaitForBuffer - timeout waiting for buffer
21:17:28.204 T:139661281796864 WARNING: Previous line repeats 1 times.
21:17:28.204 T:139661281796864  NOTICE: CVideoPlayer::CloseFile()
21:17:28.204 T:139661281796864  NOTICE: VideoPlayer: waiting for threads to exit
21:17:28.208 T:139661187999488  NOTICE: PulseAudio: Opened device Default in pcm mode with Buffersize 150 ms
21:17:28.212 T:139658903418624  NOTICE: CVideoPlayer::OnExit()
21:17:28.212 T:139658903418624  NOTICE: Closing stream player 1
21:17:28.212 T:139658903418624  NOTICE: Waiting for audio thread to exit
21:17:28.675 T:139659300558592  NOTICE: thread end: CVideoPlayerAudio::OnExit()
21:17:28.675 T:139658903418624  NOTICE: Closing audio device
21:17:28.705 T:139659292165888 WARNING: CRenderManager::WaitForBuffer - timeout waiting for buffer
21:17:28.734 T:139658903418624  NOTICE: Deleting audio codec
21:17:28.734 T:139658903418624  NOTICE: Closing stream player 2
21:17:28.734 T:139658903418624  NOTICE: waiting for video thread to exit
21:17:28.735 T:139659292165888  NOTICE: thread end: video_thread
21:17:28.736 T:139658903418624  NOTICE: deleting video codec
21:17:28.761 T:139661281796864  NOTICE: VideoPlayer: finished waiting
21:17:28.761 T:139661281796864  NOTICE: VAAPI::Close
21:17:28.762 T:139658579146496  NOTICE: COutput::OnExit: Output Thread terminated
21:17:28.763 T:139661281796864  NOTICE: VAAPI::Close - closing decoder context
21:17:28.763 T:139661281796864  NOTICE: VideoPlayer: Opening: pvr://channels/tv/All channels/pvr.iptvsimple_1877840255.pvr
21:17:28.764 T:139658579146496  NOTICE: Creating InputStream
21:17:28.879 T:139658579146496 WARNING: CreateLoader - unsupported protocol(plugin) in plugin://plugin.video.catchuptvandmore/resources/lib/channels/fr/mytf1/get_live_url/?item_id=tf1
21:17:28.879 T:139658579146496   ERROR: CDVDInputStreamPVRManager::Open - error opening [plugin://plugin.video.catchuptvandmore/resources/lib/channels/fr/mytf1/get_live_url/?item_id=tf1]
21:17:28.879 T:139658579146496   ERROR: CVideoPlayer::OpenInputStream - error opening [pvr://channels/tv/All channels/pvr.iptvsimple_1877840255.pvr]
21:17:28.879 T:139658579146496  NOTICE: CVideoPlayer::OnExit()
21:17:28.895 T:139661281796864  NOTICE: CVideoPlayer::CloseFile()
21:17:28.895 T:139661281796864  NOTICE: VideoPlayer: waiting for threads to exit
21:17:28.895 T:139661281796864  NOTICE: VideoPlayer: finished waiting
21:17:28.895 T:139661281796864  NOTICE: CVideoPlayer::CloseFile()
21:17:28.895 T:139661281796864  NOTICE: VideoPlayer: waiting for threads to exit
21:17:28.895 T:139661281796864  NOTICE: VideoPlayer: finished waiting
21:17:33.823 T:139661281796864  NOTICE: VideoPlayer: Opening: pvr://channels/tv/All channels/pvr.iptvsimple_1877840255.pvr
21:17:33.823 T:139661281796864 WARNING: CDVDMessageQueue(player)::Put MSGQ_NOT_INITIALIZED
21:17:33.823 T:139658579146496  NOTICE: Creating InputStream
21:17:33.945 T:139658579146496 WARNING: CreateLoader - unsupported protocol(plugin) in plugin://plugin.video.catchuptvandmore/resources/lib/channels/fr/mytf1/get_live_url/?item_id=tf1
21:17:33.945 T:139658579146496   ERROR: CDVDInputStreamPVRManager::Open - error opening [plugin://plugin.video.catchuptvandmore/resources/lib/channels/fr/mytf1/get_live_url/?item_id=tf1]
21:17:33.945 T:139658579146496   ERROR: CVideoPlayer::OpenInputStream - error opening [pvr://channels/tv/All channels/pvr.iptvsimple_1877840255.pvr]
21:17:33.945 T:139658579146496  NOTICE: CVideoPlayer::OnExit()
21:17:33.954 T:139661281796864  NOTICE: CVideoPlayer::CloseFile()
21:17:33.954 T:139661281796864  NOTICE: VideoPlayer: waiting for threads to exit
21:17:33.954 T:139661281796864  NOTICE: VideoPlayer: finished waiting
21:17:33.956 T:139661281796864  NOTICE: CVideoPlayer::CloseFile()
21:17:33.956 T:139661281796864  NOTICE: VideoPlayer: waiting for threads to exit
21:17:33.956 T:139661281796864  NOTICE: VideoPlayer: finished waiting
21:17:34.920 T:139661281796864  NOTICE: VideoPlayer: Opening: pvr://channels/tv/All channels/pvr.iptvsimple_1877840255.pvr
21:17:34.920 T:139661281796864 WARNING: CDVDMessageQueue(player)::Put MSGQ_NOT_INITIALIZED
21:17:34.920 T:139658903418624  NOTICE: Creating InputStream
21:17:35.045 T:139658903418624 WARNING: CreateLoader - unsupported protocol(plugin) in plugin://plugin.video.catchuptvandmore/resources/lib/channels/fr/mytf1/get_live_url/?item_id=tf1
21:17:35.045 T:139658903418624   ERROR: CDVDInputStreamPVRManager::Open - error opening [plugin://plugin.video.catchuptvandmore/resources/lib/channels/fr/mytf1/get_live_url/?item_id=tf1]
21:17:35.045 T:139658903418624   ERROR: CVideoPlayer::OpenInputStream - error opening [pvr://channels/tv/All channels/pvr.iptvsimple_1877840255.pvr]
21:17:35.045 T:139658903418624  NOTICE: CVideoPlayer::OnExit()
21:17:35.209 T:139661281796864  NOTICE: CVideoPlayer::CloseFile()
21:17:35.209 T:139661281796864  NOTICE: VideoPlayer: waiting for threads to exit
21:17:35.209 T:139661281796864  NOTICE: VideoPlayer: finished waiting
21:17:35.209 T:139661281796864  NOTICE: CVideoPlayer::CloseFile()
21:17:35.209 T:139661281796864  NOTICE: VideoPlayer: waiting for threads to exit
21:17:35.209 T:139661281796864  NOTICE: VideoPlayer: finished waiting
21:17:35.317 T:139661281796864  NOTICE: VideoPlayer: Opening: pvr://channels/tv/All channels/pvr.iptvsimple_1877840255.pvr
21:17:35.317 T:139661281796864 WARNING: CDVDMessageQueue(player)::Put MSGQ_NOT_INITIALIZED
21:17:35.318 T:139658903418624  NOTICE: Creating InputStream
21:17:35.318 T:139658903418624 WARNING: CreateLoader - unsupported protocol(plugin) in plugin://plugin.video.catchuptvandmore/resources/lib/channels/fr/mytf1/get_live_url/?item_id=tf1
21:17:35.318 T:139658903418624   ERROR: CDVDInputStreamPVRManager::Open - error opening [plugin://plugin.video.catchuptvandmore/resources/lib/channels/fr/mytf1/get_live_url/?item_id=tf1]
21:17:35.318 T:139658903418624   ERROR: CVideoPlayer::OpenInputStream - error opening [pvr://channels/tv/All channels/pvr.iptvsimple_1877840255.pvr]
21:17:35.318 T:139658903418624  NOTICE: CVideoPlayer::OnExit()
21:17:35.359 T:139661281796864  NOTICE: CVideoPlayer::CloseFile()
21:17:35.359 T:139661281796864  NOTICE: VideoPlayer: waiting for threads to exit
21:17:35.359 T:139661281796864  NOTICE: VideoPlayer: finished waiting
21:17:35.359 T:139661281796864  NOTICE: CVideoPlayer::CloseFile()
21:17:35.359 T:139661281796864  NOTICE: VideoPlayer: waiting for threads to exit
21:17:35.359 T:139661281796864  NOTICE: VideoPlayer: finished waiting
21:17:39.463 T:139661281796864  NOTICE: VideoPlayer: Opening: pvr://channels/tv/All channels/pvr.iptvsimple_1877840255.pvr
21:17:39.463 T:139661281796864 WARNING: CDVDMessageQueue(player)::Put MSGQ_NOT_INITIALIZED
21:17:39.463 T:139660146104064  NOTICE: Creating InputStream
21:17:39.589 T:139660146104064 WARNING: CreateLoader - unsupported protocol(plugin) in plugin://plugin.video.catchuptvandmore/resources/lib/channels/fr/mytf1/get_live_url/?item_id=tf1
21:17:39.589 T:139660146104064   ERROR: CDVDInputStreamPVRManager::Open - error opening [plugin://plugin.video.catchuptvandmore/resources/lib/channels/fr/mytf1/get_live_url/?item_id=tf1]
21:17:39.589 T:139660146104064   ERROR: CVideoPlayer::OpenInputStream - error opening [pvr://channels/tv/All channels/pvr.iptvsimple_1877840255.pvr]
21:17:39.589 T:139660146104064  NOTICE: CVideoPlayer::OnExit()
21:17:39.631 T:139661281796864  NOTICE: CVideoPlayer::CloseFile()
21:17:39.631 T:139661281796864  NOTICE: VideoPlayer: waiting for threads to exit
21:17:39.631 T:139661281796864  NOTICE: VideoPlayer: finished waiting
21:17:39.631 T:139661281796864  NOTICE: CVideoPlayer::CloseFile()
21:17:39.631 T:139661281796864  NOTICE: VideoPlayer: waiting for threads to exit
21:17:39.631 T:139661281796864  NOTICE: VideoPlayer: finished waiting
21:17:39.869 T:139661281796864  NOTICE: VideoPlayer: Opening: pvr://channels/tv/All channels/pvr.iptvsimple_1877840255.pvr
21:17:39.869 T:139661281796864 WARNING: CDVDMessageQueue(player)::Put MSGQ_NOT_INITIALIZED
21:17:39.870 T:139660146104064  NOTICE: Creating InputStream
21:17:39.871 T:139660146104064 WARNING: CreateLoader - unsupported protocol(plugin) in plugin://plugin.video.catchuptvandmore/resources/lib/channels/fr/mytf1/get_live_url/?item_id=tf1
21:17:39.871 T:139660146104064   ERROR: CDVDInputStreamPVRManager::Open - error opening [plugin://plugin.video.catchuptvandmore/resources/lib/channels/fr/mytf1/get_live_url/?item_id=tf1]
21:17:39.871 T:139660146104064   ERROR: CVideoPlayer::OpenInputStream - error opening [pvr://channels/tv/All channels/pvr.iptvsimple_1877840255.pvr]
21:17:39.871 T:139660146104064  NOTICE: CVideoPlayer::OnExit()
21:17:39.912 T:139661281796864  NOTICE: CVideoPlayer::CloseFile()
21:17:39.912 T:139661281796864  NOTICE: VideoPlayer: waiting for threads to exit
21:17:39.912 T:139661281796864  NOTICE: VideoPlayer: finished waiting
21:17:39.912 T:139661281796864  NOTICE: CVideoPlayer::CloseFile()
21:17:39.912 T:139661281796864  NOTICE: VideoPlayer: waiting for threads to exit
21:17:39.912 T:139661281796864  NOTICE: VideoPlayer: finished waiting
21:17:40.726 T:139661281796864  NOTICE: VideoPlayer: Opening: pvr://channels/tv/All channels/pvr.iptvsimple_1877840255.pvr
21:17:40.726 T:139661281796864 WARNING: CDVDMessageQueue(player)::Put MSGQ_NOT_INITIALIZED
21:17:40.726 T:139660146104064  NOTICE: Creating InputStream
21:17:40.855 T:139660146104064 WARNING: CreateLoader - unsupported protocol(plugin) in plugin://plugin.video.catchuptvandmore/resources/lib/channels/fr/mytf1/get_live_url/?item_id=tf1
21:17:40.855 T:139660146104064   ERROR: CDVDInputStreamPVRManager::Open - error opening [plugin://plugin.video.catchuptvandmore/resources/lib/channels/fr/mytf1/get_live_url/?item_id=tf1]
21:17:40.855 T:139660146104064   ERROR: CVideoPlayer::OpenInputStream - error opening [pvr://channels/tv/All channels/pvr.iptvsimple_1877840255.pvr]
21:17:40.855 T:139660146104064  NOTICE: CVideoPlayer::OnExit()
21:17:40.897 T:139661281796864  NOTICE: CVideoPlayer::CloseFile()
21:17:40.897 T:139661281796864  NOTICE: VideoPlayer: waiting for threads to exit
21:17:40.897 T:139661281796864  NOTICE: VideoPlayer: finished waiting
21:17:40.897 T:139661281796864  NOTICE: CVideoPlayer::CloseFile()
21:17:40.897 T:139661281796864  NOTICE: VideoPlayer: waiting for threads to exit
21:17:40.897 T:139661281796864  NOTICE: VideoPlayer: finished waiting
21:17:56.607 T:139659317344000  NOTICE: AddOnLog: PVR IPTV Simple Client: EPG Loaded.
21:18:05.063 T:139661281796864  NOTICE: Storing total System Uptime
21:18:05.063 T:139661281796864  NOTICE: Saving settings
21:18:05.067 T:139661281796864  NOTICE: Saving skin settings
21:18:05.068 T:139661281796864  NOTICE: stop all
21:18:05.068 T:139661281796864  NOTICE: stop player
21:18:05.069 T:139661281796864  NOTICE: ES: Stopping event server
21:18:05.069 T:139661281796864  NOTICE: stopping upnp
21:18:05.320 T:139661281796864  NOTICE: stopping zeroconf publishing
21:18:05.687 T:139659745142528  NOTICE: ES: UDP Event server stopped
21:18:05.687 T:139661281796864  NOTICE: stop dvd detect media
21:18:06.243 T:139661281796864  NOTICE: clean cached files!
21:18:06.440 T:139661281796864  NOTICE: closing down remote control service
21:18:06.441 T:139661281796864  NOTICE: stopped
21:18:06.641 T:139661281796864  NOTICE: destroy
21:18:06.641 T:139661281796864  NOTICE: unload skin
21:18:06.698 T:139661281796864  NOTICE: unload sections
21:18:06.703 T:139661281796864  NOTICE: special://profile/ is mapped to: special://masterprofile/
21:18:06.703 T:139661281796864  NOTICE: PVRManager - stopping
21:18:07.630 T:139661281796864  NOTICE: application stopped...
