This is pdfTeX, Version 3.1415926-2.5-1.40.14 (TeX Live 2013/Debian) (format=latex 2014.2.21)  7 MAR 2014 09:50
entering extended mode
 restricted \write18 enabled.
 file:line:error style messages enabled.
 %&-line parsing enabled.
**brincando_com_latex.tex
(./brincando_com_latex.tex
LaTeX2e <2011/06/27>
Babel <3.9g> and hyphenation patterns for 5 languages loaded.
(/usr/share/texlive/texmf-dist/tex/latex/seminar/seminar.cls
Document Class: seminar 2008/10/15, 1.5
Document Style: `seminar' v1.5 <2008/10/15> (tvz)
\slidewidth=\dimen102
\slideheight=\dimen103
\footheight=\dimen104
(/usr/share/texlive/texmf-dist/tex/latex/base/article.cls
Document Class: article 2007/10/19 v1.4h Standard LaTeX document class
(/usr/share/texlive/texmf-dist/tex/latex/base/size10.clo
File: size10.clo 2007/10/19 v1.4h Standard LaTeX file (size option)
)
\c@part=\count79
\c@section=\count80
\c@subsection=\count81
\c@subsubsection=\count82
\c@paragraph=\count83
\c@subparagraph=\count84
\c@figure=\count85
\c@table=\count86
\abovecaptionskip=\skip41
\belowcaptionskip=\skip42
\bibindent=\dimen105
)
(/usr/share/texlive/texmf-dist/tex/latex/seminar/sem-page.sty)
\before@document=\toks14
\after@document=\toks15
\before@enddocument=\toks16
\c@slide=\count87
\slide@count=\count88
\@slidebox=\box26
\not@slidebox=\box27
\slide@hook=\toks17
\after@slide=\toks18
\slide@footins=\insert233
\slide@listdepth=\count89
\saved@specials=\box28
\before@newslide=\toks19
\after@slidepage=\toks20
\slidesep=\skip43
\c@note=\count90
\slideframewidth=\dimen106
\slideframesep=\dimen107
\semin=\dimen108
\semcm=\dimen109
)
(/usr/share/texlive/texmf-dist/tex/latex/base/inputenc.sty
Package: inputenc 2008/03/30 v1.1d Input encoding file
\inpenc@prehook=\toks21
\inpenc@posthook=\toks22

(/usr/share/texlive/texmf-dist/tex/latex/base/latin1.def
File: latin1.def 2008/03/30 v1.1d Input encoding file
))
(/usr/share/texlive/texmf-dist/tex/generic/babel/babel.sty
Package: babel 2013/10/10 3.9g The Babel package

(/usr/share/texlive/texmf-dist/tex/generic/babel-portuges/portuges.ldf
Language: portuges 2008/03/18 v1.2q Portuguese support from the babel system

(/usr/share/texlive/texmf-dist/tex/generic/babel/babel.def
File: babel.def 2013/10/10 3.9g Babel common definitions
\babel@savecnt=\count91
\U@D=\dimen110
)
Package babel Info: Making " an active character on input line 145.
)
(/usr/share/texlive/texmf-dist/tex/generic/babel-portuges/portuges.ldf
Language: portuges 2008/03/18 v1.2q Portuguese support from the babel system
\l@brazil = a dialect from \language\l@portuges 
))
(/usr/share/texlive/texmf-dist/tex/latex/fancybox/fancybox.sty
Package: fancybox 2010/05/15 1.4

Style option: `fancybox' v1.4 <2010/05/15> (tvz)
\@fancybox=\box29
\shadowsize=\dimen111
\@Sbox=\box30
\do@VerbBox=\toks23
\the@fancyput=\toks24
\this@fancyput=\toks25
\EndVerbatimTokens=\toks26
\Verbatim@Outfile=\write3
\Verbatim@Infile=\read1
) (/usr/share/texlive/texmf-dist/tex/generic/ulem/ulem.sty
\UL@box=\box31
\UL@hyphenbox=\box32
\UL@skip=\skip44
\UL@hook=\toks27
\UL@height=\dimen112
\UL@pe=\count92
\UL@pixel=\dimen113
\ULC@box=\box33
Package: ulem 2012/05/18
\ULdepth=\dimen114
)
(/usr/share/texlive/texmf-dist/tex/latex/float/float.sty
Package: float 2001/11/08 v1.3d Float enhancements (AL)
\c@float@type=\count93
\float@exts=\toks28
\float@box=\box34
\@float@everytoks=\toks29
\@floatcapt=\box35
)
(/usr/share/texlive/texmf-dist/tex/latex/graphics/epsfig.sty
Package: epsfig 1999/02/16 v1.7a (e)psfig emulation (SPQR)

(/usr/share/texlive/texmf-dist/tex/latex/graphics/graphicx.sty
Package: graphicx 1999/02/16 v1.0f Enhanced LaTeX Graphics (DPC,SPQR)

(/usr/share/texlive/texmf-dist/tex/latex/graphics/keyval.sty
Package: keyval 1999/03/16 v1.13 key=value parser (DPC)
\KV@toks@=\toks30
)
(/usr/share/texlive/texmf-dist/tex/latex/graphics/graphics.sty
Package: graphics 2009/02/05 v1.0o Standard LaTeX Graphics (DPC,SPQR)

(/usr/share/texlive/texmf-dist/tex/latex/graphics/trig.sty
Package: trig 1999/03/16 v1.09 sin cos tan (DPC)
)
(/usr/share/texlive/texmf-dist/tex/latex/latexconfig/graphics.cfg
File: graphics.cfg 2010/04/23 v1.9 graphics configuration of TeX Live
)
Package graphics Info: Driver file: dvips.def on input line 91.

(/usr/share/texlive/texmf-dist/tex/latex/graphics/dvips.def
File: dvips.def 1999/02/16 v3.0i Driver-dependant file (DPC,SPQR)
))
\Gin@req@height=\dimen115
\Gin@req@width=\dimen116
)
\epsfxsize=\dimen117
\epsfysize=\dimen118
)
(/usr/share/texlive/texmf-dist/tex/latex/amsmath/amsmath.sty
Package: amsmath 2013/01/14 v2.14 AMS math features
\@mathmargin=\skip45

For additional information on amsmath, use the `?' option.
(/usr/share/texlive/texmf-dist/tex/latex/amsmath/amstext.sty
Package: amstext 2000/06/29 v2.01

(/usr/share/texlive/texmf-dist/tex/latex/amsmath/amsgen.sty
File: amsgen.sty 1999/11/30 v2.0
\@emptytoks=\toks31
\ex@=\dimen119
))
(/usr/share/texlive/texmf-dist/tex/latex/amsmath/amsbsy.sty
Package: amsbsy 1999/11/29 v1.2d
\pmbraise@=\dimen120
)
(/usr/share/texlive/texmf-dist/tex/latex/amsmath/amsopn.sty
Package: amsopn 1999/12/14 v2.01 operator names
)
\inf@bad=\count94
LaTeX Info: Redefining \frac on input line 210.
\uproot@=\count95
\leftroot@=\count96
LaTeX Info: Redefining \overline on input line 306.
\classnum@=\count97
\DOTSCASE@=\count98
LaTeX Info: Redefining \ldots on input line 378.
LaTeX Info: Redefining \dots on input line 381.
LaTeX Info: Redefining \cdots on input line 466.
\Mathstrutbox@=\box36
\strutbox@=\box37
\big@size=\dimen121
LaTeX Font Info:    Redeclaring font encoding OML on input line 566.
LaTeX Font Info:    Redeclaring font encoding OMS on input line 567.
\macc@depth=\count99
\c@MaxMatrixCols=\count100
\dotsspace@=\muskip10
\c@parentequation=\count101
\dspbrk@lvl=\count102
\tag@help=\toks32
\row@=\count103
\column@=\count104
\maxfields@=\count105
\andhelp@=\toks33
\eqnshift@=\dimen122
\alignsep@=\dimen123
\tagshift@=\dimen124
\tagwidth@=\dimen125
\totwidth@=\dimen126
\lineht@=\dimen127
\@envbody=\toks34
\multlinegap=\skip46
\multlinetaggap=\skip47
\mathdisplay@stack=\toks35
LaTeX Info: Redefining \[ on input line 2665.
LaTeX Info: Redefining \] on input line 2666.
)
(/usr/share/texlive/texmf-dist/tex/latex/amsfonts/amsfonts.sty
Package: amsfonts 2013/01/14 v3.01 Basic AMSFonts support
\symAMSa=\mathgroup4
\symAMSb=\mathgroup5
LaTeX Font Info:    Overwriting math alphabet `\mathfrak' in version `bold'
(Font)                  U/euf/m/n --> U/euf/b/n on input line 106.
)
(/usr/share/texlive/texmf-dist/tex/latex/amsfonts/amssymb.sty
Package: amssymb 2013/01/14 v3.01 AMS font symbols
)
\@float@every@figure=\toks36

(./brincando_com_latex.aux)
\openout1 = `brincando_com_latex.aux'.

LaTeX Font Info:    Checking defaults for OML/cmm/m/it on input line 61.
LaTeX Font Info:    ... okay on input line 61.
LaTeX Font Info:    Checking defaults for T1/cmr/m/n on input line 61.
LaTeX Font Info:    ... okay on input line 61.
LaTeX Font Info:    Checking defaults for OT1/cmr/m/n on input line 61.
LaTeX Font Info:    ... okay on input line 61.
LaTeX Font Info:    Checking defaults for OMS/cmsy/m/n on input line 61.
LaTeX Font Info:    ... okay on input line 61.
LaTeX Font Info:    Checking defaults for OMX/cmex/m/n on input line 61.
LaTeX Font Info:    ... okay on input line 61.
LaTeX Font Info:    Checking defaults for U/cmr/m/n on input line 61.
LaTeX Font Info:    ... okay on input line 61.
LaTeX Font Info:    Try loading font information for U+msa on input line 66.

(/usr/share/texlive/texmf-dist/tex/latex/amsfonts/umsa.fd
File: umsa.fd 2013/01/14 v3.01 AMS symbols A
)
LaTeX Font Info:    Try loading font information for U+msb on input line 66.

(/usr/share/texlive/texmf-dist/tex/latex/amsfonts/umsb.fd
File: umsb.fd 2013/01/14 v3.01 AMS symbols B
)

LaTeX Warning: \oval, \circle, or \line size unavailable on input line 87.

[1


]

LaTeX Warning: \oval, \circle, or \line size unavailable on input line 114.

[2

]

LaTeX Warning: Slide 3 overfull by 16.12947pt on input line 154.


LaTeX Warning: \oval, \circle, or \line size unavailable on input line 154.

[3

]

LaTeX Warning: \oval, \circle, or \line size unavailable on input line 173.

[4]
File: figuras/passos_compila.eps Graphic file (type eps)
 <figuras/passos_compila.eps>

LaTeX Warning: Slide 5 overfull by 5.95222pt on input line 184.


LaTeX Warning: \oval, \circle, or \line size unavailable on input line 184.

[5

]
LaTeX Font Info:    Try loading font information for OMS+cmr on input line 217.

 (/usr/share/texlive/texmf-dist/tex/latex/base/omscmr.fd
File: omscmr.fd 1999/05/25 v2.5h Standard LaTeX font definitions
)
LaTeX Font Info:    Font shape `OMS/cmr/m/n' in size <7> not available
(Font)              Font shape `OMS/cmsy/m/n' tried instead on input line 217.

Underfull \hbox (badness 10000) in paragraph at lines 217--217
[]
 []


Underfull \hbox (badness 10000) in paragraph at lines 217--217
\OMS/cmsy/m/n/7 n$\OT1/cmr/m/n/7 begin\OMS/cmsy/m/n/7 f\OT1/cmr/m/n/7 document\
OMS/cmsy/m/n/7 g
 []


Underfull \hbox (badness 10000) in paragraph at lines 217--217
[]
 []


Underfull \hbox (badness 10000) in paragraph at lines 217--217
[]
 []


LaTeX Warning: \oval, \circle, or \line size unavailable on input line 232.

[6

]

LaTeX Warning: \oval, \circle, or \line size unavailable on input line 283.

[7

]
Overfull \hbox (4.64247pt too wide) in paragraph at lines 325--325
[]\OT1/cmtt/m/n/6 de se^^Xc~oes, sub-se^^Xc~oes, e assim sucessivamente![] 
 []


Overfull \hbox (16.37907pt too wide) in paragraph at lines 328--331
[] 
 []


LaTeX Warning: \oval, \circle, or \line size unavailable on input line 334.

[8

]
Underfull \hbox (badness 10000) in paragraph at lines 345--350

 []


Underfull \hbox (badness 10000) in paragraph at lines 351--353

 []


Overfull \hbox (10.486pt too wide) in paragraph at lines 381--381
[]\OT1/cmtt/m/n/7 {\large aumentando},  {\Large subindo},\\[] 
 []


LaTeX Warning: Slide 9 overfull by 8.53494pt on input line 389.


Overfull \vbox (2.03824pt too high) has occurred while \output is active []



LaTeX Warning: \oval, \circle, or \line size unavailable on input line 389.

[9

]
Underfull \hbox (badness 1248) in paragraph at lines 399--402
\OT1/cmr/m/n/8 ``\OT1/cmss/m/n/8 sherifado\OT1/cmr/m/n/8 ", \OT1/cmr/m/sc/8 mai
[]usculo\OT1/cmr/m/n/8 , \OT1/cmtt/m/n/8 m^^Saquina de
 []


Underfull \hbox (badness 10000) in paragraph at lines 399--402

 []


Underfull \hbox (badness 10000) in paragraph at lines 403--404

 []

LaTeX Font Info:    Font shape `OMS/cmr/bx/n' in size <8> not available
(Font)              Font shape `OMS/cmsy/b/n' tried instead on input line 414.

Overfull \hbox (1.45493pt too wide) in paragraph at lines 442--442
[]\OT1/cmtt/m/n/6 {\sc mai^^Susculo}, {\tt m^^Saquina de escrever}.\\[] 
 []


LaTeX Warning: \oval, \circle, or \line size unavailable on input line 447.

[10

]

LaTeX Warning: \oval, \circle, or \line size unavailable on input line 484.

[11

]
Underfull \hbox (badness 2384) in paragraph at lines 503--512
[]\OT1/cmr/m/n/7 Adicionalmente, h^^Sa al-gu-mas de-ze-
 []


Underfull \hbox (badness 2005) in paragraph at lines 503--512
\OT1/cmr/m/n/7 tos para se-rem uti-li-za-dos, me-di-
 []


Underfull \hbox (badness 1052) in paragraph at lines 503--512
\OT1/cmr/m/n/7 Novamente, h^^Sa ne-ces-si-dade de se
 []

LaTeX Font Info:    Font shape `OMS/cmr/bx/n' in size <6> not available
(Font)              Font shape `OMS/cmsy/b/n' tried instead on input line 527.

Underfull \hbox (badness 2865) in paragraph at lines 524--528
[]$[]$\OT1/cmr/m/n/6 : algo como $\OML/cmm/m/it/6 y\OT1/cmr/m/n/6 (\OML/cmm/m/i
t/6 x\OT1/cmr/m/n/6 ) =
 []


Underfull \hbox (badness 1028) in paragraph at lines 524--528
\OT1/cmr/m/n/6 en-tre os s^^S^^Pmbolos \OT1/cmr/bx/n/6 $ ... $\OT1/cmr/m/n/6 , 
ou $\OMS/cmsy/m/n/6 n$\OT1/cmr/bx/n/6 (
 []


Underfull \hbox (badness 1365) in paragraph at lines 528--530
[]$[]$\OT1/cmr/m/n/6 : a f^^Sormula numa
 []


Underfull \hbox (badness 10000) in paragraph at lines 538--541
[]$[]$\OT1/cmr/m/n/6 : o qual per-mite
 []


Underfull \hbox (badness 10000) in paragraph at lines 538--541
\OT1/cmr/m/n/6 fa-zer f^^Sormulas com re-fer^encias
 []


Underfull \hbox (badness 7925) in paragraph at lines 538--541
\OT1/cmr/m/n/6 no texto. O am-bi-ente ^^Se de-fi-
 []


Underfull \hbox (badness 7888) in paragraph at lines 538--541
\OT1/cmr/m/n/6 nido por: $\OMS/cmsy/m/n/6 n$\OT1/cmr/bx/n/6 begin\OMS/cmsy/b/n/
6 f\OT1/cmr/bx/n/6 equation\OMS/cmsy/b/n/6 g \OT1/cmr/bx/n/6 ...
 []


LaTeX Warning: Slide 12 overfull by 10.76756pt on input line 551.


Overfull \vbox (5.96921pt too high) has occurred while \output is active []



LaTeX Warning: \oval, \circle, or \line size unavailable on input line 551.

[12

]
LaTeX Font Info:    Font shape `OMS/cmr/m/n' in size <8> not available
(Font)              Font shape `OMS/cmsy/m/n' tried instead on input line 576.


LaTeX Warning: \oval, \circle, or \line size unavailable on input line 591.

[13

]
Underfull \hbox (badness 10000) in paragraph at lines 627--628

 []


LaTeX Warning: \oval, \circle, or \line size unavailable on input line 652.

[14

]
Underfull \hbox (badness 10000) in paragraph at lines 661--664

 []


LaTeX Warning: Slide 15 overfull by 4.2398pt on input line 699.


LaTeX Warning: \oval, \circle, or \line size unavailable on input line 699.

[15

]
Underfull \hbox (badness 10000) in paragraph at lines 715--716
[]\OT1/cmr/m/n/7 Adicionar os pa-co-tes:
 []


Underfull \hbox (badness 10000) in paragraph at lines 715--716
\OMS/cmsy/m/n/7 n$\OT1/cmr/m/n/7 usepackage\OMS/cmsy/m/n/7 f\OT1/cmr/m/n/7 grap
hicx\OMS/cmsy/m/n/7 g\OT1/cmr/m/n/7 ,
 []


Underfull \hbox (badness 10000) in paragraph at lines 715--716
\OMS/cmsy/m/n/7 n$\OT1/cmr/m/n/7 usepackage\OMS/cmsy/m/n/7 f\OT1/cmr/m/n/7 floa
t,epsfig\OMS/cmsy/m/n/7 g \OT1/cmr/m/n/7 no
 []

File: figuras/casa_1.eps Graphic file (type eps)
<figuras/casa_1.eps>

LaTeX Warning: \oval, \circle, or \line size unavailable on input line 745.

[16

]
File: figuras/dog.eps Graphic file (type eps)
 <figuras/dog.eps>
File: figuras/casa_2.eps Graphic file (type eps)
 <figuras/casa_2.eps>
Underfull \hbox (badness 10000) in paragraph at lines 776--777
\OT1/cmr/m/n/7 Usar o $\OMS/cmsy/m/n/7 n$\OT1/cmr/m/n/7 restylefloat\OMS/cmsy/m
/n/7 f\OT1/cmr/m/n/7 figure\OMS/cmsy/m/n/7 g \OT1/cmr/m/n/7 no
 []


LaTeX Warning: Slide 17 overfull by 3.05675pt on input line 792.


LaTeX Warning: \oval, \circle, or \line size unavailable on input line 792.

[17

]
LaTeX Font Info:    Font shape `OMS/cmr/bx/n' in size <7> not available
(Font)              Font shape `OMS/cmsy/b/n' tried instead on input line 808.

Underfull \hbox (badness 10000) in paragraph at lines 809--810
[]\OT1/cmr/m/n/7 Compile o ar-quivo: la-tex
 []


Underfull \hbox (badness 10000) in paragraph at lines 810--811
[]\OT1/cmr/m/n/7 Execute o \OT1/cmr/bx/n/7 bib-tex\OT1/cmr/m/n/7 : bib-tex
 []


Underfull \hbox (badness 10000) in paragraph at lines 811--812
[]\OT1/cmr/m/n/7 Confira se meu[]arquivo.blg e
 []


Overfull \hbox (17.39265pt too wide) in paragraph at lines 838--838
[]\OT1/cmtt/m/n/6 AUTHOR = "Richard K. Furuta and Pierre A. MacKay",[] 
 []


Overfull \hbox (20.5802pt too wide) in paragraph at lines 838--838
[]\OT1/cmtt/m/n/6 TITLE = "Two {\TeX} Implementations .... {IBM PC}",[] 
 []


LaTeX Warning: Slide 18 overfull by 4.94247pt on input line 849.


LaTeX Warning: \oval, \circle, or \line size unavailable on input line 849.

[18

]

LaTeX Warning: Citation `furuta:pctex' on page 19 undefined on input line 860.


LaTeX Warning: Citation `lamport:latex' on page 19 undefined on input line 861.



LaTeX Warning: Citation `furuta:pctex' on page 19 undefined on input line 861.


LaTeX Warning: Citation `lamport:latex' on page 19 undefined on input line 861.


No file brincando_com_latex.bbl.

LaTeX Warning: \oval, \circle, or \line size unavailable on input line 882.

[19

]

LaTeX Warning: \oval, \circle, or \line size unavailable on input line 908.

[20

]

LaTeX Warning: \oval, \circle, or \line size unavailable on input line 938.

[21

]

*******************************************************
***** !! PRINT THIS DOCUMENT IN LANDSCAPE MODE !! *****
*******************************************************
(./brincando_com_latex.aux)

LaTeX Warning: There were undefined references.

 ) 
Here is how much of TeX's memory you used:
 2685 strings out of 494964
 32301 string characters out of 6179673
 92832 words of memory out of 5000000
 5863 multiletter control sequences out of 15000+600000
 16412 words of font info for 63 fonts, out of 8000000 for 9000
 38 hyphenation exceptions out of 8191
 32i,22n,28p,236b,694s stack positions out of 5000i,500n,10000p,200000b,80000s

Output written on brincando_com_latex.dvi (21 pages, 30628 bytes).
