This is pdfTeX, Version 3.14159265-2.6-1.40.16 (TeX Live 2015/Debian) (preloaded format=latex 2016.4.13)  29 MAY 2016 10:34
entering extended mode
 restricted \write18 enabled.
 %&-line parsing enabled.
**./images.tex
(./images.tex
LaTeX2e <2016/02/01>
Babel <3.9q> and hyphenation patterns for 4 language(s) loaded.

(/usr/share/texlive/texmf-dist/tex/latex/base/report.cls
Document Class: report 2014/09/29 v1.4h Standard LaTeX document class
(/usr/share/texlive/texmf-dist/tex/latex/base/size11.clo
File: size11.clo 2014/09/29 v1.4h Standard LaTeX file (size option)
)
\c@part=\count79
\c@chapter=\count80
\c@section=\count81
\c@subsection=\count82
\c@subsubsection=\count83
\c@paragraph=\count84
\c@subparagraph=\count85
\c@figure=\count86
\c@table=\count87
\abovecaptionskip=\skip41
\belowcaptionskip=\skip42
\bibindent=\dimen102
) (/usr/share/texlive/texmf-dist/tex/latex/base/ifthen.sty
Package: ifthen 2014/09/29 v1.1c Standard LaTeX ifthen package (DPC)
) (/usr/share/texlive/texmf-dist/tex/latex/changepage/chngpage.sty
Package: chngpage 2009/10/20 v1.2b change page layout
\c@cp@cnt=\count88
\c@cp@tempcnt=\count89
) (/usr/share/texlive/texmf-dist/tex/latex/base/makeidx.sty
Package: makeidx 2014/09/29 v1.0m Standard LaTeX package
) (/usr/share/texlive/texmf-dist/tex/latex/tools/multicol.sty
Package: multicol 2015/08/19 v1.8n multicolumn formatting (FMi)
\c@tracingmulticols=\count90
\mult@box=\box26
\multicol@leftmargin=\dimen103
\c@unbalance=\count91
\c@collectmore=\count92
\doublecol@number=\count93
\multicoltolerance=\count94
\multicolpretolerance=\count95
\full@width=\dimen104
\page@free=\dimen105
\premulticols=\dimen106
\postmulticols=\dimen107
\multicolsep=\skip43
\multicolbaselineskip=\skip44
\partial@page=\box27
\last@line=\box28
\maxbalancingoverflow=\dimen108
\mult@rightbox=\box29
\mult@grightbox=\box30
\mult@gfirstbox=\box31
\mult@firstbox=\box32
\@tempa=\box33
\@tempa=\box34
\@tempa=\box35
\@tempa=\box36
\@tempa=\box37
\@tempa=\box38
\@tempa=\box39
\@tempa=\box40
\@tempa=\box41
\@tempa=\box42
\@tempa=\box43
\@tempa=\box44
\@tempa=\box45
\@tempa=\box46
\@tempa=\box47
\@tempa=\box48
\@tempa=\box49
\c@columnbadness=\count96
\c@finalcolumnbadness=\count97
\last@try=\dimen109
\multicolovershoot=\dimen110
\multicolundershoot=\dimen111
\mult@nat@firstbox=\box50
\colbreak@box=\box51
\mc@col@check@num=\count98
) (/usr/share/texlive/texmf-dist/tex/latex/sectsty/sectsty.sty
Package: sectsty 2002/02/25 v2.0.2 Commands to change all sectional heading sty
les
) (/usr/share/texlive/texmf-dist/tex/latex/setspace/setspace.sty
Package: setspace 2011/12/19 v6.7a set line spacing
) (/usr/share/texlive/texmf-dist/tex/latex/psnfss/times.sty
Package: times 2005/04/12 PSNFSS-v9.2a (SPQR) 
) (/usr/share/texlive/texmf-dist/tex/latex/url/url.sty
\Urlmuskip=\muskip10
Package: url 2013/09/16  ver 3.4  Verb mode for urls, etc.
) (/usr/share/texlive/texmf-dist/tex/latex/vmargin/vmargin.sty
Package: vmargin 2004/07/15 V2.5 set document margins (VK)
Package: vmargin 2004/07/15 V2.5 set document margins (VK)
\PaperWidth=\dimen112
\PaperHeight=\dimen113
)
\@indexfile=\write3
\openout3 = `images.idx'.

Writing index file images.idx
(/usr/share/texlive/texmf-dist/tex/latex/hyperref/hyperref.sty
Package: hyperref 2012/11/06 v6.83m Hypertext links for LaTeX
(/usr/share/texlive/texmf-dist/tex/generic/oberdiek/hobsub-hyperref.sty
Package: hobsub-hyperref 2012/05/28 v1.13 Bundle oberdiek, subset hyperref (HO)

(/usr/share/texlive/texmf-dist/tex/generic/oberdiek/hobsub-generic.sty
Package: hobsub-generic 2012/05/28 v1.13 Bundle oberdiek, subset generic (HO)
Package: hobsub 2012/05/28 v1.13 Construct package bundles (HO)
Package: infwarerr 2010/04/08 v1.3 Providing info/warning/error messages (HO)
Package: ltxcmds 2011/11/09 v1.22 LaTeX kernel commands for general use (HO)
Package: ifluatex 2010/03/01 v1.3 Provides the ifluatex switch (HO)
Package ifluatex Info: LuaTeX not detected.
Package: ifvtex 2010/03/01 v1.5 Detect VTeX and its facilities (HO)
Package ifvtex Info: VTeX not detected.
Package: intcalc 2007/09/27 v1.1 Expandable calculations with integers (HO)
Package: ifpdf 2011/01/30 v2.3 Provides the ifpdf switch (HO)
Package ifpdf Info: pdfTeX in PDF mode is not detected.
Package: etexcmds 2011/02/16 v1.5 Avoid name clashes with e-TeX commands (HO)
Package etexcmds Info: Could not find \expanded.
(etexcmds)             That can mean that you are not using pdfTeX 1.50 or
(etexcmds)             that some package has redefined \expanded.
(etexcmds)             In the latter case, load this package earlier.
Package: kvsetkeys 2012/04/25 v1.16 Key value parser (HO)
Package: kvdefinekeys 2011/04/07 v1.3 Define keys (HO)
Package: pdftexcmds 2011/11/29 v0.20 Utility functions of pdfTeX for LuaTeX (HO
)
Package pdftexcmds Info: LuaTeX not detected.
Package pdftexcmds Info: \pdf@primitive is available.
Package pdftexcmds Info: \pdf@ifprimitive is available.
Package pdftexcmds Info: \pdfdraftmode is ignored in DVI mode.
Package: pdfescape 2011/11/25 v1.13 Implements pdfTeX's escape features (HO)
Package: bigintcalc 2012/04/08 v1.3 Expandable calculations on big integers (HO
)
Package: bitset 2011/01/30 v1.1 Handle bit-vector datatype (HO)
Package: uniquecounter 2011/01/30 v1.2 Provide unlimited unique counter (HO)
)
Package hobsub Info: Skipping package `hobsub' (already loaded).
Package: letltxmacro 2010/09/02 v1.4 Let assignment for LaTeX macros (HO)
Package: hopatch 2012/05/28 v1.2 Wrapper for package hooks (HO)
Package: xcolor-patch 2011/01/30 xcolor patch
Package: atveryend 2011/06/30 v1.8 Hooks at the very end of document (HO)
Package atveryend Info: \enddocument detected (standard20110627).
Package: atbegshi 2011/10/05 v1.16 At begin shipout hook (HO)
Package: refcount 2011/10/16 v3.4 Data extraction from label references (HO)
Package: hycolor 2011/01/30 v1.7 Color options for hyperref/bookmark (HO)
) (/usr/share/texlive/texmf-dist/tex/latex/graphics/keyval.sty
Package: keyval 2014/10/28 v1.15 key=value parser (DPC)
\KV@toks@=\toks14
) (/usr/share/texlive/texmf-dist/tex/generic/ifxetex/ifxetex.sty
Package: ifxetex 2010/09/12 v0.6 Provides ifxetex conditional
) (/usr/share/texlive/texmf-dist/tex/latex/oberdiek/auxhook.sty
Package: auxhook 2011/03/04 v1.3 Hooks for auxiliary files (HO)
) (/usr/share/texlive/texmf-dist/tex/latex/oberdiek/kvoptions.sty
Package: kvoptions 2011/06/30 v3.11 Key value format for package options (HO)
)
\@linkdim=\dimen114
\Hy@linkcounter=\count99
\Hy@pagecounter=\count100
(/usr/share/texlive/texmf-dist/tex/latex/hyperref/pd1enc.def
File: pd1enc.def 2012/11/06 v6.83m Hyperref: PDFDocEncoding definition (HO)
)
\Hy@SavedSpaceFactor=\count101
(/usr/share/texlive/texmf-dist/tex/latex/latexconfig/hyperref.cfg
File: hyperref.cfg 2002/06/06 v1.2 hyperref configuration of TeXLive
)
Package hyperref Info: Option `bookmarks' set `true' on input line 4319.
Package hyperref Info: Hyper figures OFF on input line 4443.
Package hyperref Info: Link nesting OFF on input line 4448.
Package hyperref Info: Hyper index ON on input line 4451.
Package hyperref Info: Plain pages OFF on input line 4458.
Package hyperref Info: Backreferencing OFF on input line 4463.
Package hyperref Info: Implicit mode ON; LaTeX internals redefined.
Package hyperref Info: Bookmarks ON on input line 4688.
\c@Hy@tempcnt=\count102
LaTeX Info: Redefining \url on input line 5041.
\XeTeXLinkMargin=\dimen115
\Fld@menulength=\count103
\Field@Width=\dimen116
\Fld@charsize=\dimen117
Package hyperref Info: Hyper figures OFF on input line 6295.
Package hyperref Info: Link nesting OFF on input line 6300.
Package hyperref Info: Hyper index ON on input line 6303.
Package hyperref Info: backreferencing OFF on input line 6310.
Package hyperref Info: Link coloring OFF on input line 6315.
Package hyperref Info: Link coloring with OCG OFF on input line 6320.
Package hyperref Info: PDF/A mode OFF on input line 6325.
LaTeX Info: Redefining \ref on input line 6365.
LaTeX Info: Redefining \pageref on input line 6369.
\Hy@abspage=\count104
\c@Item=\count105
\c@Hfootnote=\count106
)

Package hyperref Message: Driver (default): hdvips.

(/usr/share/texlive/texmf-dist/tex/latex/hyperref/hdvips.def
File: hdvips.def 2012/11/06 v6.83m Hyperref driver for dvips
(/usr/share/texlive/texmf-dist/tex/latex/hyperref/pdfmark.def
File: pdfmark.def 2012/11/06 v6.83m Hyperref definitions for pdfmark specials
\pdf@docset=\toks15
\pdf@box=\box52
\pdf@toks=\toks16
\pdf@defaulttoks=\toks17
\HyField@AnnotCount=\count107
\Fld@listcount=\count108
\c@bookmark@seq@number=\count109
(/usr/share/texlive/texmf-dist/tex/latex/oberdiek/rerunfilecheck.sty
Package: rerunfilecheck 2011/04/15 v1.7 Rerun checks for auxiliary files (HO)
Package uniquecounter Info: New unique counter `rerunfilecheck' on input line 2
82.
)
\Hy@SectionHShift=\skip45
)) (/usr/share/texlive/texmf-dist/tex/latex/graphics/color.sty
Package: color 2016/01/03 v1.1b Standard LaTeX Color (DPC)
(/usr/share/texlive/texmf-dist/tex/latex/latexconfig/color.cfg
File: color.cfg 2007/01/18 v1.5 color configuration of teTeX/TeXLive
)
Package color Info: Driver file: dvips.def on input line 143.
(/usr/share/texlive/texmf-dist/tex/latex/graphics/dvips.def
File: dvips.def 2015/12/30 v3.0k Driver-dependent file (DPC,SPQR)
) (/usr/share/texlive/texmf-dist/tex/latex/graphics/dvipsnam.def
File: dvipsnam.def 2015/12/30 v3.0k Driver-dependent file (DPC,SPQR)
)) (/usr/share/texlive/texmf-dist/tex/latex/base/inputenc.sty
Package: inputenc 2015/03/17 v1.2c Input encoding file
\inpenc@prehook=\toks18
\inpenc@posthook=\toks19
(/usr/share/texlive/texmf-dist/tex/latex/base/latin1.def
File: latin1.def 2015/03/17 v1.2c Input encoding file
))
\sizebox=\box53
\lthtmlwrite=\write4
No file images.aux.
\openout1 = `images.aux'.

LaTeX Font Info:    Checking defaults for OML/cmm/m/it on input line 145.
LaTeX Font Info:    ... okay on input line 145.
LaTeX Font Info:    Checking defaults for T1/cmr/m/n on input line 145.
LaTeX Font Info:    ... okay on input line 145.
LaTeX Font Info:    Checking defaults for OT1/cmr/m/n on input line 145.
LaTeX Font Info:    ... okay on input line 145.
LaTeX Font Info:    Checking defaults for OMS/cmsy/m/n on input line 145.
LaTeX Font Info:    ... okay on input line 145.
LaTeX Font Info:    Checking defaults for OMX/cmex/m/n on input line 145.
LaTeX Font Info:    ... okay on input line 145.
LaTeX Font Info:    Checking defaults for U/cmr/m/n on input line 145.
LaTeX Font Info:    ... okay on input line 145.
LaTeX Font Info:    Checking defaults for PD1/pdf/m/n on input line 145.
LaTeX Font Info:    ... okay on input line 145.
LaTeX Font Info:    Try loading font information for OT1+ptm on input line 145.

(/usr/share/texlive/texmf-dist/tex/latex/psnfss/ot1ptm.fd
File: ot1ptm.fd 2001/06/04 font definitions for OT1/ptm.
)
\AtBeginShipoutBox=\box54
Package hyperref Info: Link coloring OFF on input line 145.
(/usr/share/texlive/texmf-dist/tex/latex/hyperref/nameref.sty
Package: nameref 2012/10/27 v2.43 Cross-referencing by name of section
(/usr/share/texlive/texmf-dist/tex/generic/oberdiek/gettitlestring.sty
Package: gettitlestring 2010/12/03 v1.4 Cleanup title references (HO)
)
\c@section@level=\count110
)
LaTeX Info: Redefining \ref on input line 145.
LaTeX Info: Redefining \pageref on input line 145.
LaTeX Info: Redefining \nameref on input line 145.
\@outlinefile=\write5
\openout5 = `images.out'.


Package hyperref Warning: Rerun to get /PageLabels entry.


latex2htmlLength hsize=349.0pt

latex2htmlLength vsize=803.2213pt

latex2htmlLength hoffset=0.0pt

latex2htmlLength voffset=0.0pt

latex2htmlLength topmargin=0.0pt

latex2htmlLength topskip=0.00003pt

latex2htmlLength headheight=0.0pt

latex2htmlLength headsep=0.0pt

latex2htmlLength parskip=0.0pt plus 1.0pt

latex2htmlLength oddsidemargin=99.58464pt

latex2htmlLength evensidemargin=99.58464pt

LaTeX Font Info:    External font `cmex10' loaded for size
(Font)              <10.95> on input line 170.
LaTeX Font Info:    External font `cmex10' loaded for size
(Font)              <8> on input line 170.
LaTeX Font Info:    External font `cmex10' loaded for size
(Font)              <6> on input line 170.
l2hSize :tex2html_wrap_inline1103:7.48248pt::0.0pt::49.22107pt.
[1



]
l2hSize :tex2html_wrap_inline1107:7.60416pt::0.0pt::21.46358pt.
[2


]
l2hSize :tex2html_wrap_inline1109:7.98248pt::7.98248pt::23.97725pt.
[3


]
l2hSize :tex2html_wrap_inline1111:7.98248pt::7.98248pt::23.97725pt.
[4


]
l2hSize :tex2html_wrap_inline1113:7.39124pt::0.0pt::13.32248pt.
[5


]
l2hSize :tex2html_wrap_inline1115:7.98248pt::7.98248pt::24.88466pt.
[6


]
l2hSize :tex2html_wrap_inline1119:7.89124pt::7.89124pt::9.25177pt.
[7


]
l2hSize :tex2html_wrap_inline1123:7.89124pt::7.89124pt::10.15918pt.
[8


]
l2hSize :tex2html_wrap_inline1125:7.39124pt::0.0pt::5.68033pt.
[9


]
l2hSize :tex2html_wrap_inline1135:7.39124pt::0.0pt::7.1201pt.
[10


]
l2hSize :tex2html_wrap_inline1137:7.89124pt::7.89124pt::7.89566pt.
[11


]
l2hSize :tex2html_wrap_inline1139:7.89124pt::7.89124pt::45.56735pt.
[12


]
l2hSize :tex2html_wrap_inline1147:7.98248pt::7.98248pt::86.31876pt.
[13


]
l2hSize :tex2html_wrap_inline1149:7.48248pt::0.0pt::7.89314pt.
[14


]
l2hSize :tex2html_wrap_inline1153:8.10416pt::8.10416pt::59.6572pt.
[15


]
l2hSize :tex2html_wrap_inline1159:7.98248pt::7.98248pt::59.34529pt.
[16


]
l2hSize :tex2html_wrap_inline1161:7.98248pt::7.98248pt::8.75493pt.
[17


]
l2hSize :tex2html_wrap_inline1163:7.48248pt::0.0pt::10.47856pt.
[18


]
l2hSize :tex2html_wrap_inline1165:7.48248pt::0.0pt::6.22023pt.
[19


]
l2hSize :tex2html_wrap_inline1173:7.48248pt::0.0pt::8.46729pt.
[20


]
l2hSize :tex2html_wrap_inline1175:7.98248pt::7.98248pt::13.38083pt.
[21


]
l2hSize :tex2html_wrap_inline1177:7.98248pt::7.98248pt::14.36328pt.
[22


]
l2hSize :tex2html_wrap_inline1179:8.10416pt::8.10416pt::31.4866pt.
[23


]
l2hSize :tex2html_wrap_inline1183:7.98248pt::7.98248pt::14.28824pt.
[24


]
l2hSize :tex2html_wrap_inline1185:7.98248pt::7.98248pt::15.27069pt.
[25


]
l2hSize :tex2html_wrap_inline1187:8.10416pt::8.10416pt::32.39401pt.
[26


]
l2hSize :tex2html_wrap_inline1191:7.98248pt::7.98248pt::12.02472pt.
[27


]
l2hSize :tex2html_wrap_inline1193:7.98248pt::7.98248pt::13.00717pt.
[28


]
l2hSize :tex2html_wrap_inline1201:7.98248pt::7.98248pt::40.57982pt.
[29


]
l2hSize :tex2html_wrap_inline1205:7.98248pt::7.98248pt::42.39464pt.
[30


]
l2hSize :tex2html_wrap_inline1241:8.10416pt::8.10416pt::72.42972pt.
[31


]
l2hSize :tex2html_wrap_inline1243:7.98248pt::7.98248pt::21.49069pt.
[32


]
l2hSize :tex2html_wrap_inline1245:7.39124pt::0.0pt::9.06422pt.
[33


]
l2hSize :tex2html_wrap_inline1247:7.60416pt::0.0pt::18.63914pt.
[34


]
l2hSize :tex2html_wrap_inline1249:7.98248pt::7.98248pt::23.66167pt.
[35


]
l2hSize :tex2html_wrap_inline1255:7.98248pt::7.98248pt::49.47147pt.
[36


]
l2hSize :tex2html_wrap_inline1271:8.10416pt::8.10416pt::58.63828pt.
[37


]
l2hSize :tex2html_wrap_inline1281:7.98248pt::7.98248pt::35.68002pt.
[38


]
l2hSize :tex2html_wrap_inline1293:8.7125pt::8.7125pt::82.2553pt.
[39


]
l2hSize :tex2html_wrap_inline1295:8.7125pt::8.7125pt::84.08026pt.
[40


]
l2hSize :tex2html_wrap_inline1297:7.98248pt::7.98248pt::13.5101pt.
[41


]
l2hSize :tex2html_wrap_inline1301:8.10416pt::8.10416pt::7.08714pt.
[42


]
l2hSize :tex2html_wrap_inline1303:7.48248pt::0.0pt::33.16693pt.
[43


]
l2hSize :tex2html_wrap_inline1305:7.48248pt::0.0pt::21.91275pt.
[44


]
l2hSize :tex2html_wrap_inline1307:8.7125pt::8.7125pt::28.37878pt.
[45


]
l2hSize :tex2html_wrap_inline1309:8.7125pt::8.7125pt::43.50859pt.
[46


]
l2hSize :tex2html_wrap_inline1311:7.98248pt::7.98248pt::22.48172pt.
[47


]
l2hSize :tex2html_wrap_inline1313:7.60416pt::0.0pt::40.12344pt.
[48


]
l2hSize :tex2html_wrap_inline1315:7.98248pt::7.98248pt::22.48172pt.
[49


]
l2hSize :tex2html_wrap_inline1317:8.7125pt::8.7125pt::29.1734pt.
[50


]
l2hSize :tex2html_wrap_inline1319:7.48248pt::0.0pt::8.76004pt.
[51


]
l2hSize :tex2html_wrap_inline1321:8.10416pt::8.10416pt::60.9185pt.
[52


]
l2hSize :tex2html_wrap_inline1323:8.10416pt::8.10416pt::28.90854pt.
[53


]
l2hSize :tex2html_wrap_inline1329:7.60416pt::0.0pt::27.12537pt.
[54


]
l2hSize :tex2html_wrap_inline1331:8.7125pt::8.7125pt::57.22252pt.
[55


]
l2hSize :tex2html_wrap_inline1333:7.89124pt::7.89124pt::6.05675pt.
[56


]
l2hSize :tex2html_wrap_inline1337:7.39124pt::0.0pt::27.19502pt.
[57


]
l2hSize :tex2html_wrap_inline1339:7.60416pt::0.0pt::26.73654pt.
[58


]
l2hSize :tex2html_wrap_inline1341:7.48248pt::0.0pt::9.15694pt.
[59


]
l2hSize :tex2html_wrap_inline1371:8.10416pt::8.10416pt::28.27003pt.
[60


]
l2hSize :tex2html_wrap_inline1373:8.10416pt::8.10416pt::28.27003pt.
[61


]
l2hSize :tex2html_wrap_inline1375:7.48248pt::0.0pt::9.2619pt.
[62


]
l2hSize :tex2html_wrap_inline1379:7.60416pt::0.0pt::21.91045pt.
[63


]
l2hSize :tex2html_wrap_inline1387:7.89124pt::7.89124pt::10.15918pt.
[64


]
l2hSize :tex2html_wrap_inline1389:7.98248pt::7.98248pt::65.03444pt.
[65


]
l2hSize :tex2html_wrap_inline1393:7.98248pt::7.98248pt::71.57155pt.
[66


]
l2hSize :tex2html_wrap_inline1395:7.98248pt::7.98248pt::18.4631pt.
[67


]
l2hSize :tex2html_wrap_inline1397:7.89124pt::7.89124pt::9.06422pt.
[68


]
l2hSize :tex2html_wrap_inline1399:7.89124pt::7.89124pt::9.06422pt.
[69


]
l2hSize :tex2html_wrap_inline1401:7.98248pt::7.98248pt::62.32222pt.
[70


]
l2hSize :tex2html_wrap_inline1405:7.48248pt::0.0pt::9.10983pt.
[71


]
l2hSize :tex2html_wrap_inline1411:8.7125pt::8.7125pt::58.25291pt.
[72


]
l2hSize :tex2html_wrap_inline1425:7.98248pt::7.98248pt::21.02934pt.
[73


]
l2hSize :tex2html_wrap_inline1427:7.48248pt::0.0pt::25.33708pt.
[74


]
l2hSize :tex2html_wrap_inline1429:7.39124pt::0.0pt::3.5892pt.
[75


]
l2hSize :tex2html_wrap_inline1431:7.48248pt::0.0pt::26.2838pt.
[76


]
l2hSize :tex2html_wrap_inline1439:8.7125pt::8.7125pt::22.2346pt.
[77


]
l2hSize :tex2html_wrap_inline1459:7.60416pt::0.0pt::23.73544pt.
[78


]
l2hSize :tex2html_wrap_inline1461:7.98248pt::7.98248pt::40.30432pt.
[79


]
l2hSize :tex2html_wrap_inline1463:8.10416pt::8.10416pt::30.1305pt.
[80


]
l2hSize :tex2html_wrap_inline1499:7.48248pt::0.0pt::7.99962pt.
[81


]
l2hSize :tex2html_wrap_inline1501:7.98248pt::7.98248pt::12.74968pt.
[82


]
l2hSize :tex2html_wrap_inline1503:7.89124pt::7.89124pt::10.3962pt.
[83


]
l2hSize :tex2html_wrap_inline1505:8.7125pt::8.7125pt::3.5892pt.
[84


]
l2hSize :tex2html_wrap_inline1509:7.98248pt::7.98248pt::12.74968pt.
[85


]
l2hSize :tex2html_wrap_inline1511:7.89124pt::7.89124pt::10.3962pt.
[86


]
l2hSize :tex2html_wrap_inline1519:7.98248pt::7.98248pt::13.65709pt.
[87


]
l2hSize :tex2html_wrap_inline1521:7.89124pt::7.89124pt::11.3036pt.
[88


]
l2hSize :tex2html_wrap_inline1525:7.98248pt::7.98248pt::24.51836pt.
[89


]
l2hSize :tex2html_wrap_inline1553:7.98248pt::7.98248pt::13.65709pt.
[90


]
l2hSize :tex2html_wrap_inline1557:7.48248pt::0.0pt::31.04028pt.
[91


]
l2hSize :tex2html_wrap_inline1561:7.98248pt::7.98248pt::35.79034pt.
[92


]
l2hSize :tex2html_wrap_inline1565:7.98248pt::7.98248pt::36.69775pt.
[93


]
l2hSize :tex2html_wrap_inline1567:7.98248pt::7.98248pt::34.43423pt.
[94


]
l2hSize :tex2html_wrap_inline1569:7.98248pt::7.98248pt::50.4735pt.
[95


]
l2hSize :tex2html_wrap_inline1577:7.60416pt::0.0pt::42.42502pt.
[96


]
l2hSize :tex2html_wrap_inline1583:7.98248pt::7.98248pt::89.63632pt.
[97


]
l2hSize :tex2html_wrap_inline1591:8.10416pt::8.10416pt::41.87651pt.
[98


]
l2hSize :tex2html_wrap_inline1631:8.10416pt::8.10416pt::47.01291pt.
[99


]
l2hSize :tex2html_wrap_inline1639:8.7125pt::8.7125pt::104.03798pt.
[100


]
l2hSize :tex2html_wrap_inline1647:7.48248pt::0.0pt::30.58784pt.
[101


]
l2hSize :tex2html_wrap_inline1693:7.48248pt::0.0pt::15.59009pt.
[102


]
Package atveryend Info: Empty hook `BeforeClearDocument' on input line 796.
Package atveryend Info: Empty hook `AfterLastShipout' on input line 796.
(./images.aux)
Package atveryend Info: Empty hook `AtVeryEndDocument' on input line 796.
Package atveryend Info: Executing hook `AtEndAfterFileList' on input line 796.

Package rerunfilecheck Warning: File `images.out' has changed.
(rerunfilecheck)                Rerun to get outlines right
(rerunfilecheck)                or use package `bookmark'.

Package rerunfilecheck Info: Checksums for `images.out':
(rerunfilecheck)             Before: <no file>
(rerunfilecheck)             After:  D41D8CD98F00B204E9800998ECF8427E;0.
Package atveryend Info: Empty hook `AtVeryVeryEnd' on input line 796.
 ) 
Here is how much of TeX's memory you used:
 5088 strings out of 494930
 76214 string characters out of 6180168
 154441 words of memory out of 5000000
 8365 multiletter control sequences out of 15000+600000
 6886 words of font info for 24 fonts, out of 8000000 for 9000
 16 hyphenation exceptions out of 8191
 29i,5n,19p,207b,357s stack positions out of 5000i,500n,10000p,200000b,80000s

Output written on images.dvi (102 pages, 63684 bytes).
