This is pdfTeX, Version 3.14159265-2.6-1.40.16 (TeX Live 2015/Debian) (preloaded format=latex 2016.2.5)  7 FEB 2016 22:30
entering extended mode
 restricted \write18 enabled.
 %&-line parsing enabled.
**capitulo-3_MINIZINC.tex
(./capitulo-3_MINIZINC.tex
LaTeX2e <2015/10/01> patch level 2
Babel <3.9n> and hyphenation patterns for 3 languages loaded.
! Undefined control sequence.
l.1 \chapter
            {A Linguagem de Programação MiniZinc}
? 
! Emergency stop.
l.1 \chapter
            {A Linguagem de Programação MiniZinc}
End of file on the terminal!

 
Here is how much of TeX's memory you used:
 5 strings out of 494942
 182 string characters out of 6180269
 45670 words of memory out of 5000000
 3388 multiletter control sequences out of 15000+600000
 3640 words of font info for 14 fonts, out of 8000000 for 9000
 16 hyphenation exceptions out of 8191
 5i,0n,1p,73b,8s stack positions out of 5000i,500n,10000p,200000b,80000s
No pages of output.
