\BOOKMARK [0][-]{chapter.1}{Fundamentos de Complexidade de Problemas}{}% 1
\BOOKMARK [1][-]{section.1.1}{Proposta da PR}{chapter.1}% 2
\BOOKMARK [0][-]{chapter.2}{Programa\347\343o por Restri\347\365es}{}% 3
\BOOKMARK [1][-]{section.2.1}{Mapeando o Territ\363rio}{chapter.2}% 4
\BOOKMARK [2][-]{subsection.2.1.1}{Problemas em Intelig\352ncia Artificial}{section.2.1}% 5
\BOOKMARK [2][-]{subsection.2.1.2}{Problemas de Satisfa\347\343o de Restri\347\365es}{section.2.1}% 6
\BOOKMARK [1][-]{section.2.2}{Apresentando a PR}{chapter.2}% 7
\BOOKMARK [1][-]{section.2.3}{Ilustrando os Conceitos}{chapter.2}% 8
\BOOKMARK [1][-]{section.2.4}{Elementos ou Formalizando a PR}{chapter.2}% 9
\BOOKMARK [2][-]{subsection.2.4.1}{Defini\347\365es}{section.2.4}% 10
\BOOKMARK [1][-]{section.2.5}{Modelagem}{chapter.2}% 11
\BOOKMARK [2][-]{subsection.2.5.1}{Exemplo de Modelagem}{section.2.5}% 12
\BOOKMARK [1][-]{section.2.6}{Buscas}{chapter.2}% 13
\BOOKMARK [1][-]{section.2.7}{Acelerando as Buscas}{chapter.2}% 14
\BOOKMARK [1][-]{section.2.8}{Conclus\365es Parciais}{chapter.2}% 15
\BOOKMARK [0][-]{chapter.3}{A Linguagem de Programa\347\343o MiniZinc}{}% 16
\BOOKMARK [1][-]{section.3.1}{Apresentando o MiniZinc}{chapter.3}% 17
\BOOKMARK [1][-]{section.3.2}{Elementos da Linguagem}{chapter.3}% 18
\BOOKMARK [2][-]{subsection.3.2.1}{Um Paradigma Computacional}{section.3.2}% 19
\BOOKMARK [2][-]{subsection.3.2.2}{Estrutura de um Programa em MiniZinc}{section.3.2}% 20
\BOOKMARK [2][-]{subsection.3.2.3}{Constantes ou Par\342metros}{section.3.2}% 21
\BOOKMARK [2][-]{subsection.3.2.4}{Vari\341veis}{section.3.2}% 22
\BOOKMARK [2][-]{subsection.3.2.5}{Restri\347\365es ou Declara\347\365es L\363gicas}{section.3.2}% 23
\BOOKMARK [2][-]{subsection.3.2.6}{Satisfatibilidade e Otimiza\347\343o}{section.3.2}% 24
\BOOKMARK [2][-]{subsection.3.2.7}{Sa\355das}{section.3.2}% 25
\BOOKMARK [2][-]{subsection.3.2.8}{Instala\347\343o e Uso}{section.3.2}% 26
\BOOKMARK [1][-]{section.3.3}{Um Exemplo}{chapter.3}% 27
\BOOKMARK [0][-]{chapter.4}{Modelagem de Problemas}{}% 28
\BOOKMARK [1][-]{section.4.1}{Cabo de Guerra}{chapter.4}% 29
\BOOKMARK [2][-]{subsection.4.1.1}{Descri\347\343o}{section.4.1}% 30
\BOOKMARK [2][-]{subsection.4.1.2}{Especifica\347\343o}{section.4.1}% 31
\BOOKMARK [2][-]{subsection.4.1.3}{Modelagem}{section.4.1}% 32
\BOOKMARK [2][-]{subsection.4.1.4}{Estrat\351gia}{section.4.1}% 33
\BOOKMARK [2][-]{subsection.4.1.5}{Implementa\347\343o}{section.4.1}% 34
\BOOKMARK [2][-]{subsection.4.1.6}{Resultados e An\341lise}{section.4.1}% 35
