This is pdfTeX, Version 3.14159265-2.6-1.40.20 (TeX Live 2019/Arch Linux) (preloaded format=pdflatex 2020.5.23)  31 MAY 2020 14:13
entering extended mode
 restricted \write18 enabled.
 %&-line parsing enabled.
**catolica_planejamento.tex
(./catolica_planejamento.tex
LaTeX2e <2019-10-01> patch level 1
(/usr/share/texmf-dist/tex/latex/beamer/beamer.cls
Document Class: beamer 2019/09/29 v3.57 A class for typesetting presentations
(/usr/share/texmf-dist/tex/latex/beamer/beamerbasemodes.sty
(/usr/share/texmf-dist/tex/latex/etoolbox/etoolbox.sty
Package: etoolbox 2019/09/21 v2.5h e-TeX tools for LaTeX (JAW)
\etb@tempcnta=\count80
)
\beamer@tempbox=\box27
\beamer@tempcount=\count81
\c@beamerpauses=\count82

(/usr/share/texmf-dist/tex/latex/beamer/beamerbasedecode.sty
\beamer@slideinframe=\count83
\beamer@minimum=\count84
\beamer@decode@box=\box28
)
\beamer@commentbox=\box29
\beamer@modecount=\count85
)
(/usr/share/texmf-dist/tex/generic/oberdiek/ifpdf.sty
Package: ifpdf 2018/09/07 v3.3 Provides the ifpdf switch
)
\headdp=\dimen102
\footheight=\dimen103
\sidebarheight=\dimen104
\beamer@tempdim=\dimen105
\beamer@finalheight=\dimen106
\beamer@animht=\dimen107
\beamer@animdp=\dimen108
\beamer@animwd=\dimen109
\beamer@leftmargin=\dimen110
\beamer@rightmargin=\dimen111
\beamer@leftsidebar=\dimen112
\beamer@rightsidebar=\dimen113
\beamer@boxsize=\dimen114
\beamer@vboxoffset=\dimen115
\beamer@descdefault=\dimen116
\beamer@descriptionwidth=\dimen117
\beamer@lastskip=\skip41
\beamer@areabox=\box30
\beamer@animcurrent=\box31
\beamer@animshowbox=\box32
\beamer@sectionbox=\box33
\beamer@logobox=\box34
\beamer@linebox=\box35
\beamer@sectioncount=\count86
\beamer@subsubsectionmax=\count87
\beamer@subsectionmax=\count88
\beamer@sectionmax=\count89
\beamer@totalheads=\count90
\beamer@headcounter=\count91
\beamer@partstartpage=\count92
\beamer@sectionstartpage=\count93
\beamer@subsectionstartpage=\count94
\beamer@animationtempa=\count95
\beamer@animationtempb=\count96
\beamer@xpos=\count97
\beamer@ypos=\count98
\beamer@ypos@offset=\count99
\beamer@showpartnumber=\count100
\beamer@currentsubsection=\count101
\beamer@coveringdepth=\count102
\beamer@sectionadjust=\count103
\beamer@tocsectionnumber=\count104

(/usr/share/texmf-dist/tex/latex/beamer/beamerbaseoptions.sty
(/usr/share/texmf-dist/tex/latex/graphics/keyval.sty
Package: keyval 2014/10/28 v1.15 key=value parser (DPC)
\KV@toks@=\toks14
))
\beamer@paperwidth=\skip42
\beamer@paperheight=\skip43

(/usr/share/texmf-dist/tex/latex/geometry/geometry.sty
Package: geometry 2018/04/16 v5.8 Page Geometry

(/usr/share/texmf-dist/tex/generic/oberdiek/ifvtex.sty
Package: ifvtex 2016/05/16 v1.6 Detect VTeX and its facilities (HO)
Package ifvtex Info: VTeX not detected.
)
(/usr/share/texmf-dist/tex/generic/ifxetex/ifxetex.sty
Package: ifxetex 2010/09/12 v0.6 Provides ifxetex conditional
)
\Gm@cnth=\count105
\Gm@cntv=\count106
\c@Gm@tempcnt=\count107
\Gm@bindingoffset=\dimen118
\Gm@wd@mp=\dimen119
\Gm@odd@mp=\dimen120
\Gm@even@mp=\dimen121
\Gm@layoutwidth=\dimen122
\Gm@layoutheight=\dimen123
\Gm@layouthoffset=\dimen124
\Gm@layoutvoffset=\dimen125
\Gm@dimlist=\toks15
)
(/usr/share/texmf-dist/tex/latex/base/size11.clo
File: size11.clo 2019/08/27 v1.4j Standard LaTeX file (size option)
)
(/usr/share/texmf-dist/tex/latex/pgf/basiclayer/pgfcore.sty
(/usr/share/texmf-dist/tex/latex/graphics/graphicx.sty
Package: graphicx 2017/06/01 v1.1a Enhanced LaTeX Graphics (DPC,SPQR)

(/usr/share/texmf-dist/tex/latex/graphics/graphics.sty
Package: graphics 2019/10/08 v1.3c Standard LaTeX Graphics (DPC,SPQR)

(/usr/share/texmf-dist/tex/latex/graphics/trig.sty
Package: trig 2016/01/03 v1.10 sin cos tan (DPC)
)
(/usr/share/texmf-dist/tex/latex/graphics-cfg/graphics.cfg
File: graphics.cfg 2016/06/04 v1.11 sample graphics configuration
)
Package graphics Info: Driver file: pdftex.def on input line 105.

(/usr/share/texmf-dist/tex/latex/graphics-def/pdftex.def
File: pdftex.def 2018/01/08 v1.0l Graphics/color driver for pdftex
))
\Gin@req@height=\dimen126
\Gin@req@width=\dimen127
)
(/usr/share/texmf-dist/tex/latex/pgf/systemlayer/pgfsys.sty
(/usr/share/texmf-dist/tex/latex/pgf/utilities/pgfrcs.sty
(/usr/share/texmf-dist/tex/generic/pgf/utilities/pgfutil-common.tex
\pgfutil@everybye=\toks16
\pgfutil@tempdima=\dimen128
\pgfutil@tempdimb=\dimen129

(/usr/share/texmf-dist/tex/generic/pgf/utilities/pgfutil-common-lists.tex))
(/usr/share/texmf-dist/tex/generic/pgf/utilities/pgfutil-latex.def
\pgfutil@abb=\box36

(/usr/share/texmf-dist/tex/latex/ms/everyshi.sty
Package: everyshi 2001/05/15 v3.00 EveryShipout Package (MS)
))
(/usr/share/texmf-dist/tex/generic/pgf/utilities/pgfrcs.code.tex
(/usr/share/texmf-dist/tex/generic/pgf/pgf.revision.tex)
Package: pgfrcs 2019/08/03 v3.1.4b (3.1.4b)
))
(/usr/share/texmf-dist/tex/generic/pgf/systemlayer/pgfsys.code.tex
Package: pgfsys 2019/08/03 v3.1.4b (3.1.4b)

(/usr/share/texmf-dist/tex/generic/pgf/utilities/pgfkeys.code.tex
\pgfkeys@pathtoks=\toks17
\pgfkeys@temptoks=\toks18

(/usr/share/texmf-dist/tex/generic/pgf/utilities/pgfkeysfiltered.code.tex
\pgfkeys@tmptoks=\toks19
))
\pgf@x=\dimen130
\pgf@y=\dimen131
\pgf@xa=\dimen132
\pgf@ya=\dimen133
\pgf@xb=\dimen134
\pgf@yb=\dimen135
\pgf@xc=\dimen136
\pgf@yc=\dimen137
\pgf@xd=\dimen138
\pgf@yd=\dimen139
\w@pgf@writea=\write3
\r@pgf@reada=\read1
\c@pgf@counta=\count108
\c@pgf@countb=\count109
\c@pgf@countc=\count110
\c@pgf@countd=\count111
\t@pgf@toka=\toks20
\t@pgf@tokb=\toks21
\t@pgf@tokc=\toks22
\pgf@sys@id@count=\count112

(/usr/share/texmf-dist/tex/generic/pgf/systemlayer/pgf.cfg
File: pgf.cfg 2019/08/03 v3.1.4b (3.1.4b)
)
Driver file for pgf: pgfsys-pdftex.def

(/usr/share/texmf-dist/tex/generic/pgf/systemlayer/pgfsys-pdftex.def
File: pgfsys-pdftex.def 2019/08/03 v3.1.4b (3.1.4b)

(/usr/share/texmf-dist/tex/generic/pgf/systemlayer/pgfsys-common-pdf.def
File: pgfsys-common-pdf.def 2019/08/03 v3.1.4b (3.1.4b)
)))
(/usr/share/texmf-dist/tex/generic/pgf/systemlayer/pgfsyssoftpath.code.tex
File: pgfsyssoftpath.code.tex 2019/08/03 v3.1.4b (3.1.4b)
\pgfsyssoftpath@smallbuffer@items=\count113
\pgfsyssoftpath@bigbuffer@items=\count114
)
(/usr/share/texmf-dist/tex/generic/pgf/systemlayer/pgfsysprotocol.code.tex
File: pgfsysprotocol.code.tex 2019/08/03 v3.1.4b (3.1.4b)
))
(/usr/share/texmf-dist/tex/latex/xcolor/xcolor.sty
Package: xcolor 2016/05/11 v2.12 LaTeX color extensions (UK)

(/usr/share/texmf-dist/tex/latex/graphics-cfg/color.cfg
File: color.cfg 2016/01/02 v1.6 sample color configuration
)
Package xcolor Info: Driver file: pdftex.def on input line 225.

(/usr/share/texmf-dist/tex/latex/colortbl/colortbl.sty
Package: colortbl 2018/12/12 v1.0d Color table columns (DPC)

(/usr/share/texmf-dist/tex/latex/tools/array.sty
Package: array 2019/08/31 v2.4l Tabular extension package (FMi)
\col@sep=\dimen140
\ar@mcellbox=\box37
\extrarowheight=\dimen141
\NC@list=\toks23
\extratabsurround=\skip44
\backup@length=\skip45
\ar@cellbox=\box38
)
\everycr=\toks24
\minrowclearance=\skip46
)
\rownum=\count115
Package xcolor Info: Model `cmy' substituted by `cmy0' on input line 1348.
Package xcolor Info: Model `hsb' substituted by `rgb' on input line 1352.
Package xcolor Info: Model `RGB' extended on input line 1364.
Package xcolor Info: Model `HTML' substituted by `rgb' on input line 1366.
Package xcolor Info: Model `Hsb' substituted by `hsb' on input line 1367.
Package xcolor Info: Model `tHsb' substituted by `hsb' on input line 1368.
Package xcolor Info: Model `HSB' substituted by `hsb' on input line 1369.
Package xcolor Info: Model `Gray' substituted by `gray' on input line 1370.
Package xcolor Info: Model `wave' substituted by `hsb' on input line 1371.
)
(/usr/share/texmf-dist/tex/generic/pgf/basiclayer/pgfcore.code.tex
Package: pgfcore 2019/08/03 v3.1.4b (3.1.4b)

(/usr/share/texmf-dist/tex/generic/pgf/math/pgfmath.code.tex
(/usr/share/texmf-dist/tex/generic/pgf/math/pgfmathcalc.code.tex
(/usr/share/texmf-dist/tex/generic/pgf/math/pgfmathutil.code.tex)
(/usr/share/texmf-dist/tex/generic/pgf/math/pgfmathparser.code.tex
\pgfmath@dimen=\dimen142
\pgfmath@count=\count116
\pgfmath@box=\box39
\pgfmath@toks=\toks25
\pgfmath@stack@operand=\toks26
\pgfmath@stack@operation=\toks27
)
(/usr/share/texmf-dist/tex/generic/pgf/math/pgfmathfunctions.code.tex
(/usr/share/texmf-dist/tex/generic/pgf/math/pgfmathfunctions.basic.code.tex)
(/usr/share/texmf-dist/tex/generic/pgf/math/pgfmathfunctions.trigonometric.code
.tex)
(/usr/share/texmf-dist/tex/generic/pgf/math/pgfmathfunctions.random.code.tex)
(/usr/share/texmf-dist/tex/generic/pgf/math/pgfmathfunctions.comparison.code.te
x) (/usr/share/texmf-dist/tex/generic/pgf/math/pgfmathfunctions.base.code.tex)
(/usr/share/texmf-dist/tex/generic/pgf/math/pgfmathfunctions.round.code.tex)
(/usr/share/texmf-dist/tex/generic/pgf/math/pgfmathfunctions.misc.code.tex)
(/usr/share/texmf-dist/tex/generic/pgf/math/pgfmathfunctions.integerarithmetics
.code.tex))) (/usr/share/texmf-dist/tex/generic/pgf/math/pgfmathfloat.code.tex
\c@pgfmathroundto@lastzeros=\count117
)) (/usr/share/texmf-dist/tex/generic/pgf/math/pgfint.code.tex)
(/usr/share/texmf-dist/tex/generic/pgf/basiclayer/pgfcorepoints.code.tex
File: pgfcorepoints.code.tex 2019/08/03 v3.1.4b (3.1.4b)
\pgf@picminx=\dimen143
\pgf@picmaxx=\dimen144
\pgf@picminy=\dimen145
\pgf@picmaxy=\dimen146
\pgf@pathminx=\dimen147
\pgf@pathmaxx=\dimen148
\pgf@pathminy=\dimen149
\pgf@pathmaxy=\dimen150
\pgf@xx=\dimen151
\pgf@xy=\dimen152
\pgf@yx=\dimen153
\pgf@yy=\dimen154
\pgf@zx=\dimen155
\pgf@zy=\dimen156
)
(/usr/share/texmf-dist/tex/generic/pgf/basiclayer/pgfcorepathconstruct.code.tex
File: pgfcorepathconstruct.code.tex 2019/08/03 v3.1.4b (3.1.4b)
\pgf@path@lastx=\dimen157
\pgf@path@lasty=\dimen158
) (/usr/share/texmf-dist/tex/generic/pgf/basiclayer/pgfcorepathusage.code.tex
File: pgfcorepathusage.code.tex 2019/08/03 v3.1.4b (3.1.4b)
\pgf@shorten@end@additional=\dimen159
\pgf@shorten@start@additional=\dimen160
)
(/usr/share/texmf-dist/tex/generic/pgf/basiclayer/pgfcorescopes.code.tex
File: pgfcorescopes.code.tex 2019/08/03 v3.1.4b (3.1.4b)
\pgfpic=\box40
\pgf@hbox=\box41
\pgf@layerbox@main=\box42
\pgf@picture@serial@count=\count118
)
(/usr/share/texmf-dist/tex/generic/pgf/basiclayer/pgfcoregraphicstate.code.tex
File: pgfcoregraphicstate.code.tex 2019/08/03 v3.1.4b (3.1.4b)
\pgflinewidth=\dimen161
)
(/usr/share/texmf-dist/tex/generic/pgf/basiclayer/pgfcoretransformations.code.t
ex
File: pgfcoretransformations.code.tex 2019/08/03 v3.1.4b (3.1.4b)
\pgf@pt@x=\dimen162
\pgf@pt@y=\dimen163
\pgf@pt@temp=\dimen164
) (/usr/share/texmf-dist/tex/generic/pgf/basiclayer/pgfcorequick.code.tex
File: pgfcorequick.code.tex 2019/08/03 v3.1.4b (3.1.4b)
)
(/usr/share/texmf-dist/tex/generic/pgf/basiclayer/pgfcoreobjects.code.tex
File: pgfcoreobjects.code.tex 2019/08/03 v3.1.4b (3.1.4b)
)
(/usr/share/texmf-dist/tex/generic/pgf/basiclayer/pgfcorepathprocessing.code.te
x
File: pgfcorepathprocessing.code.tex 2019/08/03 v3.1.4b (3.1.4b)
) (/usr/share/texmf-dist/tex/generic/pgf/basiclayer/pgfcorearrows.code.tex
File: pgfcorearrows.code.tex 2019/08/03 v3.1.4b (3.1.4b)
\pgfarrowsep=\dimen165
)
(/usr/share/texmf-dist/tex/generic/pgf/basiclayer/pgfcoreshade.code.tex
File: pgfcoreshade.code.tex 2019/08/03 v3.1.4b (3.1.4b)
\pgf@max=\dimen166
\pgf@sys@shading@range@num=\count119
\pgf@shadingcount=\count120
)
(/usr/share/texmf-dist/tex/generic/pgf/basiclayer/pgfcoreimage.code.tex
File: pgfcoreimage.code.tex 2019/08/03 v3.1.4b (3.1.4b)

(/usr/share/texmf-dist/tex/generic/pgf/basiclayer/pgfcoreexternal.code.tex
File: pgfcoreexternal.code.tex 2019/08/03 v3.1.4b (3.1.4b)
\pgfexternal@startupbox=\box43
))
(/usr/share/texmf-dist/tex/generic/pgf/basiclayer/pgfcorelayers.code.tex
File: pgfcorelayers.code.tex 2019/08/03 v3.1.4b (3.1.4b)
)
(/usr/share/texmf-dist/tex/generic/pgf/basiclayer/pgfcoretransparency.code.tex
File: pgfcoretransparency.code.tex 2019/08/03 v3.1.4b (3.1.4b)
) (/usr/share/texmf-dist/tex/generic/pgf/basiclayer/pgfcorepatterns.code.tex
File: pgfcorepatterns.code.tex 2019/08/03 v3.1.4b (3.1.4b)
)
(/usr/share/texmf-dist/tex/generic/pgf/basiclayer/pgfcorerdf.code.tex
File: pgfcorerdf.code.tex 2019/08/03 v3.1.4b (3.1.4b)
)))
(/usr/share/texmf-dist/tex/latex/pgf/utilities/xxcolor.sty
Package: xxcolor 2003/10/24 ver 0.1
\XC@nummixins=\count121
\XC@countmixins=\count122
)
(/usr/share/texmf-dist/tex/generic/oberdiek/atbegshi.sty
Package: atbegshi 2016/06/09 v1.18 At begin shipout hook (HO)

(/usr/share/texmf-dist/tex/generic/oberdiek/infwarerr.sty
Package: infwarerr 2016/05/16 v1.4 Providing info/warning/error messages (HO)
)
(/usr/share/texmf-dist/tex/generic/oberdiek/ltxcmds.sty
Package: ltxcmds 2016/05/16 v1.23 LaTeX kernel commands for general use (HO)
))
(/usr/share/texmf-dist/tex/latex/hyperref/hyperref.sty
Package: hyperref 2019/09/28 v7.00a Hypertext links for LaTeX

(/usr/share/texmf-dist/tex/generic/oberdiek/hobsub-hyperref.sty
Package: hobsub-hyperref 2016/05/16 v1.14 Bundle oberdiek, subset hyperref (HO)


(/usr/share/texmf-dist/tex/generic/oberdiek/hobsub-generic.sty
Package: hobsub-generic 2016/05/16 v1.14 Bundle oberdiek, subset generic (HO)
Package: hobsub 2016/05/16 v1.14 Construct package bundles (HO)
Package hobsub Info: Skipping package `infwarerr' (already loaded).
Package hobsub Info: Skipping package `ltxcmds' (already loaded).
Package: ifluatex 2016/05/16 v1.4 Provides the ifluatex switch (HO)
Package ifluatex Info: LuaTeX not detected.
Package hobsub Info: Skipping package `ifvtex' (already loaded).
Package: intcalc 2016/05/16 v1.2 Expandable calculations with integers (HO)
Package hobsub Info: Skipping package `ifpdf' (already loaded).
Package: etexcmds 2016/05/16 v1.6 Avoid name clashes with e-TeX commands (HO)
Package: kvsetkeys 2016/05/16 v1.17 Key value parser (HO)
Package: kvdefinekeys 2016/05/16 v1.4 Define keys (HO)
Package: pdftexcmds 2019/07/25 v0.30 Utility functions of pdfTeX for LuaTeX (HO
)
Package pdftexcmds Info: LuaTeX not detected.
Package pdftexcmds Info: \pdf@primitive is available.
Package pdftexcmds Info: \pdf@ifprimitive is available.
Package pdftexcmds Info: \pdfdraftmode found.
Package: pdfescape 2016/05/16 v1.14 Implements pdfTeX's escape features (HO)
Package: bigintcalc 2016/05/16 v1.4 Expandable calculations on big integers (HO
)
Package: bitset 2016/05/16 v1.2 Handle bit-vector datatype (HO)
Package: uniquecounter 2016/05/16 v1.3 Provide unlimited unique counter (HO)
)
Package hobsub Info: Skipping package `hobsub' (already loaded).
Package: letltxmacro 2016/05/16 v1.5 Let assignment for LaTeX macros (HO)
Package: hopatch 2016/05/16 v1.3 Wrapper for package hooks (HO)
Package: xcolor-patch 2016/05/16 xcolor patch
Package: atveryend 2016/05/16 v1.9 Hooks at the very end of document (HO)
Package hobsub Info: Skipping package `atbegshi' (already loaded).
Package: refcount 2016/05/16 v3.5 Data extraction from label references (HO)
Package: hycolor 2016/05/16 v1.8 Color options for hyperref/bookmark (HO)
)
(/usr/share/texmf-dist/tex/latex/oberdiek/auxhook.sty
Package: auxhook 2016/05/16 v1.4 Hooks for auxiliary files (HO)
)
(/usr/share/texmf-dist/tex/latex/oberdiek/kvoptions.sty
Package: kvoptions 2016/05/16 v3.12 Key value format for package options (HO)
)
\@linkdim=\dimen167
\Hy@linkcounter=\count123
\Hy@pagecounter=\count124

(/usr/share/texmf-dist/tex/latex/hyperref/pd1enc.def
File: pd1enc.def 2019/09/28 v7.00a Hyperref: PDFDocEncoding definition (HO)
Now handling font encoding PD1 ...
... no UTF-8 mapping file for font encoding PD1
)
\Hy@SavedSpaceFactor=\count125

(/usr/share/texmf-dist/tex/latex/latexconfig/hyperref.cfg
File: hyperref.cfg 2002/06/06 v1.2 hyperref configuration of TeXLive
)
Package hyperref Info: Option `bookmarks' set `true' on input line 4414.
Package hyperref Info: Option `bookmarksopen' set `true' on input line 4414.
Package hyperref Info: Option `implicit' set `false' on input line 4414.
Package hyperref Info: Hyper figures OFF on input line 4540.
Package hyperref Info: Link nesting OFF on input line 4545.
Package hyperref Info: Hyper index ON on input line 4548.
Package hyperref Info: Plain pages OFF on input line 4555.
Package hyperref Info: Backreferencing OFF on input line 4560.
Package hyperref Info: Implicit mode OFF; no redefinition of LaTeX internals.
Package hyperref Info: Bookmarks ON on input line 4793.
\c@Hy@tempcnt=\count126

(/usr/share/texmf-dist/tex/latex/url/url.sty
\Urlmuskip=\muskip10
Package: url 2013/09/16  ver 3.4  Verb mode for urls, etc.
)
LaTeX Info: Redefining \url on input line 5152.
\XeTeXLinkMargin=\dimen168
\Fld@menulength=\count127
\Field@Width=\dimen169
\Fld@charsize=\dimen170
Package hyperref Info: Hyper figures OFF on input line 6423.
Package hyperref Info: Link nesting OFF on input line 6428.
Package hyperref Info: Hyper index ON on input line 6431.
Package hyperref Info: backreferencing OFF on input line 6438.
Package hyperref Info: Link coloring OFF on input line 6443.
Package hyperref Info: Link coloring with OCG OFF on input line 6448.
Package hyperref Info: PDF/A mode OFF on input line 6453.
LaTeX Info: Redefining \ref on input line 6493.
LaTeX Info: Redefining \pageref on input line 6497.
\Hy@abspage=\count128


Package hyperref Message: Stopped early.

)
Package hyperref Info: Driver (autodetected): hpdftex.
 (/usr/share/texmf-dist/tex/latex/hyperref/hpdftex.def
File: hpdftex.def 2019/09/28 v7.00a Hyperref driver for pdfTeX
\Fld@listcount=\count129
\c@bookmark@seq@number=\count130

(/usr/share/texmf-dist/tex/latex/oberdiek/rerunfilecheck.sty
Package: rerunfilecheck 2016/05/16 v1.8 Rerun checks for auxiliary files (HO)
Package uniquecounter Info: New unique counter `rerunfilecheck' on input line 2
82.
))
(/usr/share/texmf-dist/tex/latex/beamer/beamerbaserequires.sty
(/usr/share/texmf-dist/tex/latex/beamer/beamerbasecompatibility.sty)
(/usr/share/texmf-dist/tex/latex/beamer/beamerbasefont.sty
(/usr/share/texmf-dist/tex/latex/amsfonts/amssymb.sty
Package: amssymb 2013/01/14 v3.01 AMS font symbols

(/usr/share/texmf-dist/tex/latex/amsfonts/amsfonts.sty
Package: amsfonts 2013/01/14 v3.01 Basic AMSFonts support
\@emptytoks=\toks28
\symAMSa=\mathgroup4
\symAMSb=\mathgroup5
LaTeX Font Info:    Redeclaring math symbol \hbar on input line 98.
LaTeX Font Info:    Overwriting math alphabet `\mathfrak' in version `bold'
(Font)                  U/euf/m/n --> U/euf/b/n on input line 106.
))
(/usr/share/texmf-dist/tex/latex/sansmathaccent/sansmathaccent.sty
Package: sansmathaccent 2013/03/28

(/usr/share/texmf-dist/tex/latex/filehook/filehook.sty
Package: filehook 2019/10/03 v0.6 Hooks for input files
)))
(/usr/share/texmf-dist/tex/latex/beamer/beamerbasetranslator.sty
(/usr/share/texmf-dist/tex/latex/translator/translator.sty
Package: translator 2019-05-31 v1.12a Easy translation of strings in LaTeX
))
(/usr/share/texmf-dist/tex/latex/beamer/beamerbasemisc.sty)
(/usr/share/texmf-dist/tex/latex/beamer/beamerbasetwoscreens.sty)
(/usr/share/texmf-dist/tex/latex/beamer/beamerbaseoverlay.sty
\beamer@argscount=\count131
\beamer@lastskipcover=\skip47
\beamer@trivlistdepth=\count132
)
(/usr/share/texmf-dist/tex/latex/beamer/beamerbasetitle.sty)
(/usr/share/texmf-dist/tex/latex/beamer/beamerbasesection.sty
\c@lecture=\count133
\c@part=\count134
\c@section=\count135
\c@subsection=\count136
\c@subsubsection=\count137
)
(/usr/share/texmf-dist/tex/latex/beamer/beamerbaseframe.sty
\beamer@framebox=\box44
\beamer@frametitlebox=\box45
\beamer@zoombox=\box46
\beamer@zoomcount=\count138
\beamer@zoomframecount=\count139
\beamer@frametextheight=\dimen171
\c@subsectionslide=\count140
\beamer@frametopskip=\skip48
\beamer@framebottomskip=\skip49
\beamer@frametopskipautobreak=\skip50
\beamer@framebottomskipautobreak=\skip51
\beamer@envbody=\toks29
\framewidth=\dimen172
\c@framenumber=\count141
)
(/usr/share/texmf-dist/tex/latex/beamer/beamerbaseverbatim.sty
\beamer@verbatimfileout=\write4
)
(/usr/share/texmf-dist/tex/latex/beamer/beamerbaseframesize.sty
\beamer@splitbox=\box47
\beamer@autobreakcount=\count142
\beamer@autobreaklastheight=\dimen173
\beamer@frametitletoks=\toks30
\beamer@framesubtitletoks=\toks31
)
(/usr/share/texmf-dist/tex/latex/beamer/beamerbaseframecomponents.sty
\beamer@footins=\box48
)
(/usr/share/texmf-dist/tex/latex/beamer/beamerbasecolor.sty)
(/usr/share/texmf-dist/tex/latex/beamer/beamerbasenotes.sty
\beamer@frameboxcopy=\box49
)
(/usr/share/texmf-dist/tex/latex/beamer/beamerbasetoc.sty)
(/usr/share/texmf-dist/tex/latex/beamer/beamerbasetemplates.sty
\beamer@sbttoks=\toks32

(/usr/share/texmf-dist/tex/latex/beamer/beamerbaseauxtemplates.sty
(/usr/share/texmf-dist/tex/latex/beamer/beamerbaseboxes.sty
\bmb@box=\box50
\bmb@colorbox=\box51
\bmb@boxshadow=\box52
\bmb@boxshadowball=\box53
\bmb@boxshadowballlarge=\box54
\bmb@temp=\dimen174
\bmb@dima=\dimen175
\bmb@dimb=\dimen176
\bmb@prevheight=\dimen177
)
\beamer@blockheadheight=\dimen178
))
(/usr/share/texmf-dist/tex/latex/beamer/beamerbaselocalstructure.sty
(/usr/share/texmf-dist/tex/latex/tools/enumerate.sty
Package: enumerate 2015/07/23 v3.00 enumerate extensions (DPC)
\@enLab=\toks33
)
\c@figure=\count143
\c@table=\count144
\abovecaptionskip=\skip52
\belowcaptionskip=\skip53
)
(/usr/share/texmf-dist/tex/latex/beamer/beamerbasenavigation.sty
\beamer@section@min@dim=\dimen179
)
(/usr/share/texmf-dist/tex/latex/beamer/beamerbasetheorems.sty
(/usr/share/texmf-dist/tex/latex/amsmath/amsmath.sty
Package: amsmath 2019/04/01 v2.17c AMS math features
\@mathmargin=\skip54

For additional information on amsmath, use the `?' option.
(/usr/share/texmf-dist/tex/latex/amsmath/amstext.sty
Package: amstext 2000/06/29 v2.01 AMS text

(/usr/share/texmf-dist/tex/latex/amsmath/amsgen.sty
File: amsgen.sty 1999/11/30 v2.0 generic functions
\@emptytoks=\toks34
\ex@=\dimen180
))
(/usr/share/texmf-dist/tex/latex/amsmath/amsbsy.sty
Package: amsbsy 1999/11/29 v1.2d Bold Symbols
\pmbraise@=\dimen181
)
(/usr/share/texmf-dist/tex/latex/amsmath/amsopn.sty
Package: amsopn 2016/03/08 v2.02 operator names
)
\inf@bad=\count145
LaTeX Info: Redefining \frac on input line 227.
\uproot@=\count146
\leftroot@=\count147
LaTeX Info: Redefining \overline on input line 389.
\classnum@=\count148
\DOTSCASE@=\count149
LaTeX Info: Redefining \ldots on input line 486.
LaTeX Info: Redefining \dots on input line 489.
LaTeX Info: Redefining \cdots on input line 610.
\Mathstrutbox@=\box55
\strutbox@=\box56
\big@size=\dimen182
LaTeX Font Info:    Redeclaring font encoding OML on input line 733.
LaTeX Font Info:    Redeclaring font encoding OMS on input line 734.
\macc@depth=\count150
\c@MaxMatrixCols=\count151
\dotsspace@=\muskip11
\c@parentequation=\count152
\dspbrk@lvl=\count153
\tag@help=\toks35
\row@=\count154
\column@=\count155
\maxfields@=\count156
\andhelp@=\toks36
\eqnshift@=\dimen183
\alignsep@=\dimen184
\tagshift@=\dimen185
\tagwidth@=\dimen186
\totwidth@=\dimen187
\lineht@=\dimen188
\@envbody=\toks37
\multlinegap=\skip55
\multlinetaggap=\skip56
\mathdisplay@stack=\toks38
LaTeX Info: Redefining \[ on input line 2855.
LaTeX Info: Redefining \] on input line 2856.
)
(/usr/share/texmf-dist/tex/latex/amscls/amsthm.sty
Package: amsthm 2017/10/31 v2.20.4
\thm@style=\toks39
\thm@bodyfont=\toks40
\thm@headfont=\toks41
\thm@notefont=\toks42
\thm@headpunct=\toks43
\thm@preskip=\skip57
\thm@postskip=\skip58
\thm@headsep=\skip59
\dth@everypar=\toks44
)
\c@theorem=\count157
)
(/usr/share/texmf-dist/tex/latex/beamer/beamerbasethemes.sty))
(/usr/share/texmf-dist/tex/latex/beamer/beamerthemedefault.sty
(/usr/share/texmf-dist/tex/latex/beamer/beamerfontthemedefault.sty)
(/usr/share/texmf-dist/tex/latex/beamer/beamercolorthemedefault.sty)
(/usr/share/texmf-dist/tex/latex/beamer/beamerinnerthemedefault.sty
\beamer@dima=\dimen189
\beamer@dimb=\dimen190
)
(/usr/share/texmf-dist/tex/latex/beamer/beamerouterthemedefault.sty)))
(/usr/share/texmf-dist/tex/latex/beamer/beamerthemePittsburgh.sty
(/usr/share/texmf-dist/tex/latex/beamer/beamerinnerthemecircles.sty))
(/usr/share/texmf-dist/tex/latex/beamer/beamercolorthemewhale.sty)
(/usr/share/texmf-dist/tex/latex/base/inputenc.sty
Package: inputenc 2018/08/11 v1.3c Input encoding file
\inpenc@prehook=\toks45
\inpenc@posthook=\toks46
)
(/usr/share/texmf-dist/tex/latex/base/fontenc.sty
Package: fontenc 2018/08/11 v2.0j Standard LaTeX package

(/usr/share/texmf-dist/tex/latex/base/t1enc.def
File: t1enc.def 2018/08/11 v2.0j Standard LaTeX file
LaTeX Font Info:    Redeclaring font encoding T1 on input line 48.
))
(/usr/share/texmf-dist/tex/generic/babel/babel.sty
Package: babel 2019/10/15 3.35 The Babel package

(/usr/share/texmf-dist/tex/generic/babel/switch.def
File: switch.def 2019/10/15 3.35 Babel switching mechanism
)
(/usr/share/texmf-dist/tex/generic/babel-portuges/portuges.ldf
Language: portuges 2008/03/18 v1.2q Portuguese support from the babel system

(/usr/share/texmf-dist/tex/generic/babel/babel.def
File: babel.def 2019/10/15 3.35 Babel common definitions
\babel@savecnt=\count158
\U@D=\dimen191

(/usr/share/texmf-dist/tex/generic/babel/txtbabel.def)
LaTeX Info: Redefining \textlatin on input line 2185.
\bbl@dirlevel=\count159
)
Package babel Info: Making " an active character on input line 145.
)
(/usr/share/texmf-dist/tex/generic/babel-portuges/portuges.ldf
Language: portuges 2008/03/18 v1.2q Portuguese support from the babel system
\l@brazilian = a dialect from \language\l@portuges 
))
(/usr/share/texmf-dist/tex/latex/caption/caption.sty
Package: caption 2019/09/01 v3.3d Customizing captions (AR)

(/usr/share/texmf-dist/tex/latex/caption/caption3.sty
Package: caption3 2019/09/01 v1.8d caption3 kernel (AR)
Package caption3 Info: TeX engine: e-TeX on input line 64.
\captionmargin=\dimen192
\captionmargin@=\dimen193
\captionwidth=\dimen194
\caption@tempdima=\dimen195
\caption@indent=\dimen196
\caption@parindent=\dimen197
\caption@hangindent=\dimen198
)
\c@caption@flags=\count160
\c@ContinuedFloat=\count161
Package caption Info: beamer document class.
Package caption Info: hyperref package is loaded.
Package caption Info: Hyperref support is turned off
(caption)             because hyperref has stopped early.
)
(/usr/share/texmf-dist/tex/latex/subfigure/subfigure.sty
Package: subfigure 2002/03/15 v2.1.5 subfigure package
\subfigtopskip=\skip60
\subfigcapskip=\skip61
\subfigcaptopadj=\dimen199
\subfigbottomskip=\skip62
\subfigcapmargin=\dimen256
\subfiglabelskip=\skip63
\c@subfigure=\count162
\c@lofdepth=\count163
\c@subtable=\count164
\c@lotdepth=\count165

****************************************
* Local config file subfigure.cfg used *
****************************************
(/usr/share/texmf-dist/tex/latex/subfigure/subfigure.cfg)
\subfig@top=\skip64
\subfig@bottom=\skip65
)
(/usr/share/texmf-dist/tex/latex/base/latexsym.sty
Package: latexsym 1998/08/17 v2.2e Standard LaTeX package (lasy symbols)
\symlasy=\mathgroup6
LaTeX Font Info:    Overwriting symbol font `lasy' in version `bold'
(Font)                  U/lasy/m/n --> U/lasy/b/n on input line 52.
)
(/usr/share/texmf-dist/tex/latex/tools/multicol.sty
Package: multicol 2019/03/01 v1.8w multicolumn formatting (FMi)
\c@tracingmulticols=\count166
\mult@box=\box57
\multicol@leftmargin=\dimen257
\c@unbalance=\count167
\c@collectmore=\count168
\doublecol@number=\count169
\multicoltolerance=\count170
\multicolpretolerance=\count171
\full@width=\dimen258
\page@free=\dimen259
\premulticols=\dimen260
\postmulticols=\dimen261
\multicolsep=\skip66
\multicolbaselineskip=\skip67
\partial@page=\box58
\last@line=\box59
\maxbalancingoverflow=\dimen262
\mult@rightbox=\box60
\mult@grightbox=\box61
\mult@gfirstbox=\box62
\mult@firstbox=\box63
\@tempa=\box64
\@tempa=\box65
\@tempa=\box66
\@tempa=\box67
\@tempa=\box68
\@tempa=\box69
\@tempa=\box70
\@tempa=\box71
\@tempa=\box72
\@tempa=\box73
\@tempa=\box74
\@tempa=\box75
\@tempa=\box76
\@tempa=\box77
\@tempa=\box78
\@tempa=\box79
\@tempa=\box80
\c@minrows=\count172
\c@columnbadness=\count173
\c@finalcolumnbadness=\count174
\last@try=\dimen263
\multicolovershoot=\dimen264
\multicolundershoot=\dimen265
\mult@nat@firstbox=\box81
\colbreak@box=\box82
\mc@col@check@num=\count175
)
(/usr/share/texmf-dist/tex/latex/psnfss/pifont.sty
Package: pifont 2005/04/12 PSNFSS-v9.2a Pi font support (SPQR) 
LaTeX Font Info:    Trying to load font information for U+pzd on input line 63.


(/usr/share/texmf-dist/tex/latex/psnfss/upzd.fd
File: upzd.fd 2001/06/04 font definitions for U/pzd.
)
LaTeX Font Info:    Trying to load font information for U+psy on input line 64.


(/usr/share/texmf-dist/tex/latex/psnfss/upsy.fd
File: upsy.fd 2001/06/04 font definitions for U/psy.
))
(/usr/share/texmf-dist/tex/latex/listings/listings.sty
\lst@mode=\count176
\lst@gtempboxa=\box83
\lst@token=\toks47
\lst@length=\count177
\lst@currlwidth=\dimen266
\lst@column=\count178
\lst@pos=\count179
\lst@lostspace=\dimen267
\lst@width=\dimen268
\lst@newlines=\count180
\lst@lineno=\count181
\lst@maxwidth=\dimen269

(/usr/share/texmf-dist/tex/latex/listings/lstmisc.sty
File: lstmisc.sty 2019/09/10 1.8c (Carsten Heinz)
\c@lstnumber=\count182
\lst@skipnumbers=\count183
\lst@framebox=\box84
)
(/usr/share/texmf-dist/tex/latex/listings/listings.cfg
File: listings.cfg 2019/09/10 1.8c listings configuration
))
Package: listings 2019/09/10 1.8c (Carsten Heinz)

(/usr/share/texmf-dist/tex/latex/comment/comment.sty
\CommentStream=\write5

Excluding comment 'comment') (/usr/share/texmf-dist/tex/latex/ifsym/ifsym.sty
Package: ifsym 2000/04/18 I.Kloeckl

(/usr/share/texmf-dist/tex/latex/tools/calc.sty
Package: calc 2017/05/25 v4.3 Infix arithmetic (KKT,FJ)
\calc@Acount=\count184
\calc@Bcount=\count185
\calc@Adimen=\dimen270
\calc@Bdimen=\dimen271
\calc@Askip=\skip68
\calc@Bskip=\skip69
LaTeX Info: Redefining \setlength on input line 80.
LaTeX Info: Redefining \addtolength on input line 81.
\calc@Ccount=\count186
\calc@Cskip=\skip70
)
\c@ifsymcnt=\count187
)
(/usr/share/texmf-dist/tex/latex/blindtext/blindtext.sty
Package: blindtext 2012/01/06 V2.0 blindtext-Package

(/usr/share/texmf-dist/tex/latex/tools/xspace.sty
Package: xspace 2014/10/28 v1.13 Space after command names (DPC,MH)
)
\c@blindtext=\count188
\c@Blindtext=\count189
\c@blind@countparstart=\count190
\blind@countxx=\count191
\blindtext@numBlindtext=\count192
\blind@countyy=\count193
\c@blindlist=\count194
\c@blindlistlevel=\count195
\c@blindlist@level=\count196
\blind@listitem=\count197
\c@blind@listcount=\count198
\c@blind@levelcount=\count199
\blind@mathformula=\count266
\blind@Mathformula=\count267
\c@blind@randomcount=\count268
\c@blind@randommax=\count269
\c@blind@pangramcount=\count270
\c@blind@pangrammax=\count271
)
(/usr/share/texmf-dist/tex/latex/lipsum/lipsum.sty
(/usr/share/texmf-dist/tex/latex/l3kernel/expl3.sty
Package: expl3 2019-10-28 L3 programming layer (loader) 

(/usr/share/texmf-dist/tex/latex/l3kernel/expl3-code.tex
Package: expl3 2019-10-28 L3 programming layer (code)
\c_max_int=\count272
\l_tmpa_int=\count273
\l_tmpb_int=\count274
\g_tmpa_int=\count275
\g_tmpb_int=\count276
\l__seq_internal_a_int=\count277
\l__seq_internal_b_int=\count278
\g__kernel_prg_map_int=\count279
\c__ior_term_noprompt_ior=\count280
\c_log_iow=\count281
\l_iow_line_count_int=\count282
\l__iow_line_target_int=\count283
\l__iow_one_indent_int=\count284
\l__iow_indent_int=\count285
\c_zero_dim=\dimen272
\c_max_dim=\dimen273
\l_tmpa_dim=\dimen274
\l_tmpb_dim=\dimen275
\g_tmpa_dim=\dimen276
\g_tmpb_dim=\dimen277
\c_zero_skip=\skip71
\c_max_skip=\skip72
\l_tmpa_skip=\skip73
\l_tmpb_skip=\skip74
\g_tmpa_skip=\skip75
\g_tmpb_skip=\skip76
\c_zero_muskip=\muskip12
\c_max_muskip=\muskip13
\l_tmpa_muskip=\muskip14
\l_tmpb_muskip=\muskip15
\g_tmpa_muskip=\muskip16
\g_tmpb_muskip=\muskip17
\l_keys_choice_int=\count286
\l__intarray_loop_int=\count287
\c__intarray_sp_dim=\dimen278
\g__intarray_font_int=\count288
\c__fp_leading_shift_int=\count289
\c__fp_middle_shift_int=\count290
\c__fp_trailing_shift_int=\count291
\c__fp_big_leading_shift_int=\count292
\c__fp_big_middle_shift_int=\count293
\c__fp_big_trailing_shift_int=\count294
\c__fp_Bigg_leading_shift_int=\count295
\c__fp_Bigg_middle_shift_int=\count296
\c__fp_Bigg_trailing_shift_int=\count297
\c__kernel_randint_max_int=\count298
\g__fp_array_int=\count299
\l__fp_array_loop_int=\count300
\l__sort_length_int=\count301
\l__sort_min_int=\count302
\l__sort_top_int=\count303
\l__sort_max_int=\count304
\l__sort_true_max_int=\count305
\l__sort_block_int=\count306
\l__sort_begin_int=\count307
\l__sort_end_int=\count308
\l__sort_A_int=\count309
\l__sort_B_int=\count310
\l__sort_C_int=\count311
\l__str_internal_int=\count312
\c__str_replacement_char_int=\count313
\l__tl_analysis_normal_int=\count314
\l__tl_analysis_index_int=\count315
\l__tl_analysis_nesting_int=\count316
\l__tl_analysis_type_int=\count317
\l__regex_internal_a_int=\count318
\l__regex_internal_b_int=\count319
\l__regex_internal_c_int=\count320
\l__regex_balance_int=\count321
\l__regex_group_level_int=\count322
\l__regex_mode_int=\count323
\c__regex_cs_in_class_mode_int=\count324
\c__regex_cs_mode_int=\count325
\l__regex_catcodes_int=\count326
\l__regex_default_catcodes_int=\count327
\c__regex_catcode_D_int=\count328
\c__regex_catcode_S_int=\count329
\c__regex_catcode_L_int=\count330
\c__regex_catcode_O_int=\count331
\c__regex_catcode_A_int=\count332
\c__regex_all_catcodes_int=\count333
\l__regex_show_lines_int=\count334
\l__regex_min_state_int=\count335
\l__regex_max_state_int=\count336
\l__regex_left_state_int=\count337
\l__regex_right_state_int=\count338
\l__regex_capturing_group_int=\count339
\l__regex_min_pos_int=\count340
\l__regex_max_pos_int=\count341
\l__regex_curr_pos_int=\count342
\l__regex_start_pos_int=\count343
\l__regex_success_pos_int=\count344
\l__regex_curr_char_int=\count345
\l__regex_curr_catcode_int=\count346
\l__regex_last_char_int=\count347
\l__regex_case_changed_char_int=\count348
\l__regex_curr_state_int=\count349
\l__regex_step_int=\count350
\l__regex_min_active_int=\count351
\l__regex_max_active_int=\count352
\l__regex_replacement_csnames_int=\count353
\l__regex_match_count_int=\count354
\l__regex_min_submatch_int=\count355
\l__regex_submatch_int=\count356
\l__regex_zeroth_submatch_int=\count357
\g__regex_trace_regex_int=\count358
\c_empty_box=\box85
\l_tmpa_box=\box86
\l_tmpb_box=\box87
\g_tmpa_box=\box88
\g_tmpb_box=\box89
\l__box_top_dim=\dimen279
\l__box_bottom_dim=\dimen280
\l__box_left_dim=\dimen281
\l__box_right_dim=\dimen282
\l__box_top_new_dim=\dimen283
\l__box_bottom_new_dim=\dimen284
\l__box_left_new_dim=\dimen285
\l__box_right_new_dim=\dimen286
\l__box_internal_box=\box90
\l__coffin_internal_box=\box91
\l__coffin_internal_dim=\dimen287
\l__coffin_offset_x_dim=\dimen288
\l__coffin_offset_y_dim=\dimen289
\l__coffin_x_dim=\dimen290
\l__coffin_y_dim=\dimen291
\l__coffin_x_prime_dim=\dimen292
\l__coffin_y_prime_dim=\dimen293
\c_empty_coffin=\box92
\l__coffin_aligned_coffin=\box93
\l__coffin_aligned_internal_coffin=\box94
\l_tmpa_coffin=\box95
\l_tmpb_coffin=\box96
\g_tmpa_coffin=\box97
\g_tmpb_coffin=\box98
\l__coffin_bounding_shift_dim=\dimen294
\l__coffin_left_corner_dim=\dimen295
\l__coffin_right_corner_dim=\dimen296
\l__coffin_bottom_corner_dim=\dimen297
\l__coffin_top_corner_dim=\dimen298
\l__coffin_scaled_total_height_dim=\dimen299
\l__coffin_scaled_width_dim=\dimen300
\c__coffin_empty_coffin=\box99
\l__coffin_display_coffin=\box100
\l__coffin_display_coord_coffin=\box101
\l__coffin_display_pole_coffin=\box102
\l__coffin_display_offset_dim=\dimen301
\l__coffin_display_x_dim=\dimen302
\l__coffin_display_y_dim=\dimen303
\g__char_data_ior=\read2

(/usr/share/texmf-dist/tex/latex/l3kernel/l3deprecation.def
File: l3deprecation.def 2019-04-06 v L3 Deprecated functions
))
(/usr/share/texmf-dist/tex/latex/l3backend/l3backend-pdfmode.def
File: l3backend-pdfmode.def 2019-04-06 L3 backend support: PDF mode
\l__kernel_color_stack_int=\count359
\l__pdf_internal_box=\box103
))
(/usr/share/texmf-dist/tex/latex/l3packages/xparse/xparse.sty
Package: xparse 2019-10-11 L3 Experimental document command parser
\l__xparse_current_arg_int=\count360
\g__xparse_grabber_int=\count361
\l__xparse_m_args_int=\count362
\l__xparse_v_nesting_int=\count363
)
Package: lipsum 2019/01/02 v2.2 150 paragraphs of Lorem Ipsum dummy text

(/usr/share/texmf-dist/tex/latex/lipsum/lipsum.ltd.tex
File: lipsum.ltd.tex 2019/01/02 v2.2 The Lorem ipsum dummy text
))
(/usr/share/texmf-dist/tex/latex/listings/lstlang1.sty
File: lstlang1.sty 2019/09/10 1.8c listings language file
)
(/usr/share/texmf-dist/tex/latex/listings/lstlang2.sty
File: lstlang2.sty 2019/09/10 1.8c listings language file
)
(/usr/share/texmf-dist/tex/latex/listings/lstlang3.sty
File: lstlang3.sty 2019/09/10 1.8c listings language file
)

Package hyperref Warning: Token not allowed in a PDF string (PDFDocEncoding):
(hyperref)                removing `\\' on input line 156.


Package hyperref Warning: Token not allowed in a PDF string (PDFDocEncoding):
(hyperref)                removing `\new@ifnextchar' on input line 156.


Package hyperref Warning: Token not allowed in a PDF string (PDFDocEncoding):
(hyperref)                removing `\medskipamount' on input line 156.


Package hyperref Warning: Token not allowed in a PDF string (PDFDocEncoding):
(hyperref)                removing `\textifsymbol' on input line 156.


Package hyperref Warning: Token not allowed in a PDF string (PDFDocEncoding):
(hyperref)                removing `\begingroup' on input line 156.


Package hyperref Warning: Token not allowed in a PDF string (PDFDocEncoding):
(hyperref)                removing `\catcode' on input line 156.


Package hyperref Warning: Token not allowed in a PDF string (PDFDocEncoding):
(hyperref)                removing `\active' on input line 156.


Package hyperref Warning: Token not allowed in a PDF string (PDFDocEncoding):
(hyperref)                removing `\<def>-command' on input line 156.


Package hyperref Warning: Token not allowed in a PDF string (PDFDocEncoding):
(hyperref)                removing `\csname\endcsname' on input line 156.


Package hyperref Warning: Token not allowed in a PDF string (PDFDocEncoding):
(hyperref)                removing `\catcode' on input line 156.


Package hyperref Warning: Token not allowed in a PDF string (PDFDocEncoding):
(hyperref)                removing `\active' on input line 156.


Package hyperref Warning: Token not allowed in a PDF string (PDFDocEncoding):
(hyperref)                removing `\<let>-command' on input line 156.


Package hyperref Warning: Token not allowed in a PDF string (PDFDocEncoding):
(hyperref)                removing `\csname\endcsname' on input line 156.


Package hyperref Warning: Token not allowed in a PDF string (PDFDocEncoding):
(hyperref)                removing `\<let>-command' on input line 156.


Package hyperref Warning: Token not allowed in a PDF string (PDFDocEncoding):
(hyperref)                removing `\%' on input line 156.


Package hyperref Warning: Token not allowed in a PDF string (PDFDocEncoding):
(hyperref)                removing `\catcode' on input line 156.


Package hyperref Warning: Token not allowed in a PDF string (PDFDocEncoding):
(hyperref)                removing `\active' on input line 156.


Package hyperref Warning: Token not allowed in a PDF string (PDFDocEncoding):
(hyperref)                removing `\<def>-command' on input line 156.


Package hyperref Warning: Token not allowed in a PDF string (PDFDocEncoding):
(hyperref)                removing `\csname\endcsname' on input line 156.


Package hyperref Warning: Token not allowed in a PDF string (PDFDocEncoding):
(hyperref)                removing `\<def>-command' on input line 156.


Package hyperref Warning: Token not allowed in a PDF string (PDFDocEncoding):
(hyperref)                removing `\#' on input line 156.


Package hyperref Warning: Token not allowed in a PDF string (PDFDocEncoding):
(hyperref)                removing `\catcode' on input line 156.


Package hyperref Warning: Token not allowed in a PDF string (PDFDocEncoding):
(hyperref)                removing `\<def>-command' on input line 156.


Package hyperref Warning: Token not allowed in a PDF string (PDFDocEncoding):
(hyperref)                removing `\csname\endcsname' on input line 156.


Package hyperref Warning: Token not allowed in a PDF string (PDFDocEncoding):
(hyperref)                removing `\<def>-command' on input line 156.


Package hyperref Warning: Token not allowed in a PDF string (PDFDocEncoding):
(hyperref)                removing `\&' on input line 156.


Package hyperref Warning: Token not allowed in a PDF string (PDFDocEncoding):
(hyperref)                removing `\<def>-command' on input line 156.


Package hyperref Warning: Token not allowed in a PDF string (PDFDocEncoding):
(hyperref)                removing `\textunderscore' on input line 156.


Package hyperref Warning: Token not allowed in a PDF string (PDFDocEncoding):
(hyperref)                removing `\<let>-command' on input line 156.


Package hyperref Warning: Token not allowed in a PDF string (PDFDocEncoding):
(hyperref)                removing `\_' on input line 156.


Package hyperref Warning: Token not allowed in a PDF string (PDFDocEncoding):
(hyperref)                removing `\catcode' on input line 156.


Package hyperref Warning: Token not allowed in a PDF string (PDFDocEncoding):
(hyperref)                removing `\active' on input line 156.


Package hyperref Warning: Token not allowed in a PDF string (PDFDocEncoding):
(hyperref)                removing `\<let>-command' on input line 156.


Package hyperref Warning: Token not allowed in a PDF string (PDFDocEncoding):
(hyperref)                removing `\csname\endcsname' on input line 156.


Package hyperref Warning: Token not allowed in a PDF string (PDFDocEncoding):
(hyperref)                removing `\<let>-command' on input line 156.


Package hyperref Warning: Token not allowed in a PDF string (PDFDocEncoding):
(hyperref)                removing `\csname\endcsname' on input line 156.


Package hyperref Warning: Token not allowed in a PDF string (PDFDocEncoding):
(hyperref)                removing `\<let>-command' on input line 156.


Package hyperref Warning: Token not allowed in a PDF string (PDFDocEncoding):
(hyperref)                removing `\~' on input line 156.


Package hyperref Warning: Token not allowed in a PDF string (PDFDocEncoding):
(hyperref)                removing `\<let>-command' on input line 156.


Package hyperref Warning: Token not allowed in a PDF string (PDFDocEncoding):
(hyperref)                removing `\textasciitilde' on input line 156.


Package hyperref Warning: Token not allowed in a PDF string (PDFDocEncoding):
(hyperref)                removing `\<let>-command' on input line 156.


Package hyperref Warning: Token not allowed in a PDF string (PDFDocEncoding):
(hyperref)                removing `\\' on input line 156.


Package hyperref Warning: Token not allowed in a PDF string (PDFDocEncoding):
(hyperref)                removing `\<def>-command' on input line 156.


Package hyperref Warning: Token not allowed in a PDF string (PDFDocEncoding):
(hyperref)                removing `\csname\endcsname' on input line 156.


Package hyperref Warning: Token not allowed in a PDF string (PDFDocEncoding):
(hyperref)                removing `\<def>-command' on input line 156.


Package hyperref Warning: Token not allowed in a PDF string (PDFDocEncoding):
(hyperref)                removing `\Hy@tempa' on input line 156.


Package hyperref Warning: Token not allowed in a PDF string (PDFDocEncoding):
(hyperref)                removing `\<def>-command' on input line 156.


Package hyperref Warning: Token not allowed in a PDF string (PDFDocEncoding):
(hyperref)                removing `\Hy@tempa' on input line 156.

(./catolica_planejamento.aux (./introducao_picat.aux) (./planejamento_picat.aux
) (./conclusoes_picat.aux))
\openout1 = `catolica_planejamento.aux'.

LaTeX Font Info:    Checking defaults for OML/cmm/m/it on input line 165.
LaTeX Font Info:    ... okay on input line 165.
LaTeX Font Info:    Checking defaults for T1/cmr/m/n on input line 165.
LaTeX Font Info:    ... okay on input line 165.
LaTeX Font Info:    Checking defaults for OT1/cmr/m/n on input line 165.
LaTeX Font Info:    ... okay on input line 165.
LaTeX Font Info:    Checking defaults for OMS/cmsy/m/n on input line 165.
LaTeX Font Info:    ... okay on input line 165.
LaTeX Font Info:    Checking defaults for OMX/cmex/m/n on input line 165.
LaTeX Font Info:    ... okay on input line 165.
LaTeX Font Info:    Checking defaults for U/cmr/m/n on input line 165.
LaTeX Font Info:    ... okay on input line 165.
LaTeX Font Info:    Checking defaults for PD1/pdf/m/n on input line 165.
LaTeX Font Info:    ... okay on input line 165.

*geometry* driver: auto-detecting
*geometry* detected driver: pdftex
*geometry* verbose mode - [ preamble ] result:
* driver: pdftex
* paper: custom
* layout: <same size as paper>
* layoutoffset:(h,v)=(0.0pt,0.0pt)
* modes: includehead includefoot 
* h-part:(L,W,R)=(28.45274pt, 307.28987pt, 28.45274pt)
* v-part:(T,H,B)=(0.0pt, 273.14662pt, 0.0pt)
* \paperwidth=364.19536pt
* \paperheight=273.14662pt
* \textwidth=307.28987pt
* \textheight=244.6939pt
* \oddsidemargin=-43.81725pt
* \evensidemargin=-43.81725pt
* \topmargin=-72.26999pt
* \headheight=14.22636pt
* \headsep=0.0pt
* \topskip=11.0pt
* \footskip=14.22636pt
* \marginparwidth=4.0pt
* \marginparsep=10.0pt
* \columnsep=10.0pt
* \skip\footins=10.0pt plus 4.0pt minus 2.0pt
* \hoffset=0.0pt
* \voffset=0.0pt
* \mag=1000
* \@twocolumnfalse
* \@twosidefalse
* \@mparswitchfalse
* \@reversemarginfalse
* (1in=72.27pt=25.4mm, 1cm=28.453pt)

(/usr/share/texmf-dist/tex/context/base/mkii/supp-pdf.mkii
[Loading MPS to PDF converter (version 2006.09.02).]
\scratchcounter=\count364
\scratchdimen=\dimen304
\scratchbox=\box104
\nofMPsegments=\count365
\nofMParguments=\count366
\everyMPshowfont=\toks48
\MPscratchCnt=\count367
\MPscratchDim=\dimen305
\MPnumerator=\count368
\makeMPintoPDFobject=\count369
\everyMPtoPDFconversion=\toks49
) (/usr/share/texmf-dist/tex/latex/oberdiek/epstopdf-base.sty
Package: epstopdf-base 2016/05/15 v2.6 Base part for package epstopdf

(/usr/share/texmf-dist/tex/latex/oberdiek/grfext.sty
Package: grfext 2016/05/16 v1.2 Manage graphics extensions (HO)
)
Package epstopdf-base Info: Redefining graphics rule for `.eps' on input line 4
38.
Package grfext Info: Graphics extension search list:
(grfext)             [.pdf,.png,.jpg,.eps]
(grfext)             \AppendGraphicsExtensions on input line 456.

(/usr/share/texmf-dist/tex/latex/latexconfig/epstopdf-sys.cfg
File: epstopdf-sys.cfg 2010/07/13 v1.3 Configuration of (r)epstopdf for TeX Liv
e
))
ABD: EveryShipout initializing macros
\AtBeginShipoutBox=\box105
Package hyperref Info: Link coloring OFF on input line 165.

(/usr/share/texmf-dist/tex/latex/hyperref/nameref.sty
Package: nameref 2019/09/16 v2.46 Cross-referencing by name of section

(/usr/share/texmf-dist/tex/generic/oberdiek/gettitlestring.sty
Package: gettitlestring 2016/05/16 v1.5 Cleanup title references (HO)
)
\c@section@level=\count370
)
LaTeX Info: Redefining \ref on input line 165.
LaTeX Info: Redefining \pageref on input line 165.
LaTeX Info: Redefining \nameref on input line 165.

(./catolica_planejamento.out) (./catolica_planejamento.out)
\@outlinefile=\write6
\openout6 = `catolica_planejamento.out'.

LaTeX Font Info:    Overwriting symbol font `operators' in version `normal'
(Font)                  OT1/cmr/m/n --> OT1/cmss/m/n on input line 165.
LaTeX Font Info:    Overwriting symbol font `operators' in version `bold'
(Font)                  OT1/cmr/bx/n --> OT1/cmss/bx/n on input line 165.
\symnumbers=\mathgroup7
\sympureletters=\mathgroup8
LaTeX Font Info:    Overwriting math alphabet `\mathrm' in version `normal'
(Font)                  OT1/cmss/m/n --> T1/cmr/m/n on input line 165.
LaTeX Font Info:    Redeclaring math alphabet \mathbf on input line 165.
LaTeX Font Info:    Overwriting math alphabet `\mathbf' in version `normal'
(Font)                  OT1/cmr/bx/n --> T1/cmss/bx/n on input line 165.
LaTeX Font Info:    Overwriting math alphabet `\mathbf' in version `bold'
(Font)                  OT1/cmr/bx/n --> T1/cmss/bx/n on input line 165.
LaTeX Font Info:    Redeclaring math alphabet \mathsf on input line 165.
LaTeX Font Info:    Overwriting math alphabet `\mathsf' in version `normal'
(Font)                  OT1/cmss/m/n --> T1/cmss/m/n on input line 165.
LaTeX Font Info:    Overwriting math alphabet `\mathsf' in version `bold'
(Font)                  OT1/cmss/bx/n --> T1/cmss/m/n on input line 165.
LaTeX Font Info:    Redeclaring math alphabet \mathit on input line 165.
LaTeX Font Info:    Overwriting math alphabet `\mathit' in version `normal'
(Font)                  OT1/cmr/m/it --> T1/cmss/m/it on input line 165.
LaTeX Font Info:    Overwriting math alphabet `\mathit' in version `bold'
(Font)                  OT1/cmr/bx/it --> T1/cmss/m/it on input line 165.
LaTeX Font Info:    Redeclaring math alphabet \mathtt on input line 165.
LaTeX Font Info:    Overwriting math alphabet `\mathtt' in version `normal'
(Font)                  OT1/cmtt/m/n --> T1/cmtt/m/n on input line 165.
LaTeX Font Info:    Overwriting math alphabet `\mathtt' in version `bold'
(Font)                  OT1/cmtt/m/n --> T1/cmtt/m/n on input line 165.
LaTeX Font Info:    Overwriting symbol font `numbers' in version `bold'
(Font)                  T1/cmss/m/n --> T1/cmss/bx/n on input line 165.
LaTeX Font Info:    Overwriting symbol font `pureletters' in version `bold'
(Font)                  T1/cmss/m/it --> T1/cmss/bx/it on input line 165.
LaTeX Font Info:    Overwriting math alphabet `\mathrm' in version `bold'
(Font)                  OT1/cmss/bx/n --> T1/cmr/bx/n on input line 165.
LaTeX Font Info:    Overwriting math alphabet `\mathbf' in version `bold'
(Font)                  T1/cmss/bx/n --> T1/cmss/bx/n on input line 165.
LaTeX Font Info:    Overwriting math alphabet `\mathsf' in version `bold'
(Font)                  T1/cmss/m/n --> T1/cmss/bx/n on input line 165.
LaTeX Font Info:    Overwriting math alphabet `\mathit' in version `bold'
(Font)                  T1/cmss/m/it --> T1/cmss/bx/it on input line 165.
LaTeX Font Info:    Overwriting math alphabet `\mathtt' in version `bold'
(Font)                  T1/cmtt/m/n --> T1/cmtt/bx/n on input line 165.
LaTeX Font Info:    Redeclaring symbol font `pureletters' on input line 165.
LaTeX Font Info:    Encoding `T1' has changed to `OT1' for symbol font
(Font)              `pureletters' in the math version `normal' on input line 16
5.
LaTeX Font Info:    Overwriting symbol font `pureletters' in version `normal'
(Font)                  T1/cmss/m/it --> OT1/mathkerncmss/m/sl on input line 16
5.
LaTeX Font Info:    Encoding `T1' has changed to `OT1' for symbol font
(Font)              `pureletters' in the math version `bold' on input line 165.

LaTeX Font Info:    Overwriting symbol font `pureletters' in version `bold'
(Font)                  T1/cmss/bx/it --> OT1/mathkerncmss/m/sl on input line 1
65.
LaTeX Font Info:    Overwriting symbol font `pureletters' in version `bold'
(Font)                  OT1/mathkerncmss/m/sl --> OT1/mathkerncmss/bx/sl on inp
ut line 165.

(/usr/share/texmf-dist/tex/latex/translator/translator-basic-dictionary-English
.dict
Dictionary: translator-basic-dictionary, Language: English 
)
(/usr/share/texmf-dist/tex/latex/translator/translator-bibliography-dictionary-
English.dict
Dictionary: translator-bibliography-dictionary, Language: English 
)
(/usr/share/texmf-dist/tex/latex/translator/translator-environment-dictionary-E
nglish.dict
Dictionary: translator-environment-dictionary, Language: English 
)
(/usr/share/texmf-dist/tex/latex/translator/translator-months-dictionary-Englis
h.dict
Dictionary: translator-months-dictionary, Language: English 
)
(/usr/share/texmf-dist/tex/latex/translator/translator-numbers-dictionary-Engli
sh.dict
Dictionary: translator-numbers-dictionary, Language: English 
)
(/usr/share/texmf-dist/tex/latex/translator/translator-theorem-dictionary-Engli
sh.dict
Dictionary: translator-theorem-dictionary, Language: English 
)
Package caption Info: Begin \AtBeginDocument code.
Package caption Info: listings package is loaded.
Package caption Info: subfigure package is loaded.
Package caption Info: End \AtBeginDocument code.
\c@lstlisting=\count371
 (./catolica_planejamento.nav)

LaTeX Font Warning: Font shape `T1/cmss/m/n' in size <20> not available
(Font)              size <20.74> substituted on input line 168.

LaTeX Font Info:    Trying to load font information for U+ifsym on input line 1
68.
(/usr/share/texmf-dist/tex/latex/ifsym/uifsym.fd)
LaTeX Font Info:    Trying to load font information for T1+cmtt on input line 1
68.

(/usr/share/texmf-dist/tex/latex/base/t1cmtt.fd
File: t1cmtt.fd 2014/09/29 v2.5h Standard LaTeX font definitions
)
LaTeX Font Info:    Trying to load font information for U+msa on input line 168
.

(/usr/share/texmf-dist/tex/latex/amsfonts/umsa.fd
File: umsa.fd 2013/01/14 v3.01 AMS symbols A
)
LaTeX Font Info:    Trying to load font information for U+msb on input line 168
.

(/usr/share/texmf-dist/tex/latex/amsfonts/umsb.fd
File: umsb.fd 2013/01/14 v3.01 AMS symbols B
)
LaTeX Font Info:    Trying to load font information for U+lasy on input line 16
8.

(/usr/share/texmf-dist/tex/latex/base/ulasy.fd
File: ulasy.fd 1998/08/17 v2.2e LaTeX symbol font definitions
)
LaTeX Font Info:    Trying to load font information for OT1+mathkerncmss on inp
ut line 168.

(/usr/share/texmf-dist/tex/latex/sansmathaccent/ot1mathkerncmss.fd
File: ot1mathkerncmss.fd 2013/03/27 Fontinst v1.933 font definitions for OT1/ma
thkerncmss.
)
<figures/logo02-picat.jpg, id=42, 113.24783pt x 119.20825pt>
File: figures/logo02-picat.jpg Graphic file (type jpg)
<use figures/logo02-picat.jpg>
Package pdftex.def Info: figures/logo02-picat.jpg  used on input line 168.
(pdftex.def)             Requested size: 28.54343pt x 30.04628pt.
 [1

{/var/lib/texmf/fonts/map/pdftex/updmap/pdftex.map} <./figures/logo02-picat.jpg
>]
(./catolica_planejamento.toc)
File: figures/logo02-picat.jpg Graphic file (type jpg)
<use figures/logo02-picat.jpg>
Package pdftex.def Info: figures/logo02-picat.jpg  used on input line 176.
(pdftex.def)             Requested size: 28.54343pt x 30.04628pt.
 [2

]
\openout2 = `introducao_picat.aux'.

 (./introducao_picat.tex
<figures/logo_picat_alex.jpg, id=121, 564.60938pt x 317.68687pt>
File: figures/logo_picat_alex.jpg Graphic file (type jpg)
<use figures/logo_picat_alex.jpg>
Package pdftex.def Info: figures/logo_picat_alex.jpg  used on input line 24.
(pdftex.def)             Requested size: 184.37462pt x 107.65823pt.

Overfull \hbox (30.72969pt too wide) in paragraph at lines 24--24
 [] 
 []

File: figures/logo02-picat.jpg Graphic file (type jpg)
<use figures/logo02-picat.jpg>
Package pdftex.def Info: figures/logo02-picat.jpg  used on input line 24.
(pdftex.def)             Requested size: 28.54343pt x 30.04628pt.
[3


 <./figures/logo_picat_alex.jpg>]
File: figures/logo02-picat.jpg Graphic file (type jpg)
<use figures/logo02-picat.jpg>
Package pdftex.def Info: figures/logo02-picat.jpg  used on input line 48.
(pdftex.def)             Requested size: 28.54343pt x 30.04628pt.
 [4

]
File: figures/logo02-picat.jpg Graphic file (type jpg)
<use figures/logo02-picat.jpg>
Package pdftex.def Info: figures/logo02-picat.jpg  used on input line 48.
(pdftex.def)             Requested size: 28.54343pt x 30.04628pt.
 [5

]
File: figures/logo02-picat.jpg Graphic file (type jpg)
<use figures/logo02-picat.jpg>
Package pdftex.def Info: figures/logo02-picat.jpg  used on input line 48.
(pdftex.def)             Requested size: 28.54343pt x 30.04628pt.
 [6

]
File: figures/logo02-picat.jpg Graphic file (type jpg)
<use figures/logo02-picat.jpg>
Package pdftex.def Info: figures/logo02-picat.jpg  used on input line 48.
(pdftex.def)             Requested size: 28.54343pt x 30.04628pt.
 [7

]
\openout4 = `catolica_planejamento.vrb'.


(./catolica_planejamento.vrb
LaTeX Font Info:    Font shape `T1/cmtt/bx/n' in size <10.95> not available
(Font)              Font shape `T1/cmtt/m/n' tried instead on input line 7.
)
File: figures/logo02-picat.jpg Graphic file (type jpg)
<use figures/logo02-picat.jpg>
Package pdftex.def Info: figures/logo02-picat.jpg  used on input line 70.
(pdftex.def)             Requested size: 28.54343pt x 30.04628pt.
 [8

] (./catolica_planejamento.vrb)
File: figures/logo02-picat.jpg Graphic file (type jpg)
<use figures/logo02-picat.jpg>
Package pdftex.def Info: figures/logo02-picat.jpg  used on input line 70.
(pdftex.def)             Requested size: 28.54343pt x 30.04628pt.
 [9

]
(./catolica_planejamento.vrb)
File: figures/logo02-picat.jpg Graphic file (type jpg)
<use figures/logo02-picat.jpg>
Package pdftex.def Info: figures/logo02-picat.jpg  used on input line 70.
(pdftex.def)             Requested size: 28.54343pt x 30.04628pt.
 [10

]
File: figures/logo02-picat.jpg Graphic file (type jpg)
<use figures/logo02-picat.jpg>
Package pdftex.def Info: figures/logo02-picat.jpg  used on input line 98.
(pdftex.def)             Requested size: 28.54343pt x 30.04628pt.
 [11

]
File: figures/logo02-picat.jpg Graphic file (type jpg)
<use figures/logo02-picat.jpg>
Package pdftex.def Info: figures/logo02-picat.jpg  used on input line 98.
(pdftex.def)             Requested size: 28.54343pt x 30.04628pt.
 [12

]
\openout4 = `catolica_planejamento.vrb'.

 (./catolica_planejamento.vrb)
File: figures/logo02-picat.jpg Graphic file (type jpg)
<use figures/logo02-picat.jpg>
Package pdftex.def Info: figures/logo02-picat.jpg  used on input line 125.
(pdftex.def)             Requested size: 28.54343pt x 30.04628pt.

[13

] (./catolica_planejamento.vrb)
File: figures/logo02-picat.jpg Graphic file (type jpg)
<use figures/logo02-picat.jpg>
Package pdftex.def Info: figures/logo02-picat.jpg  used on input line 125.
(pdftex.def)             Requested size: 28.54343pt x 30.04628pt.
 [14

] (./catolica_planejamento.vrb)
File: figures/logo02-picat.jpg Graphic file (type jpg)
<use figures/logo02-picat.jpg>
Package pdftex.def Info: figures/logo02-picat.jpg  used on input line 125.
(pdftex.def)             Requested size: 28.54343pt x 30.04628pt.
 [15

]
\openout4 = `catolica_planejamento.vrb'.


(./catolica_planejamento.vrb)
File: figures/logo02-picat.jpg Graphic file (type jpg)
<use figures/logo02-picat.jpg>
Package pdftex.def Info: figures/logo02-picat.jpg  used on input line 151.
(pdftex.def)             Requested size: 28.54343pt x 30.04628pt.
 [16

] (./catolica_planejamento.vrb)
File: figures/logo02-picat.jpg Graphic file (type jpg)
<use figures/logo02-picat.jpg>
Package pdftex.def Info: figures/logo02-picat.jpg  used on input line 151.
(pdftex.def)             Requested size: 28.54343pt x 30.04628pt.
 [17

]
(./catolica_planejamento.vrb)
File: figures/logo02-picat.jpg Graphic file (type jpg)
<use figures/logo02-picat.jpg>
Package pdftex.def Info: figures/logo02-picat.jpg  used on input line 151.
(pdftex.def)             Requested size: 28.54343pt x 30.04628pt.
 [18

] (./catolica_planejamento.vrb)
File: figures/logo02-picat.jpg Graphic file (type jpg)
<use figures/logo02-picat.jpg>
Package pdftex.def Info: figures/logo02-picat.jpg  used on input line 151.
(pdftex.def)             Requested size: 28.54343pt x 30.04628pt.
 [19

]
\openout4 = `catolica_planejamento.vrb'.


(./catolica_planejamento.vrb)
File: figures/logo02-picat.jpg Graphic file (type jpg)
<use figures/logo02-picat.jpg>
Package pdftex.def Info: figures/logo02-picat.jpg  used on input line 175.
(pdftex.def)             Requested size: 28.54343pt x 30.04628pt.
 [20

] (./catolica_planejamento.vrb)
File: figures/logo02-picat.jpg Graphic file (type jpg)
<use figures/logo02-picat.jpg>
Package pdftex.def Info: figures/logo02-picat.jpg  used on input line 175.
(pdftex.def)             Requested size: 28.54343pt x 30.04628pt.
 [21

]
(./catolica_planejamento.vrb)
File: figures/logo02-picat.jpg Graphic file (type jpg)
<use figures/logo02-picat.jpg>
Package pdftex.def Info: figures/logo02-picat.jpg  used on input line 175.
(pdftex.def)             Requested size: 28.54343pt x 30.04628pt.
 [22

]
\openout4 = `catolica_planejamento.vrb'.

 (./catolica_planejamento.vrb
<figures/Paradigma_Procedural.png, id=644, 642.4pt x 481.8pt>
File: figures/Paradigma_Procedural.png Graphic file (type png)
<use figures/Paradigma_Procedural.png>
Package pdftex.def Info: figures/Paradigma_Procedural.png  used on input line 2
4.
(pdftex.def)             Requested size: 147.50119pt x 110.62051pt.
)
File: figures/logo02-picat.jpg Graphic file (type jpg)
<use figures/logo02-picat.jpg>
Package pdftex.def Info: figures/logo02-picat.jpg  used on input line 210.
(pdftex.def)             Requested size: 28.54343pt x 30.04628pt.
 [23

 <./figures/Paradigma_Procedural.png>] (./catolica_planejamento.vrb
File: figures/Paradigma_Procedural.png Graphic file (type png)
<use figures/Paradigma_Procedural.png>
Package pdftex.def Info: figures/Paradigma_Procedural.png  used on input line 2
4.
(pdftex.def)             Requested size: 147.50119pt x 110.62051pt.
)
File: figures/logo02-picat.jpg Graphic file (type jpg)
<use figures/logo02-picat.jpg>
Package pdftex.def Info: figures/logo02-picat.jpg  used on input line 210.
(pdftex.def)             Requested size: 28.54343pt x 30.04628pt.
 [24

]
(./catolica_planejamento.vrb
File: figures/Paradigma_Procedural.png Graphic file (type png)
<use figures/Paradigma_Procedural.png>
Package pdftex.def Info: figures/Paradigma_Procedural.png  used on input line 2
4.
(pdftex.def)             Requested size: 147.50119pt x 110.62051pt.
)
File: figures/logo02-picat.jpg Graphic file (type jpg)
<use figures/logo02-picat.jpg>
Package pdftex.def Info: figures/logo02-picat.jpg  used on input line 210.
(pdftex.def)             Requested size: 28.54343pt x 30.04628pt.
 [25

]
\openout4 = `catolica_planejamento.vrb'.

 (./catolica_planejamento.vrb)
File: figures/logo02-picat.jpg Graphic file (type jpg)
<use figures/logo02-picat.jpg>
Package pdftex.def Info: figures/logo02-picat.jpg  used on input line 239.
(pdftex.def)             Requested size: 28.54343pt x 30.04628pt.
 [26

]
(./catolica_planejamento.vrb)
File: figures/logo02-picat.jpg Graphic file (type jpg)
<use figures/logo02-picat.jpg>
Package pdftex.def Info: figures/logo02-picat.jpg  used on input line 239.
(pdftex.def)             Requested size: 28.54343pt x 30.04628pt.
 [27

] (./catolica_planejamento.vrb)
File: figures/logo02-picat.jpg Graphic file (type jpg)
<use figures/logo02-picat.jpg>
Package pdftex.def Info: figures/logo02-picat.jpg  used on input line 239.
(pdftex.def)             Requested size: 28.54343pt x 30.04628pt.
 [28

]
(./catolica_planejamento.vrb)
File: figures/logo02-picat.jpg Graphic file (type jpg)
<use figures/logo02-picat.jpg>
Package pdftex.def Info: figures/logo02-picat.jpg  used on input line 239.
(pdftex.def)             Requested size: 28.54343pt x 30.04628pt.
 [29

] (./catolica_planejamento.vrb)
File: figures/logo02-picat.jpg Graphic file (type jpg)
<use figures/logo02-picat.jpg>
Package pdftex.def Info: figures/logo02-picat.jpg  used on input line 239.
(pdftex.def)             Requested size: 28.54343pt x 30.04628pt.
 [30

]
(./catolica_planejamento.vrb)
File: figures/logo02-picat.jpg Graphic file (type jpg)
<use figures/logo02-picat.jpg>
Package pdftex.def Info: figures/logo02-picat.jpg  used on input line 239.
(pdftex.def)             Requested size: 28.54343pt x 30.04628pt.
 [31

]
\openout4 = `catolica_planejamento.vrb'.

 (./catolica_planejamento.vrb)
File: figures/logo02-picat.jpg Graphic file (type jpg)
<use figures/logo02-picat.jpg>
Package pdftex.def Info: figures/logo02-picat.jpg  used on input line 269.
(pdftex.def)             Requested size: 28.54343pt x 30.04628pt.
 [32

]
\openout4 = `catolica_planejamento.vrb'.


(./catolica_planejamento.vrb)
File: figures/logo02-picat.jpg Graphic file (type jpg)
<use figures/logo02-picat.jpg>
Package pdftex.def Info: figures/logo02-picat.jpg  used on input line 301.
(pdftex.def)             Requested size: 28.54343pt x 30.04628pt.
 [33

] (./catolica_planejamento.vrb)
File: figures/logo02-picat.jpg Graphic file (type jpg)
<use figures/logo02-picat.jpg>
Package pdftex.def Info: figures/logo02-picat.jpg  used on input line 301.
(pdftex.def)             Requested size: 28.54343pt x 30.04628pt.
 [34

]
\openout4 = `catolica_planejamento.vrb'.


(./catolica_planejamento.vrb)
File: figures/logo02-picat.jpg Graphic file (type jpg)
<use figures/logo02-picat.jpg>
Package pdftex.def Info: figures/logo02-picat.jpg  used on input line 321.
(pdftex.def)             Requested size: 28.54343pt x 30.04628pt.
 [35

]
\openout4 = `catolica_planejamento.vrb'.

 (./catolica_planejamento.vrb)
File: figures/logo02-picat.jpg Graphic file (type jpg)
<use figures/logo02-picat.jpg>
Package pdftex.def Info: figures/logo02-picat.jpg  used on input line 337.
(pdftex.def)             Requested size: 28.54343pt x 30.04628pt.
 [36

]
(./catolica_planejamento.vrb)
File: figures/logo02-picat.jpg Graphic file (type jpg)
<use figures/logo02-picat.jpg>
Package pdftex.def Info: figures/logo02-picat.jpg  used on input line 337.
(pdftex.def)             Requested size: 28.54343pt x 30.04628pt.
 [37

]
\openout4 = `catolica_planejamento.vrb'.

 (./catolica_planejamento.vrb)
Overfull \vbox (22.56404pt too high) detected at line 371
 []

File: figures/logo02-picat.jpg Graphic file (type jpg)
<use figures/logo02-picat.jpg>
Package pdftex.def Info: figures/logo02-picat.jpg  used on input line 371.
(pdftex.def)             Requested size: 28.54343pt x 30.04628pt.
[38

]
\openout4 = `catolica_planejamento.vrb'.

 (./catolica_planejamento.vrb)
File: figures/logo02-picat.jpg Graphic file (type jpg)
<use figures/logo02-picat.jpg>
Package pdftex.def Info: figures/logo02-picat.jpg  used on input line 397.
(pdftex.def)             Requested size: 28.54343pt x 30.04628pt.
 [39

] (./catolica_planejamento.vrb)
File: figures/logo02-picat.jpg Graphic file (type jpg)
<use figures/logo02-picat.jpg>
Package pdftex.def Info: figures/logo02-picat.jpg  used on input line 397.
(pdftex.def)             Requested size: 28.54343pt x 30.04628pt.
 [40

]
(./catolica_planejamento.vrb)
File: figures/logo02-picat.jpg Graphic file (type jpg)
<use figures/logo02-picat.jpg>
Package pdftex.def Info: figures/logo02-picat.jpg  used on input line 397.
(pdftex.def)             Requested size: 28.54343pt x 30.04628pt.
 [41

]
\openout4 = `catolica_planejamento.vrb'.

 (./catolica_planejamento.vrb)
File: figures/logo02-picat.jpg Graphic file (type jpg)
<use figures/logo02-picat.jpg>
Package pdftex.def Info: figures/logo02-picat.jpg  used on input line 423.
(pdftex.def)             Requested size: 28.54343pt x 30.04628pt.
 [42

]
(./catolica_planejamento.vrb)
File: figures/logo02-picat.jpg Graphic file (type jpg)
<use figures/logo02-picat.jpg>
Package pdftex.def Info: figures/logo02-picat.jpg  used on input line 423.
(pdftex.def)             Requested size: 28.54343pt x 30.04628pt.
 [43

] (./catolica_planejamento.vrb)
File: figures/logo02-picat.jpg Graphic file (type jpg)
<use figures/logo02-picat.jpg>
Package pdftex.def Info: figures/logo02-picat.jpg  used on input line 423.
(pdftex.def)             Requested size: 28.54343pt x 30.04628pt.
 [44

]
(./catolica_planejamento.vrb)
File: figures/logo02-picat.jpg Graphic file (type jpg)
<use figures/logo02-picat.jpg>
Package pdftex.def Info: figures/logo02-picat.jpg  used on input line 423.
(pdftex.def)             Requested size: 28.54343pt x 30.04628pt.
 [45

]
\openout4 = `catolica_planejamento.vrb'.

 (./catolica_planejamento.vrb)
File: figures/logo02-picat.jpg Graphic file (type jpg)
<use figures/logo02-picat.jpg>
Package pdftex.def Info: figures/logo02-picat.jpg  used on input line 442.
(pdftex.def)             Requested size: 28.54343pt x 30.04628pt.
 [46

]
(./catolica_planejamento.vrb)
File: figures/logo02-picat.jpg Graphic file (type jpg)
<use figures/logo02-picat.jpg>
Package pdftex.def Info: figures/logo02-picat.jpg  used on input line 442.
(pdftex.def)             Requested size: 28.54343pt x 30.04628pt.
 [47

] (./catolica_planejamento.vrb)
File: figures/logo02-picat.jpg Graphic file (type jpg)
<use figures/logo02-picat.jpg>
Package pdftex.def Info: figures/logo02-picat.jpg  used on input line 442.
(pdftex.def)             Requested size: 28.54343pt x 30.04628pt.
 [48

])
\openout2 = `planejamento_picat.aux'.


(./planejamento_picat.tex
File: figures/logo_picat_alex.jpg Graphic file (type jpg)
<use figures/logo_picat_alex.jpg>
Package pdftex.def Info: figures/logo_picat_alex.jpg  used on input line 22.
(pdftex.def)             Requested size: 184.37462pt x 107.65823pt.

Overfull \hbox (30.72969pt too wide) in paragraph at lines 22--22
 [] 
 []

File: figures/logo02-picat.jpg Graphic file (type jpg)
<use figures/logo02-picat.jpg>
Package pdftex.def Info: figures/logo02-picat.jpg  used on input line 22.
(pdftex.def)             Requested size: 28.54343pt x 30.04628pt.
[49



]
\openout4 = `catolica_planejamento.vrb'.

 (./catolica_planejamento.vrb)
File: figures/logo02-picat.jpg Graphic file (type jpg)
<use figures/logo02-picat.jpg>
Package pdftex.def Info: figures/logo02-picat.jpg  used on input line 55.
(pdftex.def)             Requested size: 28.54343pt x 30.04628pt.
 [50

] (./catolica_planejamento.vrb)
File: figures/logo02-picat.jpg Graphic file (type jpg)
<use figures/logo02-picat.jpg>
Package pdftex.def Info: figures/logo02-picat.jpg  used on input line 55.
(pdftex.def)             Requested size: 28.54343pt x 30.04628pt.
 [51

]
(./catolica_planejamento.vrb)
File: figures/logo02-picat.jpg Graphic file (type jpg)
<use figures/logo02-picat.jpg>
Package pdftex.def Info: figures/logo02-picat.jpg  used on input line 55.
(pdftex.def)             Requested size: 28.54343pt x 30.04628pt.
 [52

] (./catolica_planejamento.vrb)
File: figures/logo02-picat.jpg Graphic file (type jpg)
<use figures/logo02-picat.jpg>
Package pdftex.def Info: figures/logo02-picat.jpg  used on input line 55.
(pdftex.def)             Requested size: 28.54343pt x 30.04628pt.
 [53

]
(./catolica_planejamento.vrb)
File: figures/logo02-picat.jpg Graphic file (type jpg)
<use figures/logo02-picat.jpg>
Package pdftex.def Info: figures/logo02-picat.jpg  used on input line 55.
(pdftex.def)             Requested size: 28.54343pt x 30.04628pt.
 [54

] (./catolica_planejamento.vrb)
File: figures/logo02-picat.jpg Graphic file (type jpg)
<use figures/logo02-picat.jpg>
Package pdftex.def Info: figures/logo02-picat.jpg  used on input line 55.
(pdftex.def)             Requested size: 28.54343pt x 30.04628pt.
 [55

]
\openout4 = `catolica_planejamento.vrb'.


(./catolica_planejamento.vrb)
File: figures/logo02-picat.jpg Graphic file (type jpg)
<use figures/logo02-picat.jpg>
Package pdftex.def Info: figures/logo02-picat.jpg  used on input line 98.
(pdftex.def)             Requested size: 28.54343pt x 30.04628pt.
 [56

] (./catolica_planejamento.vrb)
File: figures/logo02-picat.jpg Graphic file (type jpg)
<use figures/logo02-picat.jpg>
Package pdftex.def Info: figures/logo02-picat.jpg  used on input line 98.
(pdftex.def)             Requested size: 28.54343pt x 30.04628pt.
 [57

]
(./catolica_planejamento.vrb)
File: figures/logo02-picat.jpg Graphic file (type jpg)
<use figures/logo02-picat.jpg>
Package pdftex.def Info: figures/logo02-picat.jpg  used on input line 98.
(pdftex.def)             Requested size: 28.54343pt x 30.04628pt.
 [58

] (./catolica_planejamento.vrb)
File: figures/logo02-picat.jpg Graphic file (type jpg)
<use figures/logo02-picat.jpg>
Package pdftex.def Info: figures/logo02-picat.jpg  used on input line 98.
(pdftex.def)             Requested size: 28.54343pt x 30.04628pt.
 [59

]
(./catolica_planejamento.vrb)
File: figures/logo02-picat.jpg Graphic file (type jpg)
<use figures/logo02-picat.jpg>
Package pdftex.def Info: figures/logo02-picat.jpg  used on input line 98.
(pdftex.def)             Requested size: 28.54343pt x 30.04628pt.
 [60

]
\openout4 = `catolica_planejamento.vrb'.

 (./catolica_planejamento.vrb)
File: figures/logo02-picat.jpg Graphic file (type jpg)
<use figures/logo02-picat.jpg>
Package pdftex.def Info: figures/logo02-picat.jpg  used on input line 133.
(pdftex.def)             Requested size: 28.54343pt x 30.04628pt.
 [61

]
(./catolica_planejamento.vrb)
File: figures/logo02-picat.jpg Graphic file (type jpg)
<use figures/logo02-picat.jpg>
Package pdftex.def Info: figures/logo02-picat.jpg  used on input line 133.
(pdftex.def)             Requested size: 28.54343pt x 30.04628pt.
 [62

] (./catolica_planejamento.vrb)
File: figures/logo02-picat.jpg Graphic file (type jpg)
<use figures/logo02-picat.jpg>
Package pdftex.def Info: figures/logo02-picat.jpg  used on input line 133.
(pdftex.def)             Requested size: 28.54343pt x 30.04628pt.
 [63

]
(./catolica_planejamento.vrb)
File: figures/logo02-picat.jpg Graphic file (type jpg)
<use figures/logo02-picat.jpg>
Package pdftex.def Info: figures/logo02-picat.jpg  used on input line 133.
(pdftex.def)             Requested size: 28.54343pt x 30.04628pt.
 [64

]
\openout4 = `catolica_planejamento.vrb'.

 (./catolica_planejamento.vrb
<figures/planning01.jpg, id=1723, 552.0625pt x 393.47pt>
File: figures/planning01.jpg Graphic file (type jpg)
<use figures/planning01.jpg>
Package pdftex.def Info: figures/planning01.jpg  used on input line 5.
(pdftex.def)             Requested size: 261.2047pt x 188.40114pt.
)
File: figures/logo02-picat.jpg Graphic file (type jpg)
<use figures/logo02-picat.jpg>
Package pdftex.def Info: figures/logo02-picat.jpg  used on input line 150.
(pdftex.def)             Requested size: 28.54343pt x 30.04628pt.
 [65

 <./figures/planning01.jpg>]
\openout4 = `catolica_planejamento.vrb'.

 (./catolica_planejamento.vrb
<figures/mundo_dos_blocos01.jpg, id=1749, 426.62613pt x 176.40097pt>
File: figures/mundo_dos_blocos01.jpg Graphic file (type jpg)
<use figures/mundo_dos_blocos01.jpg>
Package pdftex.def Info: figures/mundo_dos_blocos01.jpg  used on input line 5.
(pdftex.def)             Requested size: 261.19197pt x 174.95241pt.
)
File: figures/logo02-picat.jpg Graphic file (type jpg)
<use figures/logo02-picat.jpg>
Package pdftex.def Info: figures/logo02-picat.jpg  used on input line 166.
(pdftex.def)             Requested size: 28.54343pt x 30.04628pt.
 [66

 <./figures/mundo_dos_blocos01.jpg>]
\openout4 = `catolica_planejamento.vrb'.

 (./catolica_planejamento.vrb
<figures/mundo_dos_blocos02.jpg, id=1777, 746.01291pt x 559.50967pt>
File: figures/mundo_dos_blocos02.jpg Graphic file (type jpg)
<use figures/mundo_dos_blocos02.jpg>
Package pdftex.def Info: figures/mundo_dos_blocos02.jpg  used on input line 5.
(pdftex.def)             Requested size: 215.09743pt x 188.40376pt.
)
File: figures/logo02-picat.jpg Graphic file (type jpg)
<use figures/logo02-picat.jpg>
Package pdftex.def Info: figures/logo02-picat.jpg  used on input line 182.
(pdftex.def)             Requested size: 28.54343pt x 30.04628pt.
 [67

 <./figures/mundo_dos_blocos02.jpg>]
\openout4 = `catolica_planejamento.vrb'.


(./catolica_planejamento.vrb)
File: figures/logo02-picat.jpg Graphic file (type jpg)
<use figures/logo02-picat.jpg>
Package pdftex.def Info: figures/logo02-picat.jpg  used on input line 230.
(pdftex.def)             Requested size: 28.54343pt x 30.04628pt.
 [68

]
File: figures/logo02-picat.jpg Graphic file (type jpg)
<use figures/logo02-picat.jpg>
Package pdftex.def Info: figures/logo02-picat.jpg  used on input line 230.
(pdftex.def)             Requested size: 28.54343pt x 30.04628pt.
 [69


]
File: figures/logo02-picat.jpg Graphic file (type jpg)
<use figures/logo02-picat.jpg>
Package pdftex.def Info: figures/logo02-picat.jpg  used on input line 230.
(pdftex.def)             Requested size: 28.54343pt x 30.04628pt.
 [70


]
\openout4 = `catolica_planejamento.vrb'.

 (./catolica_planejamento.vrb
<figures/puzzle_2x3_01.jpg, id=1882, 200.75pt x 317.185pt>
File: figures/puzzle_2x3_01.jpg Graphic file (type jpg)
<use figures/puzzle_2x3_01.jpg>
Package pdftex.def Info: figures/puzzle_2x3_01.jpg  used on input line 5.
(pdftex.def)             Requested size: 92.18988pt x 107.65755pt.
<figures/puzzle_2x3_02.jpg, id=1883, 1284.8pt x 722.7pt>
File: figures/puzzle_2x3_02.jpg Graphic file (type jpg)
<use figures/puzzle_2x3_02.jpg>
Package pdftex.def Info: figures/puzzle_2x3_02.jpg  used on input line 15.
(pdftex.def)             Requested size: 230.45024pt x 174.94025pt.
)
File: figures/logo02-picat.jpg Graphic file (type jpg)
<use figures/logo02-picat.jpg>
Package pdftex.def Info: figures/logo02-picat.jpg  used on input line 255.
(pdftex.def)             Requested size: 28.54343pt x 30.04628pt.

[71

 <./figures/puzzle_2x3_01.jpg>]
File: figures/logo02-picat.jpg Graphic file (type jpg)
<use figures/logo02-picat.jpg>
Package pdftex.def Info: figures/logo02-picat.jpg  used on input line 255.
(pdftex.def)             Requested size: 28.54343pt x 30.04628pt.
 [72


 <./figures/puzzle_2x3_02.jpg>]
\openout4 = `catolica_planejamento.vrb'.


(./catolica_planejamento.vrb)
File: figures/logo02-picat.jpg Graphic file (type jpg)
<use figures/logo02-picat.jpg>
Package pdftex.def Info: figures/logo02-picat.jpg  used on input line 366.
(pdftex.def)             Requested size: 28.54343pt x 30.04628pt.
 [73

]
File: figures/logo02-picat.jpg Graphic file (type jpg)
<use figures/logo02-picat.jpg>
Package pdftex.def Info: figures/logo02-picat.jpg  used on input line 366.
(pdftex.def)             Requested size: 28.54343pt x 30.04628pt.
 [74


]
File: figures/logo02-picat.jpg Graphic file (type jpg)
<use figures/logo02-picat.jpg>
Package pdftex.def Info: figures/logo02-picat.jpg  used on input line 366.
(pdftex.def)             Requested size: 28.54343pt x 30.04628pt.
 [75


]
File: figures/logo02-picat.jpg Graphic file (type jpg)
<use figures/logo02-picat.jpg>
Package pdftex.def Info: figures/logo02-picat.jpg  used on input line 366.
(pdftex.def)             Requested size: 28.54343pt x 30.04628pt.
 [76


]
File: figures/logo02-picat.jpg Graphic file (type jpg)
<use figures/logo02-picat.jpg>
Package pdftex.def Info: figures/logo02-picat.jpg  used on input line 366.
(pdftex.def)             Requested size: 28.54343pt x 30.04628pt.
 [77


]
\openout4 = `catolica_planejamento.vrb'.


(./catolica_planejamento.vrb)
File: figures/logo02-picat.jpg Graphic file (type jpg)
<use figures/logo02-picat.jpg>
Package pdftex.def Info: figures/logo02-picat.jpg  used on input line 379.
(pdftex.def)             Requested size: 28.54343pt x 30.04628pt.
 [78

]
\openout4 = `catolica_planejamento.vrb'.

 (./catolica_planejamento.vrb
Overfull \hbox (23.37938pt too wide) in paragraph at lines 21--21
[]\T1/cmtt/m/n/9 (up(2),[1,5,2,4,3,0]),(right(3),[1,5,2,4,0,3]),(dow(5),[1,0,2,
4,5,3]),[] 
 []

)
File: figures/logo02-picat.jpg Graphic file (type jpg)
<use figures/logo02-picat.jpg>
Package pdftex.def Info: figures/logo02-picat.jpg  used on input line 424.
(pdftex.def)             Requested size: 28.54343pt x 30.04628pt.
 [79

]
File: figures/logo02-picat.jpg Graphic file (type jpg)
<use figures/logo02-picat.jpg>
Package pdftex.def Info: figures/logo02-picat.jpg  used on input line 424.
(pdftex.def)             Requested size: 28.54343pt x 30.04628pt.
 [80


]
\openout4 = `catolica_planejamento.vrb'.

 (./catolica_planejamento.vrb)
File: figures/logo02-picat.jpg Graphic file (type jpg)
<use figures/logo02-picat.jpg>
Package pdftex.def Info: figures/logo02-picat.jpg  used on input line 447.
(pdftex.def)             Requested size: 28.54343pt x 30.04628pt.
 [81

] (./catolica_planejamento.vrb)
File: figures/logo02-picat.jpg Graphic file (type jpg)
<use figures/logo02-picat.jpg>
Package pdftex.def Info: figures/logo02-picat.jpg  used on input line 447.
(pdftex.def)             Requested size: 28.54343pt x 30.04628pt.

[82

] (./catolica_planejamento.vrb)
File: figures/logo02-picat.jpg Graphic file (type jpg)
<use figures/logo02-picat.jpg>
Package pdftex.def Info: figures/logo02-picat.jpg  used on input line 447.
(pdftex.def)             Requested size: 28.54343pt x 30.04628pt.
 [83

] (./catolica_planejamento.vrb)
File: figures/logo02-picat.jpg Graphic file (type jpg)
<use figures/logo02-picat.jpg>
Package pdftex.def Info: figures/logo02-picat.jpg  used on input line 447.
(pdftex.def)             Requested size: 28.54343pt x 30.04628pt.
 [84

]
\openout4 = `catolica_planejamento.vrb'.


(./catolica_planejamento.vrb)
File: figures/logo02-picat.jpg Graphic file (type jpg)
<use figures/logo02-picat.jpg>
Package pdftex.def Info: figures/logo02-picat.jpg  used on input line 474.
(pdftex.def)             Requested size: 28.54343pt x 30.04628pt.
 [85

] (./catolica_planejamento.vrb)
File: figures/logo02-picat.jpg Graphic file (type jpg)
<use figures/logo02-picat.jpg>
Package pdftex.def Info: figures/logo02-picat.jpg  used on input line 474.
(pdftex.def)             Requested size: 28.54343pt x 30.04628pt.
 [86

]
(./catolica_planejamento.vrb)
File: figures/logo02-picat.jpg Graphic file (type jpg)
<use figures/logo02-picat.jpg>
Package pdftex.def Info: figures/logo02-picat.jpg  used on input line 474.
(pdftex.def)             Requested size: 28.54343pt x 30.04628pt.
 [87

]
\openout4 = `catolica_planejamento.vrb'.

 (./catolica_planejamento.vrb)
File: figures/logo02-picat.jpg Graphic file (type jpg)
<use figures/logo02-picat.jpg>
Package pdftex.def Info: figures/logo02-picat.jpg  used on input line 501.
(pdftex.def)             Requested size: 28.54343pt x 30.04628pt.
 [88

]
(./catolica_planejamento.vrb)
File: figures/logo02-picat.jpg Graphic file (type jpg)
<use figures/logo02-picat.jpg>
Package pdftex.def Info: figures/logo02-picat.jpg  used on input line 501.
(pdftex.def)             Requested size: 28.54343pt x 30.04628pt.
 [89

] (./catolica_planejamento.vrb)
File: figures/logo02-picat.jpg Graphic file (type jpg)
<use figures/logo02-picat.jpg>
Package pdftex.def Info: figures/logo02-picat.jpg  used on input line 501.
(pdftex.def)             Requested size: 28.54343pt x 30.04628pt.
 [90

]
(./catolica_planejamento.vrb)
File: figures/logo02-picat.jpg Graphic file (type jpg)
<use figures/logo02-picat.jpg>
Package pdftex.def Info: figures/logo02-picat.jpg  used on input line 501.
(pdftex.def)             Requested size: 28.54343pt x 30.04628pt.
 [91

] (./catolica_planejamento.vrb)
File: figures/logo02-picat.jpg Graphic file (type jpg)
<use figures/logo02-picat.jpg>
Package pdftex.def Info: figures/logo02-picat.jpg  used on input line 501.
(pdftex.def)             Requested size: 28.54343pt x 30.04628pt.
 [92

])
\openout2 = `conclusoes_picat.aux'.


(./conclusoes_picat.tex
\openout4 = `catolica_planejamento.vrb'.

 (./catolica_planejamento.vrb
File: figures/logo_picat_alex.jpg Graphic file (type jpg)
<use figures/logo_picat_alex.jpg>
Package pdftex.def Info: figures/logo_picat_alex.jpg  used on input line 12.
(pdftex.def)             Requested size: 184.37462pt x 107.65823pt.

Overfull \hbox (30.72969pt too wide) in paragraph at lines 12--13
 [] 
 []

)
File: figures/logo02-picat.jpg Graphic file (type jpg)
<use figures/logo02-picat.jpg>
Package pdftex.def Info: figures/logo02-picat.jpg  used on input line 19.
(pdftex.def)             Requested size: 28.54343pt x 30.04628pt.
 [93



]
\openout4 = `catolica_planejamento.vrb'.

 (./catolica_planejamento.vrb)
File: figures/logo02-picat.jpg Graphic file (type jpg)
<use figures/logo02-picat.jpg>
Package pdftex.def Info: figures/logo02-picat.jpg  used on input line 44.
(pdftex.def)             Requested size: 28.54343pt x 30.04628pt.
 [94

] (./catolica_planejamento.vrb)
File: figures/logo02-picat.jpg Graphic file (type jpg)
<use figures/logo02-picat.jpg>
Package pdftex.def Info: figures/logo02-picat.jpg  used on input line 44.
(pdftex.def)             Requested size: 28.54343pt x 30.04628pt.

[95

] (./catolica_planejamento.vrb)
File: figures/logo02-picat.jpg Graphic file (type jpg)
<use figures/logo02-picat.jpg>
Package pdftex.def Info: figures/logo02-picat.jpg  used on input line 44.
(pdftex.def)             Requested size: 28.54343pt x 30.04628pt.
 [96

] (./catolica_planejamento.vrb)
File: figures/logo02-picat.jpg Graphic file (type jpg)
<use figures/logo02-picat.jpg>
Package pdftex.def Info: figures/logo02-picat.jpg  used on input line 44.
(pdftex.def)             Requested size: 28.54343pt x 30.04628pt.
 [97

]
(./catolica_planejamento.vrb)
File: figures/logo02-picat.jpg Graphic file (type jpg)
<use figures/logo02-picat.jpg>
Package pdftex.def Info: figures/logo02-picat.jpg  used on input line 44.
(pdftex.def)             Requested size: 28.54343pt x 30.04628pt.
 [98

] (./catolica_planejamento.vrb)
File: figures/logo02-picat.jpg Graphic file (type jpg)
<use figures/logo02-picat.jpg>
Package pdftex.def Info: figures/logo02-picat.jpg  used on input line 44.
(pdftex.def)             Requested size: 28.54343pt x 30.04628pt.
 [99

]
(./catolica_planejamento.vrb)
File: figures/logo02-picat.jpg Graphic file (type jpg)
<use figures/logo02-picat.jpg>
Package pdftex.def Info: figures/logo02-picat.jpg  used on input line 44.
(pdftex.def)             Requested size: 28.54343pt x 30.04628pt.
 [100

]
\openout4 = `catolica_planejamento.vrb'.

 (./catolica_planejamento.vrb)
File: figures/logo02-picat.jpg Graphic file (type jpg)
<use figures/logo02-picat.jpg>
Package pdftex.def Info: figures/logo02-picat.jpg  used on input line 66.
(pdftex.def)             Requested size: 28.54343pt x 30.04628pt.
 [101

]
(./catolica_planejamento.vrb)
File: figures/logo02-picat.jpg Graphic file (type jpg)
<use figures/logo02-picat.jpg>
Package pdftex.def Info: figures/logo02-picat.jpg  used on input line 66.
(pdftex.def)             Requested size: 28.54343pt x 30.04628pt.
 [102

] (./catolica_planejamento.vrb)
File: figures/logo02-picat.jpg Graphic file (type jpg)
<use figures/logo02-picat.jpg>
Package pdftex.def Info: figures/logo02-picat.jpg  used on input line 66.
(pdftex.def)             Requested size: 28.54343pt x 30.04628pt.
 [103

]
\openout4 = `catolica_planejamento.vrb'.


(./catolica_planejamento.vrb)
File: figures/logo02-picat.jpg Graphic file (type jpg)
<use figures/logo02-picat.jpg>
Package pdftex.def Info: figures/logo02-picat.jpg  used on input line 100.
(pdftex.def)             Requested size: 28.54343pt x 30.04628pt.
 [104

] (./catolica_planejamento.vrb)
File: figures/logo02-picat.jpg Graphic file (type jpg)
<use figures/logo02-picat.jpg>
Package pdftex.def Info: figures/logo02-picat.jpg  used on input line 100.
(pdftex.def)             Requested size: 28.54343pt x 30.04628pt.
 [105

]
(./catolica_planejamento.vrb)
File: figures/logo02-picat.jpg Graphic file (type jpg)
<use figures/logo02-picat.jpg>
Package pdftex.def Info: figures/logo02-picat.jpg  used on input line 100.
(pdftex.def)             Requested size: 28.54343pt x 30.04628pt.
 [106

] (./catolica_planejamento.vrb)
File: figures/logo02-picat.jpg Graphic file (type jpg)
<use figures/logo02-picat.jpg>
Package pdftex.def Info: figures/logo02-picat.jpg  used on input line 100.
(pdftex.def)             Requested size: 28.54343pt x 30.04628pt.
 [107

]
(./catolica_planejamento.vrb)
File: figures/logo02-picat.jpg Graphic file (type jpg)
<use figures/logo02-picat.jpg>
Package pdftex.def Info: figures/logo02-picat.jpg  used on input line 100.
(pdftex.def)             Requested size: 28.54343pt x 30.04628pt.
 [108

]
\openout4 = `catolica_planejamento.vrb'.

 (./catolica_planejamento.vrb)
File: figures/logo02-picat.jpg Graphic file (type jpg)
<use figures/logo02-picat.jpg>
Package pdftex.def Info: figures/logo02-picat.jpg  used on input line 128.
(pdftex.def)             Requested size: 28.54343pt x 30.04628pt.
 [109

]
(./catolica_planejamento.vrb)
File: figures/logo02-picat.jpg Graphic file (type jpg)
<use figures/logo02-picat.jpg>
Package pdftex.def Info: figures/logo02-picat.jpg  used on input line 128.
(pdftex.def)             Requested size: 28.54343pt x 30.04628pt.
 [110

] (./catolica_planejamento.vrb)
File: figures/logo02-picat.jpg Graphic file (type jpg)
<use figures/logo02-picat.jpg>
Package pdftex.def Info: figures/logo02-picat.jpg  used on input line 128.
(pdftex.def)             Requested size: 28.54343pt x 30.04628pt.
 [111

]
(./catolica_planejamento.vrb)
File: figures/logo02-picat.jpg Graphic file (type jpg)
<use figures/logo02-picat.jpg>
Package pdftex.def Info: figures/logo02-picat.jpg  used on input line 128.
(pdftex.def)             Requested size: 28.54343pt x 30.04628pt.
 [112

]
\openout4 = `catolica_planejamento.vrb'.

 (./catolica_planejamento.vrb
File: figures/logo_picat_alex.jpg Graphic file (type jpg)
<use figures/logo_picat_alex.jpg>
Package pdftex.def Info: figures/logo_picat_alex.jpg  used on input line 14.
(pdftex.def)             Requested size: 184.37462pt x 107.65823pt.

Overfull \hbox (30.72969pt too wide) in paragraph at lines 14--15
 [] 
 []

)
File: figures/logo02-picat.jpg Graphic file (type jpg)
<use figures/logo02-picat.jpg>
Package pdftex.def Info: figures/logo02-picat.jpg  used on input line 151.
(pdftex.def)             Requested size: 28.54343pt x 30.04628pt.
 [113

])
\tf@nav=\write7
\openout7 = `catolica_planejamento.nav'.

\tf@toc=\write8
\openout8 = `catolica_planejamento.toc'.

\tf@snm=\write9
\openout9 = `catolica_planejamento.snm'.

Package atveryend Info: Empty hook `BeforeClearDocument' on input line 181.
Package atveryend Info: Empty hook `AfterLastShipout' on input line 181.
 (./catolica_planejamento.aux (./introducao_picat.aux)
(./planejamento_picat.aux) (./conclusoes_picat.aux))
Package atveryend Info: Executing hook `AtVeryEndDocument' on input line 181.
Package atveryend Info: Executing hook `AtEndAfterFileList' on input line 181.


Package rerunfilecheck Warning: File `catolica_planejamento.out' has changed.
(rerunfilecheck)                Rerun to get outlines right
(rerunfilecheck)                or use package `bookmark'.

Package rerunfilecheck Info: Checksums for `catolica_planejamento.out':
(rerunfilecheck)             Before: 4E4E7EC8D29F113C40815FEAE554DB58;424
(rerunfilecheck)             After:  B4CC787D68C323B0A259E974BBB99095;425.

LaTeX Font Warning: Size substitutions with differences
(Font)              up to 0.74pt have occurred.


LaTeX Warning: Label(s) may have changed. Rerun to get cross-references right.

 ) 
Here is how much of TeX's memory you used:
 32765 strings out of 492167
 612369 string characters out of 6131558
 951153 words of memory out of 5000000
 36107 multiletter control sequences out of 15000+600000
 558259 words of font info for 90 fonts, out of 8000000 for 9000
 1141 hyphenation exceptions out of 8191
 58i,14n,69p,788b,798s stack positions out of 5000i,500n,10000p,200000b,80000s
pdfTeX warning (dest): name{Navigation114} has been referenced but does not e
xist, replaced by a fixed one

pdfTeX warning (dest): name{Navigation118} has been referenced but does not exi
st, replaced by a fixed one

pdfTeX warning (dest): name{Outline0.3.3.114} has been referenced but does not 
exist, replaced by a fixed one

pdfTeX warning (dest): name{Outline0.3.2.109} has been referenced but does not 
exist, replaced by a fixed one

pdfTeX warning (dest): name{Outline0.3.1.106} has been referenced but does not 
exist, replaced by a fixed one

pdfTeX warning (dest): name{Outline0.1.1.8} has been referenced but does not ex
ist, replaced by a fixed one

{/usr/share/texmf-dist/fonts/enc/dvips/cm-super/cm-super-t1.enc} </home/ccs/.te
xlive/texmf-var/fonts/pk/ljfour/public/ifsym/ifsym10.657pk></usr/share/texmf-di
st/fonts/type1/public/amsfonts/cm/cmmi10.pfb></usr/share/texmf-dist/fonts/type1
/public/amsfonts/cm/cmss10.pfb></usr/share/texmf-dist/fonts/type1/public/amsfon
ts/cm/cmssi10.pfb></usr/share/texmf-dist/fonts/type1/public/amsfonts/cm/cmssi8.
pfb></usr/share/texmf-dist/fonts/type1/public/amsfonts/cm/cmsy10.pfb></usr/shar
e/texmf-dist/fonts/type1/public/cm-super/sfsi1000.pfb></usr/share/texmf-dist/fo
nts/type1/public/cm-super/sfsi1095.pfb></usr/share/texmf-dist/fonts/type1/publi
c/cm-super/sfsi1440.pfb></usr/share/texmf-dist/fonts/type1/public/cm-super/sfss
0800.pfb></usr/share/texmf-dist/fonts/type1/public/cm-super/sfss0900.pfb></usr/
share/texmf-dist/fonts/type1/public/cm-super/sfss1000.pfb></usr/share/texmf-dis
t/fonts/type1/public/cm-super/sfss1095.pfb></usr/share/texmf-dist/fonts/type1/p
ublic/cm-super/sfss1440.pfb></usr/share/texmf-dist/fonts/type1/public/cm-super/
sfss2074.pfb></usr/share/texmf-dist/fonts/type1/public/cm-super/sfsx1000.pfb></
usr/share/texmf-dist/fonts/type1/public/cm-super/sfsx1095.pfb></usr/share/texmf
-dist/fonts/type1/public/cm-super/sfsx1440.pfb></usr/share/texmf-dist/fonts/typ
e1/public/cm-super/sftt0900.pfb></usr/share/texmf-dist/fonts/type1/public/cm-su
per/sftt1000.pfb></usr/share/texmf-dist/fonts/type1/public/cm-super/sftt1095.pf
b></usr/share/texmf-dist/fonts/type1/public/cm-super/sftt1440.pfb>
Output written on catolica_planejamento.pdf (113 pages, 863486 bytes).
PDF statistics:
 3119 PDF objects out of 3580 (max. 8388607)
 2937 compressed objects within 30 object streams
 243 named destinations out of 1000 (max. 500000)
 139 words of extra memory for PDF output out of 10000 (max. 10000000)

