This is pdfTeX, Version 3.14159265-2.6-1.40.16 (TeX Live 2015/Debian) (preloaded format=pdflatex 2016.3.1)  9 APR 2016 20:02
entering extended mode
 restricted \write18 enabled.
 %&-line parsing enabled.
**artigo_picat_paulo.tex
(/usr/share/texlive/texmf-dist/tex/latex/tools/x.tex
! Interruption.
<to be read again> 
                   \begingroup 
l.1 
    %%
? x
 
Here is how much of TeX's memory you used:
 7 strings out of 494929
 264 string characters out of 6180143
 45758 words of memory out of 5000000
 3400 multiletter control sequences out of 15000+600000
 3640 words of font info for 14 fonts, out of 8000000 for 9000
 16 hyphenation exceptions out of 8191
 3i,0n,1p,29b,6s stack positions out of 5000i,500n,10000p,200000b,80000s
No pages of output.
PDF statistics:
 0 PDF objects out of 1000 (max. 8388607)
 0 named destinations out of 1000 (max. 500000)
 1 words of extra memory for PDF output out of 10000 (max. 10000000)

