This is pdfTeX, Version 3.14159265-2.6-1.40.18 (TeX Live 2017/Arch Linux) (preloaded format=pdflatex 2018.2.25)  25 FEB 2018 17:40
entering extended mode
 restricted \write18 enabled.
 %&-line parsing enabled.
**rapidas_linux.tex
(./rapidas_linux.tex
LaTeX2e <2017-04-15>
Babel <3.15> and hyphenation patterns for 84 language(s) loaded.
(/usr/share/texmf-dist/tex/latex/base/article.cls
Document Class: article 2014/09/29 v1.4h Standard LaTeX document class
(/usr/share/texmf-dist/tex/latex/base/size10.clo
File: size10.clo 2014/09/29 v1.4h Standard LaTeX file (size option)
)
\c@part=\count79
\c@section=\count80
\c@subsection=\count81
\c@subsubsection=\count82
\c@paragraph=\count83
\c@subparagraph=\count84
\c@figure=\count85
\c@table=\count86
\abovecaptionskip=\skip41
\belowcaptionskip=\skip42
\bibindent=\dimen102
)
(/usr/share/texmf-dist/tex/latex/base/fontenc.sty
Package: fontenc 2017/04/05 v2.0i Standard LaTeX package

(/usr/share/texmf-dist/tex/latex/base/t1enc.def
File: t1enc.def 2017/04/05 v2.0i Standard LaTeX file
LaTeX Font Info:    Redeclaring font encoding T1 on input line 48.
))
(/usr/share/texmf-dist/tex/latex/base/inputenc.sty
Package: inputenc 2015/03/17 v1.2c Input encoding file
\inpenc@prehook=\toks14
\inpenc@posthook=\toks15

(/usr/share/texmf-dist/tex/latex/base/utf8.def
File: utf8.def 2017/01/28 v1.1t UTF-8 support for inputenc
Now handling font encoding OML ...
... no UTF-8 mapping file for font encoding OML
Now handling font encoding T1 ...
... processing UTF-8 mapping file for font encoding T1

(/usr/share/texmf-dist/tex/latex/base/t1enc.dfu
File: t1enc.dfu 2017/01/28 v1.1t UTF-8 support for inputenc
   defining Unicode char U+00A0 (decimal 160)
   defining Unicode char U+00A1 (decimal 161)
   defining Unicode char U+00A3 (decimal 163)
   defining Unicode char U+00AB (decimal 171)
   defining Unicode char U+00AD (decimal 173)
   defining Unicode char U+00BB (decimal 187)
   defining Unicode char U+00BF (decimal 191)
   defining Unicode char U+00C0 (decimal 192)
   defining Unicode char U+00C1 (decimal 193)
   defining Unicode char U+00C2 (decimal 194)
   defining Unicode char U+00C3 (decimal 195)
   defining Unicode char U+00C4 (decimal 196)
   defining Unicode char U+00C5 (decimal 197)
   defining Unicode char U+00C6 (decimal 198)
   defining Unicode char U+00C7 (decimal 199)
   defining Unicode char U+00C8 (decimal 200)
   defining Unicode char U+00C9 (decimal 201)
   defining Unicode char U+00CA (decimal 202)
   defining Unicode char U+00CB (decimal 203)
   defining Unicode char U+00CC (decimal 204)
   defining Unicode char U+00CD (decimal 205)
   defining Unicode char U+00CE (decimal 206)
   defining Unicode char U+00CF (decimal 207)
   defining Unicode char U+00D0 (decimal 208)
   defining Unicode char U+00D1 (decimal 209)
   defining Unicode char U+00D2 (decimal 210)
   defining Unicode char U+00D3 (decimal 211)
   defining Unicode char U+00D4 (decimal 212)
   defining Unicode char U+00D5 (decimal 213)
   defining Unicode char U+00D6 (decimal 214)
   defining Unicode char U+00D8 (decimal 216)
   defining Unicode char U+00D9 (decimal 217)
   defining Unicode char U+00DA (decimal 218)
   defining Unicode char U+00DB (decimal 219)
   defining Unicode char U+00DC (decimal 220)
   defining Unicode char U+00DD (decimal 221)
   defining Unicode char U+00DE (decimal 222)
   defining Unicode char U+00DF (decimal 223)
   defining Unicode char U+00E0 (decimal 224)
   defining Unicode char U+00E1 (decimal 225)
   defining Unicode char U+00E2 (decimal 226)
   defining Unicode char U+00E3 (decimal 227)
   defining Unicode char U+00E4 (decimal 228)
   defining Unicode char U+00E5 (decimal 229)
   defining Unicode char U+00E6 (decimal 230)
   defining Unicode char U+00E7 (decimal 231)
   defining Unicode char U+00E8 (decimal 232)
   defining Unicode char U+00E9 (decimal 233)
   defining Unicode char U+00EA (decimal 234)
   defining Unicode char U+00EB (decimal 235)
   defining Unicode char U+00EC (decimal 236)
   defining Unicode char U+00ED (decimal 237)
   defining Unicode char U+00EE (decimal 238)
   defining Unicode char U+00EF (decimal 239)
   defining Unicode char U+00F0 (decimal 240)
   defining Unicode char U+00F1 (decimal 241)
   defining Unicode char U+00F2 (decimal 242)
   defining Unicode char U+00F3 (decimal 243)
   defining Unicode char U+00F4 (decimal 244)
   defining Unicode char U+00F5 (decimal 245)
   defining Unicode char U+00F6 (decimal 246)
   defining Unicode char U+00F8 (decimal 248)
   defining Unicode char U+00F9 (decimal 249)
   defining Unicode char U+00FA (decimal 250)
   defining Unicode char U+00FB (decimal 251)
   defining Unicode char U+00FC (decimal 252)
   defining Unicode char U+00FD (decimal 253)
   defining Unicode char U+00FE (decimal 254)
   defining Unicode char U+00FF (decimal 255)
   defining Unicode char U+0100 (decimal 256)
   defining Unicode char U+0101 (decimal 257)
   defining Unicode char U+0102 (decimal 258)
   defining Unicode char U+0103 (decimal 259)
   defining Unicode char U+0104 (decimal 260)
   defining Unicode char U+0105 (decimal 261)
   defining Unicode char U+0106 (decimal 262)
   defining Unicode char U+0107 (decimal 263)
   defining Unicode char U+0108 (decimal 264)
   defining Unicode char U+0109 (decimal 265)
   defining Unicode char U+010A (decimal 266)
   defining Unicode char U+010B (decimal 267)
   defining Unicode char U+010C (decimal 268)
   defining Unicode char U+010D (decimal 269)
   defining Unicode char U+010E (decimal 270)
   defining Unicode char U+010F (decimal 271)
   defining Unicode char U+0110 (decimal 272)
   defining Unicode char U+0111 (decimal 273)
   defining Unicode char U+0112 (decimal 274)
   defining Unicode char U+0113 (decimal 275)
   defining Unicode char U+0114 (decimal 276)
   defining Unicode char U+0115 (decimal 277)
   defining Unicode char U+0116 (decimal 278)
   defining Unicode char U+0117 (decimal 279)
   defining Unicode char U+0118 (decimal 280)
   defining Unicode char U+0119 (decimal 281)
   defining Unicode char U+011A (decimal 282)
   defining Unicode char U+011B (decimal 283)
   defining Unicode char U+011C (decimal 284)
   defining Unicode char U+011D (decimal 285)
   defining Unicode char U+011E (decimal 286)
   defining Unicode char U+011F (decimal 287)
   defining Unicode char U+0120 (decimal 288)
   defining Unicode char U+0121 (decimal 289)
   defining Unicode char U+0122 (decimal 290)
   defining Unicode char U+0123 (decimal 291)
   defining Unicode char U+0124 (decimal 292)
   defining Unicode char U+0125 (decimal 293)
   defining Unicode char U+0128 (decimal 296)
   defining Unicode char U+0129 (decimal 297)
   defining Unicode char U+012A (decimal 298)
   defining Unicode char U+012B (decimal 299)
   defining Unicode char U+012C (decimal 300)
   defining Unicode char U+012D (decimal 301)
   defining Unicode char U+012E (decimal 302)
   defining Unicode char U+012F (decimal 303)
   defining Unicode char U+0130 (decimal 304)
   defining Unicode char U+0131 (decimal 305)
   defining Unicode char U+0132 (decimal 306)
   defining Unicode char U+0133 (decimal 307)
   defining Unicode char U+0134 (decimal 308)
   defining Unicode char U+0135 (decimal 309)
   defining Unicode char U+0136 (decimal 310)
   defining Unicode char U+0137 (decimal 311)
   defining Unicode char U+0139 (decimal 313)
   defining Unicode char U+013A (decimal 314)
   defining Unicode char U+013B (decimal 315)
   defining Unicode char U+013C (decimal 316)
   defining Unicode char U+013D (decimal 317)
   defining Unicode char U+013E (decimal 318)
   defining Unicode char U+0141 (decimal 321)
   defining Unicode char U+0142 (decimal 322)
   defining Unicode char U+0143 (decimal 323)
   defining Unicode char U+0144 (decimal 324)
   defining Unicode char U+0145 (decimal 325)
   defining Unicode char U+0146 (decimal 326)
   defining Unicode char U+0147 (decimal 327)
   defining Unicode char U+0148 (decimal 328)
   defining Unicode char U+014A (decimal 330)
   defining Unicode char U+014B (decimal 331)
   defining Unicode char U+014C (decimal 332)
   defining Unicode char U+014D (decimal 333)
   defining Unicode char U+014E (decimal 334)
   defining Unicode char U+014F (decimal 335)
   defining Unicode char U+0150 (decimal 336)
   defining Unicode char U+0151 (decimal 337)
   defining Unicode char U+0152 (decimal 338)
   defining Unicode char U+0153 (decimal 339)
   defining Unicode char U+0154 (decimal 340)
   defining Unicode char U+0155 (decimal 341)
   defining Unicode char U+0156 (decimal 342)
   defining Unicode char U+0157 (decimal 343)
   defining Unicode char U+0158 (decimal 344)
   defining Unicode char U+0159 (decimal 345)
   defining Unicode char U+015A (decimal 346)
   defining Unicode char U+015B (decimal 347)
   defining Unicode char U+015C (decimal 348)
   defining Unicode char U+015D (decimal 349)
   defining Unicode char U+015E (decimal 350)
   defining Unicode char U+015F (decimal 351)
   defining Unicode char U+0160 (decimal 352)
   defining Unicode char U+0161 (decimal 353)
   defining Unicode char U+0162 (decimal 354)
   defining Unicode char U+0163 (decimal 355)
   defining Unicode char U+0164 (decimal 356)
   defining Unicode char U+0165 (decimal 357)
   defining Unicode char U+0168 (decimal 360)
   defining Unicode char U+0169 (decimal 361)
   defining Unicode char U+016A (decimal 362)
   defining Unicode char U+016B (decimal 363)
   defining Unicode char U+016C (decimal 364)
   defining Unicode char U+016D (decimal 365)
   defining Unicode char U+016E (decimal 366)
   defining Unicode char U+016F (decimal 367)
   defining Unicode char U+0170 (decimal 368)
   defining Unicode char U+0171 (decimal 369)
   defining Unicode char U+0172 (decimal 370)
   defining Unicode char U+0173 (decimal 371)
   defining Unicode char U+0174 (decimal 372)
   defining Unicode char U+0175 (decimal 373)
   defining Unicode char U+0176 (decimal 374)
   defining Unicode char U+0177 (decimal 375)
   defining Unicode char U+0178 (decimal 376)
   defining Unicode char U+0179 (decimal 377)
   defining Unicode char U+017A (decimal 378)
   defining Unicode char U+017B (decimal 379)
   defining Unicode char U+017C (decimal 380)
   defining Unicode char U+017D (decimal 381)
   defining Unicode char U+017E (decimal 382)
   defining Unicode char U+01CD (decimal 461)
   defining Unicode char U+01CE (decimal 462)
   defining Unicode char U+01CF (decimal 463)
   defining Unicode char U+01D0 (decimal 464)
   defining Unicode char U+01D1 (decimal 465)
   defining Unicode char U+01D2 (decimal 466)
   defining Unicode char U+01D3 (decimal 467)
   defining Unicode char U+01D4 (decimal 468)
   defining Unicode char U+01E2 (decimal 482)
   defining Unicode char U+01E3 (decimal 483)
   defining Unicode char U+01E6 (decimal 486)
   defining Unicode char U+01E7 (decimal 487)
   defining Unicode char U+01E8 (decimal 488)
   defining Unicode char U+01E9 (decimal 489)
   defining Unicode char U+01EA (decimal 490)
   defining Unicode char U+01EB (decimal 491)
   defining Unicode char U+01F0 (decimal 496)
   defining Unicode char U+01F4 (decimal 500)
   defining Unicode char U+01F5 (decimal 501)
   defining Unicode char U+0218 (decimal 536)
   defining Unicode char U+0219 (decimal 537)
   defining Unicode char U+021A (decimal 538)
   defining Unicode char U+021B (decimal 539)
   defining Unicode char U+0232 (decimal 562)
   defining Unicode char U+0233 (decimal 563)
   defining Unicode char U+1E02 (decimal 7682)
   defining Unicode char U+1E03 (decimal 7683)
   defining Unicode char U+200C (decimal 8204)
   defining Unicode char U+2010 (decimal 8208)
   defining Unicode char U+2011 (decimal 8209)
   defining Unicode char U+2012 (decimal 8210)
   defining Unicode char U+2013 (decimal 8211)
   defining Unicode char U+2014 (decimal 8212)
   defining Unicode char U+2015 (decimal 8213)
   defining Unicode char U+2018 (decimal 8216)
   defining Unicode char U+2019 (decimal 8217)
   defining Unicode char U+201A (decimal 8218)
   defining Unicode char U+201C (decimal 8220)
   defining Unicode char U+201D (decimal 8221)
   defining Unicode char U+201E (decimal 8222)
   defining Unicode char U+2030 (decimal 8240)
   defining Unicode char U+2031 (decimal 8241)
   defining Unicode char U+2039 (decimal 8249)
   defining Unicode char U+203A (decimal 8250)
   defining Unicode char U+2423 (decimal 9251)
   defining Unicode char U+1E20 (decimal 7712)
   defining Unicode char U+1E21 (decimal 7713)
)
Now handling font encoding OT1 ...
... processing UTF-8 mapping file for font encoding OT1

(/usr/share/texmf-dist/tex/latex/base/ot1enc.dfu
File: ot1enc.dfu 2017/01/28 v1.1t UTF-8 support for inputenc
   defining Unicode char U+00A0 (decimal 160)
   defining Unicode char U+00A1 (decimal 161)
   defining Unicode char U+00A3 (decimal 163)
   defining Unicode char U+00AD (decimal 173)
   defining Unicode char U+00B8 (decimal 184)
   defining Unicode char U+00BF (decimal 191)
   defining Unicode char U+00C5 (decimal 197)
   defining Unicode char U+00C6 (decimal 198)
   defining Unicode char U+00D8 (decimal 216)
   defining Unicode char U+00DF (decimal 223)
   defining Unicode char U+00E6 (decimal 230)
   defining Unicode char U+00EC (decimal 236)
   defining Unicode char U+00ED (decimal 237)
   defining Unicode char U+00EE (decimal 238)
   defining Unicode char U+00EF (decimal 239)
   defining Unicode char U+00F8 (decimal 248)
   defining Unicode char U+0131 (decimal 305)
   defining Unicode char U+0141 (decimal 321)
   defining Unicode char U+0142 (decimal 322)
   defining Unicode char U+0152 (decimal 338)
   defining Unicode char U+0153 (decimal 339)
   defining Unicode char U+0174 (decimal 372)
   defining Unicode char U+0175 (decimal 373)
   defining Unicode char U+0176 (decimal 374)
   defining Unicode char U+0177 (decimal 375)
   defining Unicode char U+0218 (decimal 536)
   defining Unicode char U+0219 (decimal 537)
   defining Unicode char U+021A (decimal 538)
   defining Unicode char U+021B (decimal 539)
   defining Unicode char U+2013 (decimal 8211)
   defining Unicode char U+2014 (decimal 8212)
   defining Unicode char U+2018 (decimal 8216)
   defining Unicode char U+2019 (decimal 8217)
   defining Unicode char U+201C (decimal 8220)
   defining Unicode char U+201D (decimal 8221)
)
Now handling font encoding OMS ...
... processing UTF-8 mapping file for font encoding OMS

(/usr/share/texmf-dist/tex/latex/base/omsenc.dfu
File: omsenc.dfu 2017/01/28 v1.1t UTF-8 support for inputenc
   defining Unicode char U+00A7 (decimal 167)
   defining Unicode char U+00B6 (decimal 182)
   defining Unicode char U+00B7 (decimal 183)
   defining Unicode char U+2020 (decimal 8224)
   defining Unicode char U+2021 (decimal 8225)
   defining Unicode char U+2022 (decimal 8226)
)
Now handling font encoding OMX ...
... no UTF-8 mapping file for font encoding OMX
Now handling font encoding U ...
... no UTF-8 mapping file for font encoding U
   defining Unicode char U+00A9 (decimal 169)
   defining Unicode char U+00AA (decimal 170)
   defining Unicode char U+00AE (decimal 174)
   defining Unicode char U+00BA (decimal 186)
   defining Unicode char U+02C6 (decimal 710)
   defining Unicode char U+02DC (decimal 732)
   defining Unicode char U+200C (decimal 8204)
   defining Unicode char U+2026 (decimal 8230)
   defining Unicode char U+2122 (decimal 8482)
   defining Unicode char U+2423 (decimal 9251)
))
(/usr/share/texmf-dist/tex/latex/mathtools/mathtools.sty
Package: mathtools 2017/10/30 v1.20 mathematical typesetting tools

(/usr/share/texmf-dist/tex/latex/graphics/keyval.sty
Package: keyval 2014/10/28 v1.15 key=value parser (DPC)
\KV@toks@=\toks16
)
(/usr/share/texmf-dist/tex/latex/tools/calc.sty
Package: calc 2014/10/28 v4.3 Infix arithmetic (KKT,FJ)
\calc@Acount=\count87
\calc@Bcount=\count88
\calc@Adimen=\dimen103
\calc@Bdimen=\dimen104
\calc@Askip=\skip43
\calc@Bskip=\skip44
LaTeX Info: Redefining \setlength on input line 80.
LaTeX Info: Redefining \addtolength on input line 81.
\calc@Ccount=\count89
\calc@Cskip=\skip45
)
(/usr/share/texmf-dist/tex/latex/mathtools/mhsetup.sty
Package: mhsetup 2017/03/31 v1.3 programming setup (MH)
)
(/usr/share/texmf-dist/tex/latex/amsmath/amsmath.sty
Package: amsmath 2017/09/02 v2.17a AMS math features
\@mathmargin=\skip46

For additional information on amsmath, use the `?' option.
(/usr/share/texmf-dist/tex/latex/amsmath/amstext.sty
Package: amstext 2000/06/29 v2.01 AMS text

(/usr/share/texmf-dist/tex/latex/amsmath/amsgen.sty
File: amsgen.sty 1999/11/30 v2.0 generic functions
\@emptytoks=\toks17
\ex@=\dimen105
))
(/usr/share/texmf-dist/tex/latex/amsmath/amsbsy.sty
Package: amsbsy 1999/11/29 v1.2d Bold Symbols
\pmbraise@=\dimen106
)
(/usr/share/texmf-dist/tex/latex/amsmath/amsopn.sty
Package: amsopn 2016/03/08 v2.02 operator names
)
\inf@bad=\count90
LaTeX Info: Redefining \frac on input line 213.
\uproot@=\count91
\leftroot@=\count92
LaTeX Info: Redefining \overline on input line 375.
\classnum@=\count93
\DOTSCASE@=\count94
LaTeX Info: Redefining \ldots on input line 472.
LaTeX Info: Redefining \dots on input line 475.
LaTeX Info: Redefining \cdots on input line 596.
\Mathstrutbox@=\box26
\strutbox@=\box27
\big@size=\dimen107
LaTeX Font Info:    Redeclaring font encoding OML on input line 712.
LaTeX Font Info:    Redeclaring font encoding OMS on input line 713.
\macc@depth=\count95
\c@MaxMatrixCols=\count96
\dotsspace@=\muskip10
\c@parentequation=\count97
\dspbrk@lvl=\count98
\tag@help=\toks18
\row@=\count99
\column@=\count100
\maxfields@=\count101
\andhelp@=\toks19
\eqnshift@=\dimen108
\alignsep@=\dimen109
\tagshift@=\dimen110
\tagwidth@=\dimen111
\totwidth@=\dimen112
\lineht@=\dimen113
\@envbody=\toks20
\multlinegap=\skip47
\multlinetaggap=\skip48
\mathdisplay@stack=\toks21
LaTeX Info: Redefining \[ on input line 2817.
LaTeX Info: Redefining \] on input line 2818.
)
LaTeX Info: Thecontrolsequence`\('isalreadyrobust on input line 129.
LaTeX Info: Thecontrolsequence`\)'isalreadyrobust on input line 129.
LaTeX Info: Thecontrolsequence`\['isalreadyrobust on input line 129.
LaTeX Info: Thecontrolsequence`\]'isalreadyrobust on input line 129.
\g_MT_multlinerow_int=\count102
\l_MT_multwidth_dim=\dimen114
\origjot=\skip49
\l_MT_shortvdotswithinadjustabove_dim=\dimen115
\l_MT_shortvdotswithinadjustbelow_dim=\dimen116
\l_MT_above_intertext_sep=\dimen117
\l_MT_below_intertext_sep=\dimen118
\l_MT_above_shortintertext_sep=\dimen119
\l_MT_below_shortintertext_sep=\dimen120
)
(/usr/share/texmf-dist/tex/latex/pdfslide/pdfslide.sty
Package: pdfslide 1999/10/10 v0.50 slides with PDF (CVR)

(/usr/share/texmf-dist/tex/latex/graphics/graphicx.sty
Package: graphicx 2017/06/01 v1.1a Enhanced LaTeX Graphics (DPC,SPQR)

(/usr/share/texmf-dist/tex/latex/graphics/graphics.sty
Package: graphics 2017/06/25 v1.2c Standard LaTeX Graphics (DPC,SPQR)

(/usr/share/texmf-dist/tex/latex/graphics/trig.sty
Package: trig 2016/01/03 v1.10 sin cos tan (DPC)
)
(/usr/share/texmf-dist/tex/latex/graphics-cfg/graphics.cfg
File: graphics.cfg 2016/06/04 v1.11 sample graphics configuration
)
Package graphics Info: Driver file: pdftex.def on input line 99.

(/usr/share/texmf-dist/tex/latex/graphics-def/pdftex.def
File: pdftex.def 2017/06/24 v1.0g Graphics/color driver for pdftex
))
\Gin@req@height=\dimen121
\Gin@req@width=\dimen122
)
(/usr/share/texmf-dist/tex/latex/colortbl/colortbl.sty
Package: colortbl 2012/02/13 v1.0a Color table columns (DPC)

(/usr/share/texmf-dist/tex/latex/tools/array.sty
Package: array 2016/10/06 v2.4d Tabular extension package (FMi)
\col@sep=\dimen123
\extrarowheight=\dimen124
\NC@list=\toks22
\extratabsurround=\skip50
\backup@length=\skip51
)
(/usr/share/texmf-dist/tex/latex/graphics/color.sty
Package: color 2016/07/10 v1.1e Standard LaTeX Color (DPC)

(/usr/share/texmf-dist/tex/latex/graphics-cfg/color.cfg
File: color.cfg 2016/01/02 v1.6 sample color configuration
)
Package color Info: Driver file: pdftex.def on input line 147.
)
\everycr=\toks23
\minrowclearance=\skip52
)
(/usr/share/texmf-dist/tex/latex/amsfonts/amssymb.sty
Package: amssymb 2013/01/14 v3.01 AMS font symbols

(/usr/share/texmf-dist/tex/latex/amsfonts/amsfonts.sty
Package: amsfonts 2013/01/14 v3.01 Basic AMSFonts support
\symAMSa=\mathgroup4
\symAMSb=\mathgroup5
LaTeX Font Info:    Overwriting math alphabet `\mathfrak' in version `bold'
(Font)                  U/euf/m/n --> U/euf/b/n on input line 106.
))
(/usr/share/texmf-dist/tex/latex/fancybox/fancybox.sty
Package: fancybox 2010/05/15 1.4

Style option: `fancybox' v1.4 <2010/05/15> (tvz)
\@fancybox=\box28
\shadowsize=\dimen125
\@Sbox=\box29
\do@VerbBox=\toks24
\the@fancyput=\toks25
\this@fancyput=\toks26
\EndVerbatimTokens=\toks27
\Verbatim@Outfile=\write3
\Verbatim@Infile=\read1
) (/usr/share/texmf-dist/tex/latex/hyperref/hyperref.sty
Package: hyperref 2017/03/14 v6.85a Hypertext links for LaTeX

(/usr/share/texmf-dist/tex/generic/oberdiek/hobsub-hyperref.sty
Package: hobsub-hyperref 2016/05/16 v1.14 Bundle oberdiek, subset hyperref (HO)


(/usr/share/texmf-dist/tex/generic/oberdiek/hobsub-generic.sty
Package: hobsub-generic 2016/05/16 v1.14 Bundle oberdiek, subset generic (HO)
Package: hobsub 2016/05/16 v1.14 Construct package bundles (HO)
Package: infwarerr 2016/05/16 v1.4 Providing info/warning/error messages (HO)
Package: ltxcmds 2016/05/16 v1.23 LaTeX kernel commands for general use (HO)
Package: ifluatex 2016/05/16 v1.4 Provides the ifluatex switch (HO)
Package ifluatex Info: LuaTeX not detected.
Package: ifvtex 2016/05/16 v1.6 Detect VTeX and its facilities (HO)
Package ifvtex Info: VTeX not detected.
Package: intcalc 2016/05/16 v1.2 Expandable calculations with integers (HO)
Package: ifpdf 2017/03/15 v3.2 Provides the ifpdf switch
Package: etexcmds 2016/05/16 v1.6 Avoid name clashes with e-TeX commands (HO)
Package etexcmds Info: Could not find \expanded.
(etexcmds)             That can mean that you are not using pdfTeX 1.50 or
(etexcmds)             that some package has redefined \expanded.
(etexcmds)             In the latter case, load this package earlier.
Package: kvsetkeys 2016/05/16 v1.17 Key value parser (HO)
Package: kvdefinekeys 2016/05/16 v1.4 Define keys (HO)
Package: pdftexcmds 2017/03/19 v0.25 Utility functions of pdfTeX for LuaTeX (HO
)
Package pdftexcmds Info: LuaTeX not detected.
Package pdftexcmds Info: \pdf@primitive is available.
Package pdftexcmds Info: \pdf@ifprimitive is available.
Package pdftexcmds Info: \pdfdraftmode found.
Package: pdfescape 2016/05/16 v1.14 Implements pdfTeX's escape features (HO)
Package: bigintcalc 2016/05/16 v1.4 Expandable calculations on big integers (HO
)
Package: bitset 2016/05/16 v1.2 Handle bit-vector datatype (HO)
Package: uniquecounter 2016/05/16 v1.3 Provide unlimited unique counter (HO)
)
Package hobsub Info: Skipping package `hobsub' (already loaded).
Package: letltxmacro 2016/05/16 v1.5 Let assignment for LaTeX macros (HO)
Package: hopatch 2016/05/16 v1.3 Wrapper for package hooks (HO)
Package: xcolor-patch 2016/05/16 xcolor patch
Package: atveryend 2016/05/16 v1.9 Hooks at the very end of document (HO)
Package atveryend Info: \enddocument detected (standard20110627).
Package: atbegshi 2016/06/09 v1.18 At begin shipout hook (HO)
Package: refcount 2016/05/16 v3.5 Data extraction from label references (HO)
Package: hycolor 2016/05/16 v1.8 Color options for hyperref/bookmark (HO)
)
(/usr/share/texmf-dist/tex/generic/ifxetex/ifxetex.sty
Package: ifxetex 2010/09/12 v0.6 Provides ifxetex conditional
)
(/usr/share/texmf-dist/tex/latex/oberdiek/auxhook.sty
Package: auxhook 2016/05/16 v1.4 Hooks for auxiliary files (HO)
)
(/usr/share/texmf-dist/tex/latex/oberdiek/kvoptions.sty
Package: kvoptions 2016/05/16 v3.12 Key value format for package options (HO)
)
\@linkdim=\dimen126
\Hy@linkcounter=\count103
\Hy@pagecounter=\count104

(/usr/share/texmf-dist/tex/latex/hyperref/pd1enc.def
File: pd1enc.def 2017/03/14 v6.85a Hyperref: PDFDocEncoding definition (HO)
Now handling font encoding PD1 ...
... no UTF-8 mapping file for font encoding PD1
)
\Hy@SavedSpaceFactor=\count105

(/usr/share/texmf-dist/tex/latex/latexconfig/hyperref.cfg
File: hyperref.cfg 2002/06/06 v1.2 hyperref configuration of TeXLive
)
Package hyperref Info: Option `final' set `true' on input line 4374.


Package hyperref Warning: Values of option `pdfpagemode':
(hyperref)                * `UseNone'
(hyperref)                * `UseOutlines'
(hyperref)                * `UseThumbs'
(hyperref)                * `FullScreen'
(hyperref)                * `UseOC' (PDF 1.5)
(hyperref)                * `UseAttachments' (PDF 1.6)
(hyperref)                * An empty value disables the option.
(hyperref)                Unknown value `none' on input line 4374.

Package hyperref Info: Option `colorlinks' set `true' on input line 4374.
Package hyperref Info: Option `pdfmenubar' set `false' on input line 4374.
Package hyperref Info: Option `pdftoolbar' set `false' on input line 4374.
Package hyperref Info: Option `pdffitwindow' set `true' on input line 4374.
Package hyperref Info: Option `pdfcenterwindow' set `true' on input line 4374.
Package hyperref Info: Option `pdfwindowui' set `false' on input line 4374.
Package hyperref Info: Hyper figures OFF on input line 4498.
Package hyperref Info: Link nesting OFF on input line 4503.
Package hyperref Info: Hyper index ON on input line 4506.
Package hyperref Info: Plain pages OFF on input line 4513.
Package hyperref Info: Backreferencing OFF on input line 4518.
Package hyperref Info: Implicit mode ON; LaTeX internals redefined.
Package hyperref Info: Bookmarks ON on input line 4751.
\c@Hy@tempcnt=\count106
(/usr/share/texmf-dist/tex/latex/url/url.sty
\Urlmuskip=\muskip11
Package: url 2013/09/16  ver 3.4  Verb mode for urls, etc.
)
LaTeX Info: Redefining \url on input line 5104.
\XeTeXLinkMargin=\dimen127
\Fld@menulength=\count107
\Field@Width=\dimen128
\Fld@charsize=\dimen129
Package hyperref Info: Hyper figures OFF on input line 6358.
Package hyperref Info: Link nesting OFF on input line 6363.
Package hyperref Info: Hyper index ON on input line 6366.
Package hyperref Info: backreferencing OFF on input line 6373.
Package hyperref Info: Link coloring ON on input line 6376.
Package hyperref Info: Link coloring with OCG OFF on input line 6383.
Package hyperref Info: PDF/A mode OFF on input line 6388.
LaTeX Info: Redefining \ref on input line 6428.
LaTeX Info: Redefining \pageref on input line 6432.
\Hy@abspage=\count108
\c@Item=\count109
\c@Hfootnote=\count110
)

Package hyperref Message: Driver: hpdftex.

(/usr/share/texmf-dist/tex/latex/hyperref/hpdftex.def
File: hpdftex.def 2017/03/14 v6.85a Hyperref driver for pdfTeX
\Fld@listcount=\count111
\c@bookmark@seq@number=\count112

(/usr/share/texmf-dist/tex/latex/oberdiek/rerunfilecheck.sty
Package: rerunfilecheck 2016/05/16 v1.8 Rerun checks for auxiliary files (HO)
Package uniquecounter Info: New unique counter `rerunfilecheck' on input line 2
82.
)
\Hy@SectionHShift=\skip53
)
(/usr/share/texmf-dist/tex/latex/base/ifthen.sty
Package: ifthen 2014/09/29 v1.1c Standard LaTeX ifthen package (DPC)
)
\@Leftmargin=\dimen130
\@Rightmargin=\dimen131
\@Topmargin=\dimen132
\@Bottommargin=\dimen133

(/usr/share/texmf-dist/tex/latex/pdfslide/slide.clo

LaTeX Font Warning: Font shape `T1/cmr/m/n' in size <16> not available
(Font)              size <17.28> substituted on input line 34.

\chapnumfont=\toks28
\chapfont=\toks29
\secfont=\toks30
\ssecfont=\toks31
\sssecfont=\toks32
\parafont=\toks33
)
\panelwidth=\skip54
\panelheight=\skip55
\textareawidth=\skip56
\textareaheight=\skip57
Package color Info: Redefining color panelbackground on input line 235.
\headskip=\dimen134
) (/usr/share/texmf-dist/tex/latex/pdfslide/pdfslide.cfg
Package color Info: Redefining color panelbackground on input line 24.
Package color Info: Redefining color button on input line 25.
Package color Info: Redefining color buttondisable on input line 26.
Package color Info: Redefining color buttonbackground on input line 27.
Package color Info: Redefining color buttonshadow on input line 28.
Package color Info: Redefining color orange on input line 29.
Package color Info: Redefining color section0 on input line 30.
Package color Info: Redefining color section1 on input line 31.
Package color Info: Redefining color section2 on input line 32.
Package color Info: Redefining color section3 on input line 33.
Package color Info: Redefining color section4 on input line 34.
Package color Info: Redefining color section5 on input line 35.
)
(/usr/share/texmf-dist/tex/generic/ulem/ulem.sty
\UL@box=\box30
\UL@hyphenbox=\box31
\UL@skip=\skip58
\UL@hook=\toks34
\UL@height=\dimen135
\UL@pe=\count113
\UL@pixel=\dimen136
\ULC@box=\box32
Package: ulem 2012/05/18
\ULdepth=\dimen137
)
(/usr/share/texmf-dist/tex/latex/comment/comment.sty
\CommentStream=\write4

Excluding comment 'comment') (/usr/share/texmf-dist/tex/latex/psnfss/pifont.sty
Package: pifont 2005/04/12 PSNFSS-v9.2a Pi font support (SPQR) 
LaTeX Font Info:    Try loading font information for U+pzd on input line 63.
(/usr/share/texmf-dist/tex/latex/psnfss/upzd.fd
File: upzd.fd 2001/06/04 font definitions for U/pzd.
)
LaTeX Font Info:    Try loading font information for U+psy on input line 64.

(/usr/share/texmf-dist/tex/latex/psnfss/upsy.fd
File: upsy.fd 2001/06/04 font definitions for U/psy.
))
(/usr/share/texmf-dist/tex/latex/listings/listings.sty
\lst@mode=\count114
\lst@gtempboxa=\box33
\lst@token=\toks35
\lst@length=\count115
\lst@currlwidth=\dimen138
\lst@column=\count116
\lst@pos=\count117
\lst@lostspace=\dimen139
\lst@width=\dimen140
\lst@newlines=\count118
\lst@lineno=\count119
\lst@maxwidth=\dimen141

(/usr/share/texmf-dist/tex/latex/listings/lstmisc.sty
File: lstmisc.sty 2015/06/04 1.6 (Carsten Heinz)
\c@lstnumber=\count120
\lst@skipnumbers=\count121
\lst@framebox=\box34
)
(/usr/share/texmf-dist/tex/latex/listings/listings.cfg
File: listings.cfg 2015/06/04 1.6 listings configuration
))
Package: listings 2015/06/04 1.6 (Carsten Heinz)


Package hyperref Warning: Option `pdftex' has already been used,
(hyperref)                setting the option has no effect on input line 30.

Package hyperref Info: Option `colorlinks' set `true' on input line 30.
(./rapidas_linux.aux)
\openout1 = `rapidas_linux.aux'.

LaTeX Font Info:    Checking defaults for OML/cmm/m/it on input line 55.
LaTeX Font Info:    ... okay on input line 55.
LaTeX Font Info:    Checking defaults for T1/cmr/m/n on input line 55.
LaTeX Font Info:    ... okay on input line 55.
LaTeX Font Info:    Checking defaults for OT1/cmr/m/n on input line 55.
LaTeX Font Info:    ... okay on input line 55.
LaTeX Font Info:    Checking defaults for OMS/cmsy/m/n on input line 55.
LaTeX Font Info:    ... okay on input line 55.
LaTeX Font Info:    Checking defaults for OMX/cmex/m/n on input line 55.
LaTeX Font Info:    ... okay on input line 55.
LaTeX Font Info:    Checking defaults for U/cmr/m/n on input line 55.
LaTeX Font Info:    ... okay on input line 55.
LaTeX Font Info:    Checking defaults for PD1/pdf/m/n on input line 55.
LaTeX Font Info:    ... okay on input line 55.

(/usr/share/texmf-dist/tex/context/base/mkii/supp-pdf.mkii
[Loading MPS to PDF converter (version 2006.09.02).]
\scratchcounter=\count122
\scratchdimen=\dimen142
\scratchbox=\box35
\nofMPsegments=\count123
\nofMParguments=\count124
\everyMPshowfont=\toks36
\MPscratchCnt=\count125
\MPscratchDim=\dimen143
\MPnumerator=\count126
\makeMPintoPDFobject=\count127
\everyMPtoPDFconversion=\toks37
) (/usr/share/texmf-dist/tex/latex/oberdiek/epstopdf-base.sty
Package: epstopdf-base 2016/05/15 v2.6 Base part for package epstopdf

(/usr/share/texmf-dist/tex/latex/oberdiek/grfext.sty
Package: grfext 2016/05/16 v1.2 Manage graphics extensions (HO)
)
Package epstopdf-base Info: Redefining graphics rule for `.eps' on input line 4
38.
Package grfext Info: Graphics extension search list:
(grfext)             [.pdf,.png,.jpg,.mps,.jpeg,.jbig2,.jb2,.PDF,.PNG,.JPG,.JPE
G,.JBIG2,.JB2,.eps]
(grfext)             \AppendGraphicsExtensions on input line 456.

(/usr/share/texmf-dist/tex/latex/latexconfig/epstopdf-sys.cfg
File: epstopdf-sys.cfg 2010/07/13 v1.3 Configuration of (r)epstopdf for TeX Liv
e
))
\AtBeginShipoutBox=\box36
Package hyperref Info: Link coloring ON on input line 55.

(/usr/share/texmf-dist/tex/latex/hyperref/nameref.sty
Package: nameref 2016/05/21 v2.44 Cross-referencing by name of section

(/usr/share/texmf-dist/tex/generic/oberdiek/gettitlestring.sty
Package: gettitlestring 2016/05/16 v1.5 Cleanup title references (HO)
)
\c@section@level=\count128
)
LaTeX Info: Redefining \ref on input line 55.
LaTeX Info: Redefining \pageref on input line 55.
LaTeX Info: Redefining \nameref on input line 55.

(./rapidas_linux.out) (./rapidas_linux.out)
\@outlinefile=\write5
\openout5 = `rapidas_linux.out'.

\c@lstlisting=\count129

(/usr/share/texmf-dist/tex/latex/listings/lstlang1.sty
File: lstlang1.sty 2015/06/04 1.6 listings language file
)
(/usr/share/texmf-dist/tex/latex/listings/lstlang2.sty
File: lstlang2.sty 2015/06/04 1.6 listings language file
)
LaTeX Font Info:    Calculating math sizes for size <16> on input line 60.


LaTeX Font Warning: Font shape `OT1/cmr/m/n' in size <16> not available
(Font)              size <17.28> substituted on input line 60.


LaTeX Font Warning: Font shape `OML/cmm/m/it' in size <16> not available
(Font)              size <17.28> substituted on input line 60.


LaTeX Font Warning: Font shape `OMS/cmsy/m/n' in size <16> not available
(Font)              size <17.28> substituted on input line 60.

LaTeX Font Info:    Try loading font information for U+msa on input line 60.
(/usr/share/texmf-dist/tex/latex/amsfonts/umsa.fd
File: umsa.fd 2013/01/14 v3.01 AMS symbols A
)
LaTeX Font Info:    Try loading font information for U+msb on input line 60.

(/usr/share/texmf-dist/tex/latex/amsfonts/umsb.fd
File: umsb.fd 2013/01/14 v3.01 AMS symbols B
)
<figuras/varias_distros.png, id=56, 219.0pt x 314.63pt>
File: figuras/varias_distros.png Graphic file (type png)
<use figuras/varias_distros.png>
Package pdftex.def Info: figuras/varias_distros.png  used on input line 68. on 
input line 68.
Package pdftex.def Info: Requested size: 192.42319pt x 300.64432pt on input lin
e 68.
LaTeX Font Info:    Try loading font information for T1+cmss on input line 77.

(/usr/share/texmf-dist/tex/latex/base/t1cmss.fd
File: t1cmss.fd 2014/09/29 v2.5h Standard LaTeX font definitions
)

LaTeX Font Warning: Font shape `T1/cmss/m/n' in size <16> not available
(Font)              size <17.28> substituted on input line 77.


LaTeX Font Warning: Font shape `T1/cmss/m/n' in size <40> not available
(Font)              size <35.83> substituted on input line 79.


Overfull \hbox (38.99998pt too wide) in paragraph at lines 60--89
[][] 
 []

<../../figs_genericas/fundo_bege.jpg, id=57, 525.6438pt x 396.0396pt>
File: ../../figs_genericas/fundo_bege.jpg Graphic file (type jpg)
<use ../../figs_genericas/fundo_bege.jpg>
Package pdftex.def Info: ../../figs_genericas/fundo_bege.jpg  used on input lin
e 94. on input line 94.
Package pdftex.def Info: Requested size: 521.43968pt x 422.06007pt on input lin
e 94.
<metagray.pdf, id=58, pagebox=cropbox, 133.49875pt x 505.89pt>
File: metagray.pdf Graphic file (type pdf)
<use metagray.pdf>
Package pdftex.def Info: metagray.pdf  used on input line 94. on input line 94.

Package pdftex.def Info: Requested size: 26.01483pt x 72.26761pt on input line 
94.
[1{/var/lib/texmf/fonts/map/pdftex/updmap/pdftex.map}

 <../../figs_genericas/fundo_bege.jpg> </usr/share/texmf-dist/tex/latex/pdfslid
e/metagray.pdf> <./figuras/varias_distros.png>]

LaTeX Font Warning: Font shape `T1/cmr/bx/n' in size <16> not available
(Font)              size <17.28> substituted on input line 98.

LaTeX Font Info:    Try loading font information for T1+cmtt on input line 101.

(/usr/share/texmf-dist/tex/latex/base/t1cmtt.fd
File: t1cmtt.fd 2014/09/29 v2.5h Standard LaTeX font definitions
)

LaTeX Font Warning: Font shape `T1/cmtt/m/n' in size <16> not available
(Font)              size <17.28> substituted on input line 101.

File: ../../figs_genericas/fundo_bege.jpg Graphic file (type jpg)
<use ../../figs_genericas/fundo_bege.jpg>
Package pdftex.def Info: ../../figs_genericas/fundo_bege.jpg  used on input lin
e 108. on input line 108.
Package pdftex.def Info: Requested size: 521.43968pt x 422.06007pt on input lin
e 108.
<metagreen.pdf, id=80, pagebox=cropbox, 133.49875pt x 505.89pt>
File: metagreen.pdf Graphic file (type pdf)
<use metagreen.pdf>
Package pdftex.def Info: metagreen.pdf  used on input line 108. on input line 1
08.
Package pdftex.def Info: Requested size: 26.01483pt x 72.26761pt on input line 
108.
[2

 </usr/share/texmf-dist/tex/latex/pdfslide/metagreen.pdf>]
(./rapidas_linux.toc

LaTeX Font Warning: Font shape `T1/cmr/bx/it' in size <16> not available
(Font)              size <17.28> substituted on input line 6.

File: ../../figs_genericas/fundo_bege.jpg Graphic file (type jpg)
<use ../../figs_genericas/fundo_bege.jpg>
Package pdftex.def Info: ../../figs_genericas/fundo_bege.jpg  used on input lin
e 10. on input line 10.
Package pdftex.def Info: Requested size: 521.43968pt x 422.06007pt on input lin
e 10.
File: metagray.pdf Graphic file (type pdf)
<use metagray.pdf>
Package pdftex.def Info: metagray.pdf  used on input line 10. on input line 10.

Package pdftex.def Info: Requested size: 26.01483pt x 72.26761pt on input line 
10.
[3

])
\tf@toc=\write6
\openout6 = `rapidas_linux.toc'.

File: ../../figs_genericas/fundo_bege.jpg Graphic file (type jpg)
<use ../../figs_genericas/fundo_bege.jpg>
Package pdftex.def Info: ../../figs_genericas/fundo_bege.jpg  used on input lin
e 110. on input line 110.
Package pdftex.def Info: Requested size: 521.43968pt x 422.06007pt on input lin
e 110.
File: metagreen.pdf Graphic file (type pdf)
<use metagreen.pdf>
Package pdftex.def Info: metagreen.pdf  used on input line 110. on input line 1
10.
Package pdftex.def Info: Requested size: 26.01483pt x 72.26761pt on input line 
110.
 [4]
LaTeX Font Info:    Try loading font information for OMS+cmr on input line 112.

 (/usr/share/texmf-dist/tex/latex/base/omscmr.fd
File: omscmr.fd 2014/09/29 v2.5h Standard LaTeX font definitions
)
LaTeX Font Info:    Font shape `OMS/cmr/m/n' in size <16> not available
(Font)              Font shape `OMS/cmsy/m/n' tried instead on input line 112.


LaTeX Font Warning: Font shape `OMS/cmsy/m/n' in size <16> not available
(Font)              size <17.28> substituted on input line 112.


LaTeX Font Warning: Font shape `T1/cmr/m/it' in size <16> not available
(Font)              size <17.28> substituted on input line 116.


Overfull \hbox (92.67943pt too wide) in paragraph at lines 116--118
[][]$\T1/cmtt/m/n/17.28 https : / / br . udacity . com / course / linux-[]comma
nd-[]line-[]basics-[]-[]ud595#$[][] 
 []

File: ../../figs_genericas/fundo_bege.jpg Graphic file (type jpg)
<use ../../figs_genericas/fundo_bege.jpg>
Package pdftex.def Info: ../../figs_genericas/fundo_bege.jpg  used on input lin
e 121. on input line 121.
Package pdftex.def Info: Requested size: 521.43968pt x 422.06007pt on input lin
e 121.
File: metagray.pdf Graphic file (type pdf)
<use metagray.pdf>
Package pdftex.def Info: metagray.pdf  used on input line 121. on input line 12
1.
Package pdftex.def Info: Requested size: 26.01483pt x 72.26761pt on input line 
121.
[5

]
<figuras/linux-laptops-notebook.jpg, id=147, 766.46916pt x 506.90788pt>
File: figuras/linux-laptops-notebook.jpg Graphic file (type jpg)
<use figuras/linux-laptops-notebook.jpg>
Package pdftex.def Info: figuras/linux-laptops-notebook.jpg  used on input line
 126. on input line 126.
Package pdftex.def Info: Requested size: 288.62985pt x 225.48434pt on input lin
e 126.
File: ../../figs_genericas/fundo_bege.jpg Graphic file (type jpg)
<use ../../figs_genericas/fundo_bege.jpg>
Package pdftex.def Info: ../../figs_genericas/fundo_bege.jpg  used on input lin
e 136. on input line 136.
Package pdftex.def Info: Requested size: 521.43968pt x 422.06007pt on input lin
e 136.
File: metagreen.pdf Graphic file (type pdf)
<use metagreen.pdf>
Package pdftex.def Info: metagreen.pdf  used on input line 136. on input line 1
36.
Package pdftex.def Info: Requested size: 26.01483pt x 72.26761pt on input line 
136.
 [6

 <./figuras/linux-laptops-notebook.jpg>]
<figuras/desktop_linux.jpg, id=161, 1027.84pt x 770.88pt>
File: figuras/desktop_linux.jpg Graphic file (type jpg)
<use figuras/desktop_linux.jpg>
Package pdftex.def Info: figuras/desktop_linux.jpg  used on input line 142. on 
input line 142.
Package pdftex.def Info: Requested size: 256.95937pt x 192.71953pt on input lin
e 142.
File: ../../figs_genericas/fundo_bege.jpg Graphic file (type jpg)
<use ../../figs_genericas/fundo_bege.jpg>
Package pdftex.def Info: ../../figs_genericas/fundo_bege.jpg  used on input lin
e 150. on input line 150.
Package pdftex.def Info: Requested size: 521.43968pt x 422.06007pt on input lin
e 150.
File: metagray.pdf Graphic file (type pdf)
<use metagray.pdf>
Package pdftex.def Info: metagray.pdf  used on input line 150. on input line 15
0.
Package pdftex.def Info: Requested size: 26.01483pt x 72.26761pt on input line 
150.
 [7

 <./figuras/desktop_linux.jpg>]
<figuras/arch_linux.jpg, id=175, 371.3875pt x 250.9375pt>
File: figuras/arch_linux.jpg Graphic file (type jpg)
<use figuras/arch_linux.jpg>
Package pdftex.def Info: figuras/arch_linux.jpg  used on input line 155. on inp
ut line 155.
Package pdftex.def Info: Requested size: 334.24565pt x 225.84164pt on input lin
e 155.
File: ../../figs_genericas/fundo_bege.jpg Graphic file (type jpg)
<use ../../figs_genericas/fundo_bege.jpg>
Package pdftex.def Info: ../../figs_genericas/fundo_bege.jpg  used on input lin
e 162. on input line 162.
Package pdftex.def Info: Requested size: 521.43968pt x 422.06007pt on input lin
e 162.
File: metagreen.pdf Graphic file (type pdf)
<use metagreen.pdf>
Package pdftex.def Info: metagreen.pdf  used on input line 162. on input line 1
62.
Package pdftex.def Info: Requested size: 26.01483pt x 72.26761pt on input line 
162.
 [8

 <./figuras/arch_linux.jpg>]
<figuras/shell_linux.jpg, id=188, 228.855pt x 314.17375pt>
File: figuras/shell_linux.jpg Graphic file (type jpg)
<use figuras/shell_linux.jpg>
Package pdftex.def Info: figuras/shell_linux.jpg  used on input line 167. on in
put line 167.
Package pdftex.def Info: Requested size: 288.6312pt x 225.48103pt on input line
 167.
File: ../../figs_genericas/fundo_bege.jpg Graphic file (type jpg)
<use ../../figs_genericas/fundo_bege.jpg>
Package pdftex.def Info: ../../figs_genericas/fundo_bege.jpg  used on input lin
e 177. on input line 177.
Package pdftex.def Info: Requested size: 521.43968pt x 422.06007pt on input lin
e 177.
File: metagray.pdf Graphic file (type pdf)
<use metagray.pdf>
Package pdftex.def Info: metagray.pdf  used on input line 177. on input line 17
7.
Package pdftex.def Info: Requested size: 26.01483pt x 72.26761pt on input line 
177.
 [9

 <./figuras/shell_linux.jpg>]
<figuras/xterminals.jpg, id=202, 1927.2pt x 1084.05pt>
File: figuras/xterminals.jpg Graphic file (type jpg)
<use figuras/xterminals.jpg>
Package pdftex.def Info: figuras/xterminals.jpg  used on input line 182. on inp
ut line 182.
Package pdftex.def Info: Requested size: 423.98532pt x 238.49173pt on input lin
e 182.
File: ../../figs_genericas/fundo_bege.jpg Graphic file (type jpg)
<use ../../figs_genericas/fundo_bege.jpg>
Package pdftex.def Info: ../../figs_genericas/fundo_bege.jpg  used on input lin
e 190. on input line 190.
Package pdftex.def Info: Requested size: 521.43968pt x 422.06007pt on input lin
e 190.
File: metagreen.pdf Graphic file (type pdf)
<use metagreen.pdf>
Package pdftex.def Info: metagreen.pdf  used on input line 190. on input line 1
90.
Package pdftex.def Info: Requested size: 26.01483pt x 72.26761pt on input line 
190.
 [10

 <./figuras/xterminals.jpg>]
<figuras/terminal_unico.jpg, id=215, 722.7pt x 351.3125pt>
File: figuras/terminal_unico.jpg Graphic file (type jpg)
<use figuras/terminal_unico.jpg>
Package pdftex.def Info: figuras/terminal_unico.jpg  used on input line 195. on
 input line 195.
Package pdftex.def Info: Requested size: 288.62274pt x 187.90475pt on input lin
e 195.
File: ../../figs_genericas/fundo_bege.jpg Graphic file (type jpg)
<use ../../figs_genericas/fundo_bege.jpg>
Package pdftex.def Info: ../../figs_genericas/fundo_bege.jpg  used on input lin
e 203. on input line 203.
Package pdftex.def Info: Requested size: 521.43968pt x 422.06007pt on input lin
e 203.
File: metagray.pdf Graphic file (type pdf)
<use metagray.pdf>
Package pdftex.def Info: metagray.pdf  used on input line 203. on input line 20
3.
Package pdftex.def Info: Requested size: 26.01483pt x 72.26761pt on input line 
203.
 [11

 <./figuras/terminal_unico.jpg>]
Overfull \hbox (14.21347pt too wide) in paragraph at lines 207--208
[]\T1/cmr/m/n/17.28 Voce terá que apren-der e dec-o-rar uns co-man-dos (traga u
m \T1/cmr/m/it/17.28 datashet\T1/cmr/m/n/17.28 ) 
 []

File: ../../figs_genericas/fundo_bege.jpg Graphic file (type jpg)
<use ../../figs_genericas/fundo_bege.jpg>
Package pdftex.def Info: ../../figs_genericas/fundo_bege.jpg  used on input lin
e 215. on input line 215.
Package pdftex.def Info: Requested size: 521.43968pt x 422.06007pt on input lin
e 215.
File: metagreen.pdf Graphic file (type pdf)
<use metagreen.pdf>
Package pdftex.def Info: metagreen.pdf  used on input line 215. on input line 2
15.
Package pdftex.def Info: Requested size: 26.01483pt x 72.26761pt on input line 
215.
[12

]
LaTeX Font Info:    Font shape `T1/cmtt/bx/n' in size <16> not available
(Font)              Font shape `T1/cmtt/m/n' tried instead on input line 230.


LaTeX Font Warning: Font shape `T1/cmtt/m/n' in size <16> not available
(Font)              size <17.28> substituted on input line 230.

File: ../../figs_genericas/fundo_bege.jpg Graphic file (type jpg)
<use ../../figs_genericas/fundo_bege.jpg>
Package pdftex.def Info: ../../figs_genericas/fundo_bege.jpg  used on input lin
e 241. on input line 241.
Package pdftex.def Info: Requested size: 521.43968pt x 422.06007pt on input lin
e 241.
File: metagray.pdf Graphic file (type pdf)
<use metagray.pdf>
Package pdftex.def Info: metagray.pdf  used on input line 241. on input line 24
1.
Package pdftex.def Info: Requested size: 26.01483pt x 72.26761pt on input line 
241.
[13

]
File: ../../figs_genericas/fundo_bege.jpg Graphic file (type jpg)
<use ../../figs_genericas/fundo_bege.jpg>
Package pdftex.def Info: ../../figs_genericas/fundo_bege.jpg  used on input lin
e 258. on input line 258.
Package pdftex.def Info: Requested size: 521.43968pt x 422.06007pt on input lin
e 258.
File: metagreen.pdf Graphic file (type pdf)
<use metagreen.pdf>
Package pdftex.def Info: metagreen.pdf  used on input line 258. on input line 2
58.
Package pdftex.def Info: Requested size: 26.01483pt x 72.26761pt on input line 
258.
 [14

]
File: ../../figs_genericas/fundo_bege.jpg Graphic file (type jpg)
<use ../../figs_genericas/fundo_bege.jpg>
Package pdftex.def Info: ../../figs_genericas/fundo_bege.jpg  used on input lin
e 282. on input line 282.
Package pdftex.def Info: Requested size: 521.43968pt x 422.06007pt on input lin
e 282.
File: metagray.pdf Graphic file (type pdf)
<use metagray.pdf>
Package pdftex.def Info: metagray.pdf  used on input line 282. on input line 28
2.
Package pdftex.def Info: Requested size: 26.01483pt x 72.26761pt on input line 
282.
 [15

]
File: ../../figs_genericas/fundo_bege.jpg Graphic file (type jpg)
<use ../../figs_genericas/fundo_bege.jpg>
Package pdftex.def Info: ../../figs_genericas/fundo_bege.jpg  used on input lin
e 295. on input line 295.
Package pdftex.def Info: Requested size: 521.43968pt x 422.06007pt on input lin
e 295.
File: metagreen.pdf Graphic file (type pdf)
<use metagreen.pdf>
Package pdftex.def Info: metagreen.pdf  used on input line 295. on input line 2
95.
Package pdftex.def Info: Requested size: 26.01483pt x 72.26761pt on input line 
295.
 [16

]
Overfull \hbox (12.14958pt too wide) in paragraph at lines 309--309
 []\T1/cmtt/m/n/17.28 ......................................................[] 

 []


Overfull \hbox (12.14958pt too wide) in paragraph at lines 309--309
 []\T1/cmtt/m/n/17.28 ......................................................[] 

 []


Overfull \hbox (12.14958pt too wide) in paragraph at lines 309--309
 []\T1/cmtt/m/n/17.28 ......................................................[] 

 []

File: ../../figs_genericas/fundo_bege.jpg Graphic file (type jpg)
<use ../../figs_genericas/fundo_bege.jpg>
Package pdftex.def Info: ../../figs_genericas/fundo_bege.jpg  used on input lin
e 318. on input line 318.
Package pdftex.def Info: Requested size: 521.43968pt x 422.06007pt on input lin
e 318.
File: metagray.pdf Graphic file (type pdf)
<use metagray.pdf>
Package pdftex.def Info: metagray.pdf  used on input line 318. on input line 31
8.
Package pdftex.def Info: Requested size: 26.01483pt x 72.26761pt on input line 
318.
[17]
File: ../../figs_genericas/fundo_bege.jpg Graphic file (type jpg)
<use ../../figs_genericas/fundo_bege.jpg>
Package pdftex.def Info: ../../figs_genericas/fundo_bege.jpg  used on input lin
e 327. on input line 327.
Package pdftex.def Info: Requested size: 521.43968pt x 422.06007pt on input lin
e 327.
File: metagreen.pdf Graphic file (type pdf)
<use metagreen.pdf>
Package pdftex.def Info: metagreen.pdf  used on input line 327. on input line 3
27.
Package pdftex.def Info: Requested size: 26.01483pt x 72.26761pt on input line 
327.
 [18]
Overfull \hbox (46.82951pt too wide) in paragraph at lines 336--336
 []\T1/cmtt/m/n/17.28 $ cd pgms_prolog/      VAI PARA BAIXO ou um dado diretori
o[] 
 []

File: ../../figs_genericas/fundo_bege.jpg Graphic file (type jpg)
<use ../../figs_genericas/fundo_bege.jpg>
Package pdftex.def Info: ../../figs_genericas/fundo_bege.jpg  used on input lin
e 341. on input line 341.
Package pdftex.def Info: Requested size: 521.43968pt x 422.06007pt on input lin
e 341.
File: metagray.pdf Graphic file (type pdf)
<use metagray.pdf>
Package pdftex.def Info: metagray.pdf  used on input line 341. on input line 34
1.
Package pdftex.def Info: Requested size: 26.01483pt x 72.26761pt on input line 
341.
[19]
Overfull \hbox (29.48955pt too wide) in paragraph at lines 347--347
 []\T1/cmtt/m/n/17.28 -rwxr-xr-x 1 udesc udesc 435 2011-08-29 15:34 append.txt[
] 
 []


Overfull \hbox (81.50945pt too wide) in paragraph at lines 347--347
 []\T1/cmtt/m/n/17.28 -rw-r--r-- 1 udesc udesc   0 2011-08-29 19:41 nome_arquiv
o.txt[] 
 []

File: ../../figs_genericas/fundo_bege.jpg Graphic file (type jpg)
<use ../../figs_genericas/fundo_bege.jpg>
Package pdftex.def Info: ../../figs_genericas/fundo_bege.jpg  used on input lin
e 351. on input line 351.
Package pdftex.def Info: Requested size: 521.43968pt x 422.06007pt on input lin
e 351.
File: metagreen.pdf Graphic file (type pdf)
<use metagreen.pdf>
Package pdftex.def Info: metagreen.pdf  used on input line 351. on input line 3
51.
Package pdftex.def Info: Requested size: 26.01483pt x 72.26761pt on input line 
351.
[20]
Overfull \hbox (2.87627pt too wide) in paragraph at lines 361--362
[]\T1/cmr/m/n/17.28 criou um ar-quivo chamado \T1/cmtt/m/n/17.28 programa.c 
 []

File: ../../figs_genericas/fundo_bege.jpg Graphic file (type jpg)
<use ../../figs_genericas/fundo_bege.jpg>
Package pdftex.def Info: ../../figs_genericas/fundo_bege.jpg  used on input lin
e 372. on input line 372.
Package pdftex.def Info: Requested size: 521.43968pt x 422.06007pt on input lin
e 372.
File: metagray.pdf Graphic file (type pdf)
<use metagray.pdf>
Package pdftex.def Info: metagray.pdf  used on input line 372. on input line 37
2.
Package pdftex.def Info: Requested size: 26.01483pt x 72.26761pt on input line 
372.
[21]
File: ../../figs_genericas/fundo_bege.jpg Graphic file (type jpg)
<use ../../figs_genericas/fundo_bege.jpg>
Package pdftex.def Info: ../../figs_genericas/fundo_bege.jpg  used on input lin
e 396. on input line 396.
Package pdftex.def Info: Requested size: 521.43968pt x 422.06007pt on input lin
e 396.
File: metagreen.pdf Graphic file (type pdf)
<use metagreen.pdf>
Package pdftex.def Info: metagreen.pdf  used on input line 396. on input line 3
96.
Package pdftex.def Info: Requested size: 26.01483pt x 72.26761pt on input line 
396.
 [22]
File: ../../figs_genericas/fundo_bege.jpg Graphic file (type jpg)
<use ../../figs_genericas/fundo_bege.jpg>
Package pdftex.def Info: ../../figs_genericas/fundo_bege.jpg  used on input lin
e 419. on input line 419.
Package pdftex.def Info: Requested size: 521.43968pt x 422.06007pt on input lin
e 419.
File: metagray.pdf Graphic file (type pdf)
<use metagray.pdf>
Package pdftex.def Info: metagray.pdf  used on input line 419. on input line 41
9.
Package pdftex.def Info: Requested size: 26.01483pt x 72.26761pt on input line 
419.
 [23]
Overfull \hbox (3.4796pt too wide) in paragraph at lines 432--432
 []\T1/cmtt/m/n/17.28 $ gedit nome_arquivo.txt   // processo em modo parado[] 
 []


Overfull \hbox (12.14958pt too wide) in paragraph at lines 432--432
 []\T1/cmtt/m/n/17.28 [1]+ gedit nome_arquivo.txt &   // posto em background[] 

 []

File: ../../figs_genericas/fundo_bege.jpg Graphic file (type jpg)
<use ../../figs_genericas/fundo_bege.jpg>
Package pdftex.def Info: ../../figs_genericas/fundo_bege.jpg  used on input lin
e 435. on input line 435.
Package pdftex.def Info: Requested size: 521.43968pt x 422.06007pt on input lin
e 435.
File: metagreen.pdf Graphic file (type pdf)
<use metagreen.pdf>
Package pdftex.def Info: metagreen.pdf  used on input line 435. on input line 4
35.
Package pdftex.def Info: Requested size: 26.01483pt x 72.26761pt on input line 
435.
[24]
File: ../../figs_genericas/fundo_bege.jpg Graphic file (type jpg)
<use ../../figs_genericas/fundo_bege.jpg>
Package pdftex.def Info: ../../figs_genericas/fundo_bege.jpg  used on input lin
e 449. on input line 449.
Package pdftex.def Info: Requested size: 521.43968pt x 422.06007pt on input lin
e 449.
File: metagray.pdf Graphic file (type pdf)
<use metagray.pdf>
Package pdftex.def Info: metagray.pdf  used on input line 449. on input line 44
9.
Package pdftex.def Info: Requested size: 26.01483pt x 72.26761pt on input line 
449.
 [25]
File: ../../figs_genericas/fundo_bege.jpg Graphic file (type jpg)
<use ../../figs_genericas/fundo_bege.jpg>
Package pdftex.def Info: ../../figs_genericas/fundo_bege.jpg  used on input lin
e 457. on input line 457.
Package pdftex.def Info: Requested size: 521.43968pt x 422.06007pt on input lin
e 457.
File: metagreen.pdf Graphic file (type pdf)
<use metagreen.pdf>
Package pdftex.def Info: metagreen.pdf  used on input line 457. on input line 4
57.
Package pdftex.def Info: Requested size: 26.01483pt x 72.26761pt on input line 
457.
 [26]
File: ../../figs_genericas/fundo_bege.jpg Graphic file (type jpg)
<use ../../figs_genericas/fundo_bege.jpg>
Package pdftex.def Info: ../../figs_genericas/fundo_bege.jpg  used on input lin
e 464. on input line 464.
Package pdftex.def Info: Requested size: 521.43968pt x 422.06007pt on input lin
e 464.
File: metagray.pdf Graphic file (type pdf)
<use metagray.pdf>
Package pdftex.def Info: metagray.pdf  used on input line 464. on input line 46
4.
Package pdftex.def Info: Requested size: 26.01483pt x 72.26761pt on input line 
464.
 [27]
File: ../../figs_genericas/fundo_bege.jpg Graphic file (type jpg)
<use ../../figs_genericas/fundo_bege.jpg>
Package pdftex.def Info: ../../figs_genericas/fundo_bege.jpg  used on input lin
e 475. on input line 475.
Package pdftex.def Info: Requested size: 521.43968pt x 422.06007pt on input lin
e 475.
File: metagreen.pdf Graphic file (type pdf)
<use metagreen.pdf>
Package pdftex.def Info: metagreen.pdf  used on input line 475. on input line 4
75.
Package pdftex.def Info: Requested size: 26.01483pt x 72.26761pt on input line 
475.
 [28]
File: ../../figs_genericas/fundo_bege.jpg Graphic file (type jpg)
<use ../../figs_genericas/fundo_bege.jpg>
Package pdftex.def Info: ../../figs_genericas/fundo_bege.jpg  used on input lin
e 484. on input line 484.
Package pdftex.def Info: Requested size: 521.43968pt x 422.06007pt on input lin
e 484.
File: metagray.pdf Graphic file (type pdf)
<use metagray.pdf>
Package pdftex.def Info: metagray.pdf  used on input line 484. on input line 48
4.
Package pdftex.def Info: Requested size: 26.01483pt x 72.26761pt on input line 
484.
 [29]
File: ../../figs_genericas/fundo_bege.jpg Graphic file (type jpg)
<use ../../figs_genericas/fundo_bege.jpg>
Package pdftex.def Info: ../../figs_genericas/fundo_bege.jpg  used on input lin
e 507. on input line 507.
Package pdftex.def Info: Requested size: 521.43968pt x 422.06007pt on input lin
e 507.
File: metagreen.pdf Graphic file (type pdf)
<use metagreen.pdf>
Package pdftex.def Info: metagreen.pdf  used on input line 507. on input line 5
07.
Package pdftex.def Info: Requested size: 26.01483pt x 72.26761pt on input line 
507.
 [30]
File: ../../figs_genericas/fundo_bege.jpg Graphic file (type jpg)
<use ../../figs_genericas/fundo_bege.jpg>
Package pdftex.def Info: ../../figs_genericas/fundo_bege.jpg  used on input lin
e 511. on input line 511.
Package pdftex.def Info: Requested size: 521.43968pt x 422.06007pt on input lin
e 511.
File: metagray.pdf Graphic file (type pdf)
<use metagray.pdf>
Package pdftex.def Info: metagray.pdf  used on input line 511. on input line 51
1.
Package pdftex.def Info: Requested size: 26.01483pt x 72.26761pt on input line 
511.
 [31]
File: ../../figs_genericas/fundo_bege.jpg Graphic file (type jpg)
<use ../../figs_genericas/fundo_bege.jpg>
Package pdftex.def Info: ../../figs_genericas/fundo_bege.jpg  used on input lin
e 523. on input line 523.
Package pdftex.def Info: Requested size: 521.43968pt x 422.06007pt on input lin
e 523.
File: metagreen.pdf Graphic file (type pdf)
<use metagreen.pdf>
Package pdftex.def Info: metagreen.pdf  used on input line 523. on input line 5
23.
Package pdftex.def Info: Requested size: 26.01483pt x 72.26761pt on input line 
523.
 [32]
File: ../../figs_genericas/fundo_bege.jpg Graphic file (type jpg)
<use ../../figs_genericas/fundo_bege.jpg>
Package pdftex.def Info: ../../figs_genericas/fundo_bege.jpg  used on input lin
e 536. on input line 536.
Package pdftex.def Info: Requested size: 521.43968pt x 422.06007pt on input lin
e 536.
File: metagray.pdf Graphic file (type pdf)
<use metagray.pdf>
Package pdftex.def Info: metagray.pdf  used on input line 536. on input line 53
6.
Package pdftex.def Info: Requested size: 26.01483pt x 72.26761pt on input line 
536.
 [33]
File: ../../figs_genericas/fundo_bege.jpg Graphic file (type jpg)
<use ../../figs_genericas/fundo_bege.jpg>
Package pdftex.def Info: ../../figs_genericas/fundo_bege.jpg  used on input lin
e 547. on input line 547.
Package pdftex.def Info: Requested size: 521.43968pt x 422.06007pt on input lin
e 547.
File: metagreen.pdf Graphic file (type pdf)
<use metagreen.pdf>
Package pdftex.def Info: metagreen.pdf  used on input line 547. on input line 5
47.
Package pdftex.def Info: Requested size: 26.01483pt x 72.26761pt on input line 
547.
 [34]
File: ../../figs_genericas/fundo_bege.jpg Graphic file (type jpg)
<use ../../figs_genericas/fundo_bege.jpg>
Package pdftex.def Info: ../../figs_genericas/fundo_bege.jpg  used on input lin
e 559. on input line 559.
Package pdftex.def Info: Requested size: 521.43968pt x 422.06007pt on input lin
e 559.
File: metagray.pdf Graphic file (type pdf)
<use metagray.pdf>
Package pdftex.def Info: metagray.pdf  used on input line 559. on input line 55
9.
Package pdftex.def Info: Requested size: 26.01483pt x 72.26761pt on input line 
559.
 [35]
Underfull \hbox (badness 10000) in paragraph at lines 561--563

 []

File: ../../figs_genericas/fundo_bege.jpg Graphic file (type jpg)
<use ../../figs_genericas/fundo_bege.jpg>
Package pdftex.def Info: ../../figs_genericas/fundo_bege.jpg  used on input lin
e 573. on input line 573.
Package pdftex.def Info: Requested size: 521.43968pt x 422.06007pt on input lin
e 573.
File: metagreen.pdf Graphic file (type pdf)
<use metagreen.pdf>
Package pdftex.def Info: metagreen.pdf  used on input line 573. on input line 5
73.
Package pdftex.def Info: Requested size: 26.01483pt x 72.26761pt on input line 
573.
[36]
Package atveryend Info: Empty hook `BeforeClearDocument' on input line 573.
Package atveryend Info: Empty hook `AfterLastShipout' on input line 573.
 (./rapidas_linux.aux)
Package atveryend Info: Executing hook `AtVeryEndDocument' on input line 573.
Package atveryend Info: Executing hook `AtEndAfterFileList' on input line 573.
Package rerunfilecheck Info: File `rapidas_linux.out' has not changed.
(rerunfilecheck)             Checksum: CF6643DE0E059A1E8A998DAEE86249BA;746.


LaTeX Font Warning: Size substitutions with differences
(Font)              up to 4.17pt have occurred.

Package atveryend Info: Empty hook `AtVeryVeryEnd' on input line 573.
 ) 
Here is how much of TeX's memory you used:
 9189 strings out of 492985
 129333 string characters out of 6138638
 237398 words of memory out of 5000000
 12522 multiletter control sequences out of 15000+600000
 22133 words of font info for 63 fonts, out of 8000000 for 9000
 1141 hyphenation exceptions out of 8191
 41i,14n,32p,315b,586s stack positions out of 5000i,500n,10000p,200000b,80000s
{/usr/share/texmf-dist/fonts/enc/dvips/cm-super/cm-super-t1.enc}</usr/share/t
exmf-dist/fonts/type1/public/amsfonts/cm/cmr17.pfb></usr/share/texmf-dist/fonts
/type1/public/amsfonts/cm/cmsy10.pfb></usr/share/texmf-dist/fonts/type1/public/
amsfonts/symbols/msam10.pfb></usr/share/texmf-dist/fonts/type1/public/cm-super/
sfbi1728.pfb></usr/share/texmf-dist/fonts/type1/public/cm-super/sfbi2488.pfb></
usr/share/texmf-dist/fonts/type1/public/cm-super/sfbx1728.pfb></usr/share/texmf
-dist/fonts/type1/public/cm-super/sfbx2488.pfb></usr/share/texmf-dist/fonts/typ
e1/public/cm-super/sfrm1728.pfb></usr/share/texmf-dist/fonts/type1/public/cm-su
per/sfss1095.pfb></usr/share/texmf-dist/fonts/type1/public/cm-super/sfss1728.pf
b></usr/share/texmf-dist/fonts/type1/public/cm-super/sfss2488.pfb></usr/share/t
exmf-dist/fonts/type1/public/cm-super/sfss3583.pfb></usr/share/texmf-dist/fonts
/type1/public/cm-super/sfti1728.pfb></usr/share/texmf-dist/fonts/type1/public/c
m-super/sftt1728.pfb></usr/share/texmf-dist/fonts/type1/urw/zapfding/uzdr.pfb>
Output written on rapidas_linux.pdf (36 pages, 1318928 bytes).
PDF statistics:
 580 PDF objects out of 1000 (max. 8388607)
 510 compressed objects within 6 object streams
 60 named destinations out of 1000 (max. 500000)
 155 words of extra memory for PDF output out of 10000 (max. 10000000)

